[1.069s] Invoking command in '/home/wagw/openpose_ws/src/openpose_controller': PYTHONPATH=/home/wagw/openpose_ws/build/openpose_controller/prefix_override:/home/wagw/openpose_ws/install/openpose_controller/lib/python3.10/site-packages:${PYTHONPATH} /usr/bin/python3 setup.py egg_info --egg-base ../../build/openpose_controller build --build-base /home/wagw/openpose_ws/build/openpose_controller/build install --record /home/wagw/openpose_ws/build/openpose_controller/install.log --single-version-externally-managed
[1.349s] running egg_info
[1.350s] creating ../../build/openpose_controller/openpose_controller.egg-info
[1.350s] writing ../../build/openpose_controller/openpose_controller.egg-info/PKG-INFO
[1.351s] writing dependency_links to ../../build/openpose_controller/openpose_controller.egg-info/dependency_links.txt
[1.351s] writing entry points to ../../build/openpose_controller/openpose_controller.egg-info/entry_points.txt
[1.351s] writing requirements to ../../build/openpose_controller/openpose_controller.egg-info/requires.txt
[1.352s] writing top-level names to ../../build/openpose_controller/openpose_controller.egg-info/top_level.txt
[1.352s] writing manifest file '../../build/openpose_controller/openpose_controller.egg-info/SOURCES.txt'
[1.353s] reading manifest file '../../build/openpose_controller/openpose_controller.egg-info/SOURCES.txt'
[1.354s] writing manifest file '../../build/openpose_controller/openpose_controller.egg-info/SOURCES.txt'
[1.354s] running build
[1.355s] running build_py
[1.355s] creating /home/wagw/openpose_ws/build/openpose_controller/build
[1.355s] creating /home/wagw/openpose_ws/build/openpose_controller/build/lib
[1.355s] creating /home/wagw/openpose_ws/build/openpose_controller/build/lib/openpose_controller
[1.356s] copying openpose_controller/openpose_node.py -> /home/wagw/openpose_ws/build/openpose_controller/build/lib/openpose_controller
[1.356s] copying openpose_controller/__init__.py -> /home/wagw/openpose_ws/build/openpose_controller/build/lib/openpose_controller
[1.356s] running install
[1.357s] running install_lib
[1.358s] creating /home/wagw/openpose_ws/install/openpose_controller/lib/python3.10/site-packages/openpose_controller
[1.358s] copying /home/wagw/openpose_ws/build/openpose_controller/build/lib/openpose_controller/openpose_node.py -> /home/wagw/openpose_ws/install/openpose_controller/lib/python3.10/site-packages/openpose_controller
[1.358s] copying /home/wagw/openpose_ws/build/openpose_controller/build/lib/openpose_controller/__init__.py -> /home/wagw/openpose_ws/install/openpose_controller/lib/python3.10/site-packages/openpose_controller
[1.359s] byte-compiling /home/wagw/openpose_ws/install/openpose_controller/lib/python3.10/site-packages/openpose_controller/openpose_node.py to openpose_node.cpython-310.pyc
[1.360s] byte-compiling /home/wagw/openpose_ws/install/openpose_controller/lib/python3.10/site-packages/openpose_controller/__init__.py to __init__.cpython-310.pyc
[1.360s] running install_data
[1.360s] creating /home/wagw/openpose_ws/install/openpose_controller/share/ament_index
[1.361s] creating /home/wagw/openpose_ws/install/openpose_controller/share/ament_index/resource_index
[1.361s] creating /home/wagw/openpose_ws/install/openpose_controller/share/ament_index/resource_index/packages
[1.361s] copying resource/openpose_controller -> /home/wagw/openpose_ws/install/openpose_controller/share/ament_index/resource_index/packages
[1.361s] copying package.xml -> /home/wagw/openpose_ws/install/openpose_controller/share/openpose_controller
[1.361s] running install_egg_info
[1.363s] Copying ../../build/openpose_controller/openpose_controller.egg-info to /home/wagw/openpose_ws/install/openpose_controller/lib/python3.10/site-packages/openpose_controller-0.0.0-py3.10.egg-info
[1.364s] running install_scripts
[1.386s] Installing openpose_node script to /home/wagw/openpose_ws/install/openpose_controller/lib/openpose_controller
[1.386s] writing list of installed files to '/home/wagw/openpose_ws/build/openpose_controller/install.log'
[1.410s] Invoked command in '/home/wagw/openpose_ws/src/openpose_controller' returned '0': PYTHONPATH=/home/wagw/openpose_ws/build/openpose_controller/prefix_override:/home/wagw/openpose_ws/install/openpose_controller/lib/python3.10/site-packages:${PYTHONPATH} /usr/bin/python3 setup.py egg_info --egg-base ../../build/openpose_controller build --build-base /home/wagw/openpose_ws/build/openpose_controller/build install --record /home/wagw/openpose_ws/build/openpose_controller/install.log --single-version-externally-managed
