[1.070s] DEBUG:colcon:Command line arguments: ['/usr/bin/colcon', 'build', '--symlink-install']
[1.070s] DEBUG:colcon:Parsed command line arguments: Namespace(log_base=None, log_level=None, verb_name='build', build_base='build', install_base='install', merge_install=False, symlink_install=True, test_result_base=None, continue_on_error=False, executor='parallel', parallel_workers=4, event_handlers=None, ignore_user_meta=False, metas=['./colcon.meta'], base_paths=['.'], packages_ignore=None, packages_ignore_regex=None, paths=None, packages_up_to=None, packages_up_to_regex=None, packages_above=None, packages_above_and_dependencies=None, packages_above_depth=None, packages_select_by_dep=None, packages_skip_by_dep=None, packages_skip_up_to=None, packages_select_build_failed=False, packages_skip_build_finished=False, packages_select_test_failures=False, packages_skip_test_passed=False, packages_select=None, packages_skip=None, packages_select_regex=None, packages_skip_regex=None, packages_start=None, packages_end=None, allow_overriding=[], cmake_args=None, cmake_target=None, cmake_target_skip_unavailable=False, cmake_clean_cache=False, cmake_clean_first=False, cmake_force_configure=False, ament_cmake_args=None, catkin_cmake_args=None, catkin_skip_building_tests=False, verb_parser=<colcon_defaults.argument_parser.defaults.DefaultArgumentsDecorator object at 0x7f3f32a0c910>, verb_extension=<colcon_core.verb.build.BuildVerb object at 0x7f3f32e72da0>, main=<bound method BuildVerb.main of <colcon_core.verb.build.BuildVerb object at 0x7f3f32e72da0>>)
[1.118s] Level 1:colcon.colcon_core.package_discovery:discover_packages(colcon_meta) check parameters
[1.118s] Level 1:colcon.colcon_core.package_discovery:discover_packages(recursive) check parameters
[1.118s] Level 1:colcon.colcon_core.package_discovery:discover_packages(ignore) check parameters
[1.118s] Level 1:colcon.colcon_core.package_discovery:discover_packages(path) check parameters
[1.118s] Level 1:colcon.colcon_core.package_discovery:discover_packages(colcon_meta) discover
[1.118s] Level 1:colcon.colcon_core.package_discovery:discover_packages(recursive) discover
[1.118s] INFO:colcon.colcon_core.package_discovery:Crawling recursively for packages in '/home/jackson/AI-RedBack-Vision/franka_ws'
[1.118s] Level 1:colcon.colcon_core.package_identification:_identify(.) by extensions ['ignore', 'ignore_ament_install']
[1.118s] Level 1:colcon.colcon_core.package_identification:_identify(.) by extension 'ignore'
[1.118s] Level 1:colcon.colcon_core.package_identification:_identify(.) by extension 'ignore_ament_install'
[1.119s] Level 1:colcon.colcon_core.package_identification:_identify(.) by extensions ['colcon_pkg']
[1.119s] Level 1:colcon.colcon_core.package_identification:_identify(.) by extension 'colcon_pkg'
[1.119s] Level 1:colcon.colcon_core.package_identification:_identify(.) by extensions ['colcon_meta']
[1.119s] Level 1:colcon.colcon_core.package_identification:_identify(.) by extension 'colcon_meta'
[1.119s] Level 1:colcon.colcon_core.package_identification:_identify(.) by extensions ['ros']
[1.119s] Level 1:colcon.colcon_core.package_identification:_identify(.) by extension 'ros'
[1.129s] Level 1:colcon.colcon_core.package_identification:_identify(.) by extensions ['cmake', 'python']
[1.129s] Level 1:colcon.colcon_core.package_identification:_identify(.) by extension 'cmake'
[1.129s] Level 1:colcon.colcon_core.package_identification:_identify(.) by extension 'python'
[1.129s] Level 1:colcon.colcon_core.package_identification:_identify(.) by extensions ['python_setup_py']
[1.129s] Level 1:colcon.colcon_core.package_identification:_identify(.) by extension 'python_setup_py'
[1.130s] Level 1:colcon.colcon_core.package_identification:_identify(build) by extensions ['ignore', 'ignore_ament_install']
[1.130s] Level 1:colcon.colcon_core.package_identification:_identify(build) by extension 'ignore'
[1.130s] Level 1:colcon.colcon_core.package_identification:_identify(build) ignored
[1.130s] Level 1:colcon.colcon_core.package_identification:_identify(install) by extensions ['ignore', 'ignore_ament_install']
[1.130s] Level 1:colcon.colcon_core.package_identification:_identify(install) by extension 'ignore'
[1.130s] Level 1:colcon.colcon_core.package_identification:_identify(install) ignored
[1.130s] Level 1:colcon.colcon_core.package_identification:_identify(log) by extensions ['ignore', 'ignore_ament_install']
[1.130s] Level 1:colcon.colcon_core.package_identification:_identify(log) by extension 'ignore'
[1.130s] Level 1:colcon.colcon_core.package_identification:_identify(log) ignored
[1.130s] Level 1:colcon.colcon_core.package_identification:_identify(src) by extensions ['ignore', 'ignore_ament_install']
[1.130s] Level 1:colcon.colcon_core.package_identification:_identify(src) by extension 'ignore'
[1.130s] Level 1:colcon.colcon_core.package_identification:_identify(src) by extension 'ignore_ament_install'
[1.130s] Level 1:colcon.colcon_core.package_identification:_identify(src) by extensions ['colcon_pkg']
[1.131s] Level 1:colcon.colcon_core.package_identification:_identify(src) by extension 'colcon_pkg'
[1.131s] Level 1:colcon.colcon_core.package_identification:_identify(src) by extensions ['colcon_meta']
[1.131s] Level 1:colcon.colcon_core.package_identification:_identify(src) by extension 'colcon_meta'
[1.131s] Level 1:colcon.colcon_core.package_identification:_identify(src) by extensions ['ros']
[1.131s] Level 1:colcon.colcon_core.package_identification:_identify(src) by extension 'ros'
[1.131s] Level 1:colcon.colcon_core.package_identification:_identify(src) by extensions ['cmake', 'python']
[1.131s] Level 1:colcon.colcon_core.package_identification:_identify(src) by extension 'cmake'
[1.131s] Level 1:colcon.colcon_core.package_identification:_identify(src) by extension 'python'
[1.131s] Level 1:colcon.colcon_core.package_identification:_identify(src) by extensions ['python_setup_py']
[1.131s] Level 1:colcon.colcon_core.package_identification:_identify(src) by extension 'python_setup_py'
[1.131s] Level 1:colcon.colcon_core.package_identification:_identify(src/depth_estimator) by extensions ['ignore', 'ignore_ament_install']
[1.131s] Level 1:colcon.colcon_core.package_identification:_identify(src/depth_estimator) by extension 'ignore'
[1.131s] Level 1:colcon.colcon_core.package_identification:_identify(src/depth_estimator) by extension 'ignore_ament_install'
[1.131s] Level 1:colcon.colcon_core.package_identification:_identify(src/depth_estimator) by extensions ['colcon_pkg']
[1.131s] Level 1:colcon.colcon_core.package_identification:_identify(src/depth_estimator) by extension 'colcon_pkg'
[1.131s] Level 1:colcon.colcon_core.package_identification:_identify(src/depth_estimator) by extensions ['colcon_meta']
[1.131s] Level 1:colcon.colcon_core.package_identification:_identify(src/depth_estimator) by extension 'colcon_meta'
[1.131s] Level 1:colcon.colcon_core.package_identification:_identify(src/depth_estimator) by extensions ['ros']
[1.131s] Level 1:colcon.colcon_core.package_identification:_identify(src/depth_estimator) by extension 'ros'
[1.134s] DEBUG:colcon.colcon_core.package_identification:Package 'src/depth_estimator' with type 'ros.ament_python' and name 'depth_estimator'
[1.134s] Level 1:colcon.colcon_core.package_identification:_identify(src/object_detector) by extensions ['ignore', 'ignore_ament_install']
[1.134s] Level 1:colcon.colcon_core.package_identification:_identify(src/object_detector) by extension 'ignore'
[1.134s] Level 1:colcon.colcon_core.package_identification:_identify(src/object_detector) by extension 'ignore_ament_install'
[1.134s] Level 1:colcon.colcon_core.package_identification:_identify(src/object_detector) by extensions ['colcon_pkg']
[1.134s] Level 1:colcon.colcon_core.package_identification:_identify(src/object_detector) by extension 'colcon_pkg'
[1.134s] Level 1:colcon.colcon_core.package_identification:_identify(src/object_detector) by extensions ['colcon_meta']
[1.134s] Level 1:colcon.colcon_core.package_identification:_identify(src/object_detector) by extension 'colcon_meta'
[1.134s] Level 1:colcon.colcon_core.package_identification:_identify(src/object_detector) by extensions ['ros']
[1.134s] Level 1:colcon.colcon_core.package_identification:_identify(src/object_detector) by extension 'ros'
[1.135s] DEBUG:colcon.colcon_core.package_identification:Package 'src/object_detector' with type 'ros.ament_python' and name 'object_detector'
[1.135s] Level 1:colcon.colcon_core.package_identification:_identify(src/runs) by extensions ['ignore', 'ignore_ament_install']
[1.135s] Level 1:colcon.colcon_core.package_identification:_identify(src/runs) by extension 'ignore'
[1.135s] Level 1:colcon.colcon_core.package_identification:_identify(src/runs) by extension 'ignore_ament_install'
[1.135s] Level 1:colcon.colcon_core.package_identification:_identify(src/runs) by extensions ['colcon_pkg']
[1.135s] Level 1:colcon.colcon_core.package_identification:_identify(src/runs) by extension 'colcon_pkg'
[1.135s] Level 1:colcon.colcon_core.package_identification:_identify(src/runs) by extensions ['colcon_meta']
[1.135s] Level 1:colcon.colcon_core.package_identification:_identify(src/runs) by extension 'colcon_meta'
[1.135s] Level 1:colcon.colcon_core.package_identification:_identify(src/runs) by extensions ['ros']
[1.135s] Level 1:colcon.colcon_core.package_identification:_identify(src/runs) by extension 'ros'
[1.136s] Level 1:colcon.colcon_core.package_identification:_identify(src/runs) by extensions ['cmake', 'python']
[1.136s] Level 1:colcon.colcon_core.package_identification:_identify(src/runs) by extension 'cmake'
[1.136s] Level 1:colcon.colcon_core.package_identification:_identify(src/runs) by extension 'python'
[1.136s] Level 1:colcon.colcon_core.package_identification:_identify(src/runs) by extensions ['python_setup_py']
[1.136s] Level 1:colcon.colcon_core.package_identification:_identify(src/runs) by extension 'python_setup_py'
[1.136s] Level 1:colcon.colcon_core.package_identification:_identify(src/runs/detect) by extensions ['ignore', 'ignore_ament_install']
[1.136s] Level 1:colcon.colcon_core.package_identification:_identify(src/runs/detect) by extension 'ignore'
[1.136s] Level 1:colcon.colcon_core.package_identification:_identify(src/runs/detect) by extension 'ignore_ament_install'
[1.136s] Level 1:colcon.colcon_core.package_identification:_identify(src/runs/detect) by extensions ['colcon_pkg']
[1.136s] Level 1:colcon.colcon_core.package_identification:_identify(src/runs/detect) by extension 'colcon_pkg'
[1.136s] Level 1:colcon.colcon_core.package_identification:_identify(src/runs/detect) by extensions ['colcon_meta']
[1.136s] Level 1:colcon.colcon_core.package_identification:_identify(src/runs/detect) by extension 'colcon_meta'
[1.136s] Level 1:colcon.colcon_core.package_identification:_identify(src/runs/detect) by extensions ['ros']
[1.136s] Level 1:colcon.colcon_core.package_identification:_identify(src/runs/detect) by extension 'ros'
[1.136s] Level 1:colcon.colcon_core.package_identification:_identify(src/runs/detect) by extensions ['cmake', 'python']
[1.136s] Level 1:colcon.colcon_core.package_identification:_identify(src/runs/detect) by extension 'cmake'
[1.136s] Level 1:colcon.colcon_core.package_identification:_identify(src/runs/detect) by extension 'python'
[1.136s] Level 1:colcon.colcon_core.package_identification:_identify(src/runs/detect) by extensions ['python_setup_py']
[1.136s] Level 1:colcon.colcon_core.package_identification:_identify(src/runs/detect) by extension 'python_setup_py'
[1.136s] Level 1:colcon.colcon_core.package_identification:_identify(src/runs/detect/predict) by extensions ['ignore', 'ignore_ament_install']
[1.137s] Level 1:colcon.colcon_core.package_identification:_identify(src/runs/detect/predict) by extension 'ignore'
[1.137s] Level 1:colcon.colcon_core.package_identification:_identify(src/runs/detect/predict) by extension 'ignore_ament_install'
[1.137s] Level 1:colcon.colcon_core.package_identification:_identify(src/runs/detect/predict) by extensions ['colcon_pkg']
[1.137s] Level 1:colcon.colcon_core.package_identification:_identify(src/runs/detect/predict) by extension 'colcon_pkg'
[1.137s] Level 1:colcon.colcon_core.package_identification:_identify(src/runs/detect/predict) by extensions ['colcon_meta']
[1.137s] Level 1:colcon.colcon_core.package_identification:_identify(src/runs/detect/predict) by extension 'colcon_meta'
[1.137s] Level 1:colcon.colcon_core.package_identification:_identify(src/runs/detect/predict) by extensions ['ros']
[1.137s] Level 1:colcon.colcon_core.package_identification:_identify(src/runs/detect/predict) by extension 'ros'
[1.137s] Level 1:colcon.colcon_core.package_identification:_identify(src/runs/detect/predict) by extensions ['cmake', 'python']
[1.137s] Level 1:colcon.colcon_core.package_identification:_identify(src/runs/detect/predict) by extension 'cmake'
[1.137s] Level 1:colcon.colcon_core.package_identification:_identify(src/runs/detect/predict) by extension 'python'
[1.137s] Level 1:colcon.colcon_core.package_identification:_identify(src/runs/detect/predict) by extensions ['python_setup_py']
[1.137s] Level 1:colcon.colcon_core.package_identification:_identify(src/runs/detect/predict) by extension 'python_setup_py'
[1.137s] Level 1:colcon.colcon_core.package_identification:_identify(src/runs/detect/predict2) by extensions ['ignore', 'ignore_ament_install']
[1.137s] Level 1:colcon.colcon_core.package_identification:_identify(src/runs/detect/predict2) by extension 'ignore'
[1.138s] Level 1:colcon.colcon_core.package_identification:_identify(src/runs/detect/predict2) by extension 'ignore_ament_install'
[1.138s] Level 1:colcon.colcon_core.package_identification:_identify(src/runs/detect/predict2) by extensions ['colcon_pkg']
[1.138s] Level 1:colcon.colcon_core.package_identification:_identify(src/runs/detect/predict2) by extension 'colcon_pkg'
[1.138s] Level 1:colcon.colcon_core.package_identification:_identify(src/runs/detect/predict2) by extensions ['colcon_meta']
[1.138s] Level 1:colcon.colcon_core.package_identification:_identify(src/runs/detect/predict2) by extension 'colcon_meta'
[1.138s] Level 1:colcon.colcon_core.package_identification:_identify(src/runs/detect/predict2) by extensions ['ros']
[1.138s] Level 1:colcon.colcon_core.package_identification:_identify(src/runs/detect/predict2) by extension 'ros'
[1.138s] Level 1:colcon.colcon_core.package_identification:_identify(src/runs/detect/predict2) by extensions ['cmake', 'python']
[1.138s] Level 1:colcon.colcon_core.package_identification:_identify(src/runs/detect/predict2) by extension 'cmake'
[1.138s] Level 1:colcon.colcon_core.package_identification:_identify(src/runs/detect/predict2) by extension 'python'
[1.138s] Level 1:colcon.colcon_core.package_identification:_identify(src/runs/detect/predict2) by extensions ['python_setup_py']
[1.138s] Level 1:colcon.colcon_core.package_identification:_identify(src/runs/detect/predict2) by extension 'python_setup_py'
[1.138s] Level 1:colcon.colcon_core.package_identification:_identify(src/runs/detect/predict3) by extensions ['ignore', 'ignore_ament_install']
[1.138s] Level 1:colcon.colcon_core.package_identification:_identify(src/runs/detect/predict3) by extension 'ignore'
[1.138s] Level 1:colcon.colcon_core.package_identification:_identify(src/runs/detect/predict3) by extension 'ignore_ament_install'
[1.138s] Level 1:colcon.colcon_core.package_identification:_identify(src/runs/detect/predict3) by extensions ['colcon_pkg']
[1.138s] Level 1:colcon.colcon_core.package_identification:_identify(src/runs/detect/predict3) by extension 'colcon_pkg'
[1.138s] Level 1:colcon.colcon_core.package_identification:_identify(src/runs/detect/predict3) by extensions ['colcon_meta']
[1.139s] Level 1:colcon.colcon_core.package_identification:_identify(src/runs/detect/predict3) by extension 'colcon_meta'
[1.139s] Level 1:colcon.colcon_core.package_identification:_identify(src/runs/detect/predict3) by extensions ['ros']
[1.139s] Level 1:colcon.colcon_core.package_identification:_identify(src/runs/detect/predict3) by extension 'ros'
[1.139s] Level 1:colcon.colcon_core.package_identification:_identify(src/runs/detect/predict3) by extensions ['cmake', 'python']
[1.139s] Level 1:colcon.colcon_core.package_identification:_identify(src/runs/detect/predict3) by extension 'cmake'
[1.139s] Level 1:colcon.colcon_core.package_identification:_identify(src/runs/detect/predict3) by extension 'python'
[1.139s] Level 1:colcon.colcon_core.package_identification:_identify(src/runs/detect/predict3) by extensions ['python_setup_py']
[1.139s] Level 1:colcon.colcon_core.package_identification:_identify(src/runs/detect/predict3) by extension 'python_setup_py'
[1.139s] Level 1:colcon.colcon_core.package_identification:_identify(src/runs/detect/predict4) by extensions ['ignore', 'ignore_ament_install']
[1.139s] Level 1:colcon.colcon_core.package_identification:_identify(src/runs/detect/predict4) by extension 'ignore'
[1.139s] Level 1:colcon.colcon_core.package_identification:_identify(src/runs/detect/predict4) by extension 'ignore_ament_install'
[1.139s] Level 1:colcon.colcon_core.package_identification:_identify(src/runs/detect/predict4) by extensions ['colcon_pkg']
[1.139s] Level 1:colcon.colcon_core.package_identification:_identify(src/runs/detect/predict4) by extension 'colcon_pkg'
[1.139s] Level 1:colcon.colcon_core.package_identification:_identify(src/runs/detect/predict4) by extensions ['colcon_meta']
[1.139s] Level 1:colcon.colcon_core.package_identification:_identify(src/runs/detect/predict4) by extension 'colcon_meta'
[1.139s] Level 1:colcon.colcon_core.package_identification:_identify(src/runs/detect/predict4) by extensions ['ros']
[1.139s] Level 1:colcon.colcon_core.package_identification:_identify(src/runs/detect/predict4) by extension 'ros'
[1.139s] Level 1:colcon.colcon_core.package_identification:_identify(src/runs/detect/predict4) by extensions ['cmake', 'python']
[1.139s] Level 1:colcon.colcon_core.package_identification:_identify(src/runs/detect/predict4) by extension 'cmake'
[1.139s] Level 1:colcon.colcon_core.package_identification:_identify(src/runs/detect/predict4) by extension 'python'
[1.140s] Level 1:colcon.colcon_core.package_identification:_identify(src/runs/detect/predict4) by extensions ['python_setup_py']
[1.140s] Level 1:colcon.colcon_core.package_identification:_identify(src/runs/detect/predict4) by extension 'python_setup_py'
[1.140s] Level 1:colcon.colcon_core.package_identification:_identify(src/runs/detect/predict5) by extensions ['ignore', 'ignore_ament_install']
[1.140s] Level 1:colcon.colcon_core.package_identification:_identify(src/runs/detect/predict5) by extension 'ignore'
[1.140s] Level 1:colcon.colcon_core.package_identification:_identify(src/runs/detect/predict5) by extension 'ignore_ament_install'
[1.140s] Level 1:colcon.colcon_core.package_identification:_identify(src/runs/detect/predict5) by extensions ['colcon_pkg']
[1.140s] Level 1:colcon.colcon_core.package_identification:_identify(src/runs/detect/predict5) by extension 'colcon_pkg'
[1.140s] Level 1:colcon.colcon_core.package_identification:_identify(src/runs/detect/predict5) by extensions ['colcon_meta']
[1.140s] Level 1:colcon.colcon_core.package_identification:_identify(src/runs/detect/predict5) by extension 'colcon_meta'
[1.140s] Level 1:colcon.colcon_core.package_identification:_identify(src/runs/detect/predict5) by extensions ['ros']
[1.140s] Level 1:colcon.colcon_core.package_identification:_identify(src/runs/detect/predict5) by extension 'ros'
[1.140s] Level 1:colcon.colcon_core.package_identification:_identify(src/runs/detect/predict5) by extensions ['cmake', 'python']
[1.140s] Level 1:colcon.colcon_core.package_identification:_identify(src/runs/detect/predict5) by extension 'cmake'
[1.140s] Level 1:colcon.colcon_core.package_identification:_identify(src/runs/detect/predict5) by extension 'python'
[1.140s] Level 1:colcon.colcon_core.package_identification:_identify(src/runs/detect/predict5) by extensions ['python_setup_py']
[1.140s] Level 1:colcon.colcon_core.package_identification:_identify(src/runs/detect/predict5) by extension 'python_setup_py'
[1.140s] Level 1:colcon.colcon_core.package_identification:_identify(src/runs/detect/predict6) by extensions ['ignore', 'ignore_ament_install']
[1.140s] Level 1:colcon.colcon_core.package_identification:_identify(src/runs/detect/predict6) by extension 'ignore'
[1.140s] Level 1:colcon.colcon_core.package_identification:_identify(src/runs/detect/predict6) by extension 'ignore_ament_install'
[1.140s] Level 1:colcon.colcon_core.package_identification:_identify(src/runs/detect/predict6) by extensions ['colcon_pkg']
[1.141s] Level 1:colcon.colcon_core.package_identification:_identify(src/runs/detect/predict6) by extension 'colcon_pkg'
[1.141s] Level 1:colcon.colcon_core.package_identification:_identify(src/runs/detect/predict6) by extensions ['colcon_meta']
[1.141s] Level 1:colcon.colcon_core.package_identification:_identify(src/runs/detect/predict6) by extension 'colcon_meta'
[1.141s] Level 1:colcon.colcon_core.package_identification:_identify(src/runs/detect/predict6) by extensions ['ros']
[1.141s] Level 1:colcon.colcon_core.package_identification:_identify(src/runs/detect/predict6) by extension 'ros'
[1.141s] Level 1:colcon.colcon_core.package_identification:_identify(src/runs/detect/predict6) by extensions ['cmake', 'python']
[1.141s] Level 1:colcon.colcon_core.package_identification:_identify(src/runs/detect/predict6) by extension 'cmake'
[1.141s] Level 1:colcon.colcon_core.package_identification:_identify(src/runs/detect/predict6) by extension 'python'
[1.141s] Level 1:colcon.colcon_core.package_identification:_identify(src/runs/detect/predict6) by extensions ['python_setup_py']
[1.141s] Level 1:colcon.colcon_core.package_identification:_identify(src/runs/detect/predict6) by extension 'python_setup_py'
[1.141s] Level 1:colcon.colcon_core.package_identification:_identify(src/runs/detect/predict7) by extensions ['ignore', 'ignore_ament_install']
[1.141s] Level 1:colcon.colcon_core.package_identification:_identify(src/runs/detect/predict7) by extension 'ignore'
[1.141s] Level 1:colcon.colcon_core.package_identification:_identify(src/runs/detect/predict7) by extension 'ignore_ament_install'
[1.141s] Level 1:colcon.colcon_core.package_identification:_identify(src/runs/detect/predict7) by extensions ['colcon_pkg']
[1.141s] Level 1:colcon.colcon_core.package_identification:_identify(src/runs/detect/predict7) by extension 'colcon_pkg'
[1.141s] Level 1:colcon.colcon_core.package_identification:_identify(src/runs/detect/predict7) by extensions ['colcon_meta']
[1.141s] Level 1:colcon.colcon_core.package_identification:_identify(src/runs/detect/predict7) by extension 'colcon_meta'
[1.141s] Level 1:colcon.colcon_core.package_identification:_identify(src/runs/detect/predict7) by extensions ['ros']
[1.141s] Level 1:colcon.colcon_core.package_identification:_identify(src/runs/detect/predict7) by extension 'ros'
[1.141s] Level 1:colcon.colcon_core.package_identification:_identify(src/runs/detect/predict7) by extensions ['cmake', 'python']
[1.141s] Level 1:colcon.colcon_core.package_identification:_identify(src/runs/detect/predict7) by extension 'cmake'
[1.141s] Level 1:colcon.colcon_core.package_identification:_identify(src/runs/detect/predict7) by extension 'python'
[1.141s] Level 1:colcon.colcon_core.package_identification:_identify(src/runs/detect/predict7) by extensions ['python_setup_py']
[1.141s] Level 1:colcon.colcon_core.package_identification:_identify(src/runs/detect/predict7) by extension 'python_setup_py'
[1.142s] Level 1:colcon.colcon_core.package_discovery:discover_packages(recursive) using defaults
[1.142s] Level 1:colcon.colcon_core.package_discovery:discover_packages(ignore) discover
[1.142s] Level 1:colcon.colcon_core.package_discovery:discover_packages(ignore) using defaults
[1.142s] Level 1:colcon.colcon_core.package_discovery:discover_packages(path) discover
[1.142s] Level 1:colcon.colcon_core.package_discovery:discover_packages(path) using defaults
[1.238s] Level 1:colcon.colcon_core.package_discovery:discover_packages(prefix_path) check parameters
[1.239s] Level 1:colcon.colcon_core.package_discovery:discover_packages(prefix_path) discover
[1.271s] DEBUG:colcon.colcon_installed_package_information.package_discovery:Found 2 installed packages in /home/jackson/AI-RedBack-Vision/franka_ws/install
[1.295s] DEBUG:colcon.colcon_installed_package_information.package_discovery:Found 1 installed packages in /home/jackson/learn_ros/ros_ws/install
[1.312s] DEBUG:colcon.colcon_installed_package_information.package_discovery:Found 355 installed packages in /opt/ros/humble
[1.313s] Level 1:colcon.colcon_core.package_discovery:discover_packages(prefix_path) using defaults
[1.410s] Level 5:colcon.colcon_core.verb:set package 'depth_estimator' build argument 'cmake_args' from command line to 'None'
[1.410s] Level 5:colcon.colcon_core.verb:set package 'depth_estimator' build argument 'cmake_target' from command line to 'None'
[1.410s] Level 5:colcon.colcon_core.verb:set package 'depth_estimator' build argument 'cmake_target_skip_unavailable' from command line to 'False'
[1.410s] Level 5:colcon.colcon_core.verb:set package 'depth_estimator' build argument 'cmake_clean_cache' from command line to 'False'
[1.410s] Level 5:colcon.colcon_core.verb:set package 'depth_estimator' build argument 'cmake_clean_first' from command line to 'False'
[1.410s] Level 5:colcon.colcon_core.verb:set package 'depth_estimator' build argument 'cmake_force_configure' from command line to 'False'
[1.410s] Level 5:colcon.colcon_core.verb:set package 'depth_estimator' build argument 'ament_cmake_args' from command line to 'None'
[1.410s] Level 5:colcon.colcon_core.verb:set package 'depth_estimator' build argument 'catkin_cmake_args' from command line to 'None'
[1.410s] Level 5:colcon.colcon_core.verb:set package 'depth_estimator' build argument 'catkin_skip_building_tests' from command line to 'False'
[1.410s] DEBUG:colcon.colcon_core.verb:Building package 'depth_estimator' with the following arguments: {'ament_cmake_args': None, 'build_base': '/home/jackson/AI-RedBack-Vision/franka_ws/build/depth_estimator', 'catkin_cmake_args': None, 'catkin_skip_building_tests': False, 'cmake_args': None, 'cmake_clean_cache': False, 'cmake_clean_first': False, 'cmake_force_configure': False, 'cmake_target': None, 'cmake_target_skip_unavailable': False, 'install_base': '/home/jackson/AI-RedBack-Vision/franka_ws/install/depth_estimator', 'merge_install': False, 'path': '/home/jackson/AI-RedBack-Vision/franka_ws/src/depth_estimator', 'symlink_install': True, 'test_result_base': None}
[1.425s] Level 5:colcon.colcon_core.verb:set package 'object_detector' build argument 'cmake_args' from command line to 'None'
[1.426s] Level 5:colcon.colcon_core.verb:set package 'object_detector' build argument 'cmake_target' from command line to 'None'
[1.426s] Level 5:colcon.colcon_core.verb:set package 'object_detector' build argument 'cmake_target_skip_unavailable' from command line to 'False'
[1.426s] Level 5:colcon.colcon_core.verb:set package 'object_detector' build argument 'cmake_clean_cache' from command line to 'False'
[1.426s] Level 5:colcon.colcon_core.verb:set package 'object_detector' build argument 'cmake_clean_first' from command line to 'False'
[1.426s] Level 5:colcon.colcon_core.verb:set package 'object_detector' build argument 'cmake_force_configure' from command line to 'False'
[1.426s] Level 5:colcon.colcon_core.verb:set package 'object_detector' build argument 'ament_cmake_args' from command line to 'None'
[1.426s] Level 5:colcon.colcon_core.verb:set package 'object_detector' build argument 'catkin_cmake_args' from command line to 'None'
[1.426s] Level 5:colcon.colcon_core.verb:set package 'object_detector' build argument 'catkin_skip_building_tests' from command line to 'False'
[1.426s] DEBUG:colcon.colcon_core.verb:Building package 'object_detector' with the following arguments: {'ament_cmake_args': None, 'build_base': '/home/jackson/AI-RedBack-Vision/franka_ws/build/object_detector', 'catkin_cmake_args': None, 'catkin_skip_building_tests': False, 'cmake_args': None, 'cmake_clean_cache': False, 'cmake_clean_first': False, 'cmake_force_configure': False, 'cmake_target': None, 'cmake_target_skip_unavailable': False, 'install_base': '/home/jackson/AI-RedBack-Vision/franka_ws/install/object_detector', 'merge_install': False, 'path': '/home/jackson/AI-RedBack-Vision/franka_ws/src/object_detector', 'symlink_install': True, 'test_result_base': None}
[1.441s] INFO:colcon.colcon_core.executor:Executing jobs using 'parallel' executor
[1.458s] DEBUG:colcon.colcon_parallel_executor.executor.parallel:run_until_complete
[1.458s] INFO:colcon.colcon_ros.task.ament_python.build:Building ROS package in '/home/jackson/AI-RedBack-Vision/franka_ws/src/depth_estimator' with build type 'ament_python'
[1.458s] Level 1:colcon.colcon_core.shell:create_environment_hook('depth_estimator', 'ament_prefix_path')
[1.476s] INFO:colcon.colcon_core.plugin_system:Skipping extension 'colcon_core.shell.bat': Not used on non-Windows systems
[1.476s] INFO:colcon.colcon_core.shell:Creating environment hook '/home/jackson/AI-RedBack-Vision/franka_ws/install/depth_estimator/share/depth_estimator/hook/ament_prefix_path.ps1'
[1.477s] INFO:colcon.colcon_core.shell:Creating environment descriptor '/home/jackson/AI-RedBack-Vision/franka_ws/install/depth_estimator/share/depth_estimator/hook/ament_prefix_path.dsv'
[1.477s] INFO:colcon.colcon_core.shell:Creating environment hook '/home/jackson/AI-RedBack-Vision/franka_ws/install/depth_estimator/share/depth_estimator/hook/ament_prefix_path.sh'
[1.494s] INFO:colcon.colcon_core.shell:Skip shell extension 'powershell' for command environment: Not usable outside of PowerShell
[1.494s] DEBUG:colcon.colcon_core.shell:Skip shell extension 'dsv' for command environment
[1.559s] INFO:colcon.colcon_ros.task.ament_python.build:Building ROS package in '/home/jackson/AI-RedBack-Vision/franka_ws/src/object_detector' with build type 'ament_python'
[1.559s] Level 1:colcon.colcon_core.shell:create_environment_hook('object_detector', 'ament_prefix_path')
[1.575s] INFO:colcon.colcon_core.shell:Creating environment hook '/home/jackson/AI-RedBack-Vision/franka_ws/install/object_detector/share/object_detector/hook/ament_prefix_path.ps1'
[1.576s] INFO:colcon.colcon_core.shell:Creating environment descriptor '/home/jackson/AI-RedBack-Vision/franka_ws/install/object_detector/share/object_detector/hook/ament_prefix_path.dsv'
[1.576s] INFO:colcon.colcon_core.shell:Creating environment hook '/home/jackson/AI-RedBack-Vision/franka_ws/install/object_detector/share/object_detector/hook/ament_prefix_path.sh'
[1.593s] INFO:colcon.colcon_core.shell:Skip shell extension 'powershell' for command environment: Not usable outside of PowerShell
[1.593s] DEBUG:colcon.colcon_core.shell:Skip shell extension 'dsv' for command environment
[1.918s] INFO:colcon.colcon_core.task.python.build:Building Python package in '/home/jackson/AI-RedBack-Vision/franka_ws/src/depth_estimator'
[1.934s] INFO:colcon.colcon_core.shell:Skip shell extension 'powershell' for command environment: Not usable outside of PowerShell
[1.934s] DEBUG:colcon.colcon_core.shell:Skip shell extension 'dsv' for command environment
[2.255s] INFO:colcon.colcon_core.task.python.build:Building Python package in '/home/jackson/AI-RedBack-Vision/franka_ws/src/object_detector'
[2.271s] INFO:colcon.colcon_core.shell:Skip shell extension 'powershell' for command environment: Not usable outside of PowerShell
[2.271s] DEBUG:colcon.colcon_core.shell:Skip shell extension 'dsv' for command environment
[2.703s] DEBUG:colcon.colcon_core.event_handler.log_command:Invoking command in '/home/jackson/AI-RedBack-Vision/franka_ws/build/depth_estimator': PYTHONPATH=/home/jackson/AI-RedBack-Vision/franka_ws/build/depth_estimator/prefix_override:/home/jackson/AI-RedBack-Vision/franka_ws/install/depth_estimator/lib/python3.10/site-packages:${PYTHONPATH} /usr/bin/python3 setup.py develop --editable --build-directory /home/jackson/AI-RedBack-Vision/franka_ws/build/depth_estimator/build --no-deps install_data
[2.706s] DEBUG:colcon.colcon_core.event_handler.log_command:Invoking command in '/home/jackson/AI-RedBack-Vision/franka_ws/build/object_detector': PYTHONPATH=/home/jackson/AI-RedBack-Vision/franka_ws/build/object_detector/prefix_override:/home/jackson/AI-RedBack-Vision/franka_ws/install/object_detector/lib/python3.10/site-packages:${PYTHONPATH} /usr/bin/python3 setup.py develop --editable --build-directory /home/jackson/AI-RedBack-Vision/franka_ws/build/object_detector/build --no-deps install_data
[3.175s] Level 1:colcon.colcon_core.shell:create_environment_hook('depth_estimator', 'pythonpath_develop')
[3.176s] DEBUG:colcon.colcon_core.event_handler.log_command:Invoked command in '/home/jackson/AI-RedBack-Vision/franka_ws/build/depth_estimator' returned '0': PYTHONPATH=/home/jackson/AI-RedBack-Vision/franka_ws/build/depth_estimator/prefix_override:/home/jackson/AI-RedBack-Vision/franka_ws/install/depth_estimator/lib/python3.10/site-packages:${PYTHONPATH} /usr/bin/python3 setup.py develop --editable --build-directory /home/jackson/AI-RedBack-Vision/franka_ws/build/depth_estimator/build --no-deps install_data
[3.192s] INFO:colcon.colcon_core.shell:Creating environment hook '/home/jackson/AI-RedBack-Vision/franka_ws/build/depth_estimator/share/depth_estimator/hook/pythonpath_develop.ps1'
[3.193s] INFO:colcon.colcon_core.shell:Creating environment descriptor '/home/jackson/AI-RedBack-Vision/franka_ws/build/depth_estimator/share/depth_estimator/hook/pythonpath_develop.dsv'
[3.193s] INFO:colcon.colcon_core.shell:Creating environment hook '/home/jackson/AI-RedBack-Vision/franka_ws/build/depth_estimator/share/depth_estimator/hook/pythonpath_develop.sh'
[3.211s] Level 1:colcon.colcon_core.environment:checking '/home/jackson/AI-RedBack-Vision/franka_ws/install/depth_estimator' for CMake module files
[3.211s] Level 1:colcon.colcon_core.environment:checking '/home/jackson/AI-RedBack-Vision/franka_ws/install/depth_estimator' for CMake config files
[3.212s] Level 1:colcon.colcon_core.environment:checking '/home/jackson/AI-RedBack-Vision/franka_ws/install/depth_estimator/lib'
[3.212s] Level 1:colcon.colcon_core.environment:checking '/home/jackson/AI-RedBack-Vision/franka_ws/install/depth_estimator/bin'
[3.212s] Level 1:colcon.colcon_core.environment:checking '/home/jackson/AI-RedBack-Vision/franka_ws/install/depth_estimator/lib/pkgconfig/depth_estimator.pc'
[3.212s] Level 1:colcon.colcon_core.environment:checking '/home/jackson/AI-RedBack-Vision/franka_ws/install/depth_estimator/lib/python3.10/site-packages'
[3.212s] Level 1:colcon.colcon_core.shell:create_environment_hook('depth_estimator', 'pythonpath')
[3.228s] INFO:colcon.colcon_core.shell:Creating environment hook '/home/jackson/AI-RedBack-Vision/franka_ws/install/depth_estimator/share/depth_estimator/hook/pythonpath.ps1'
[3.228s] INFO:colcon.colcon_core.shell:Creating environment descriptor '/home/jackson/AI-RedBack-Vision/franka_ws/install/depth_estimator/share/depth_estimator/hook/pythonpath.dsv'
[3.229s] INFO:colcon.colcon_core.shell:Creating environment hook '/home/jackson/AI-RedBack-Vision/franka_ws/install/depth_estimator/share/depth_estimator/hook/pythonpath.sh'
[3.229s] Level 1:colcon.colcon_core.environment:checking '/home/jackson/AI-RedBack-Vision/franka_ws/install/depth_estimator/bin'
[3.229s] Level 1:colcon.colcon_core.environment:create_environment_scripts_only(depth_estimator)
[3.246s] INFO:colcon.colcon_core.shell:Creating package script '/home/jackson/AI-RedBack-Vision/franka_ws/install/depth_estimator/share/depth_estimator/package.ps1'
[3.247s] INFO:colcon.colcon_core.shell:Creating package descriptor '/home/jackson/AI-RedBack-Vision/franka_ws/install/depth_estimator/share/depth_estimator/package.dsv'
[3.247s] INFO:colcon.colcon_core.shell:Creating package script '/home/jackson/AI-RedBack-Vision/franka_ws/install/depth_estimator/share/depth_estimator/package.sh'
[3.248s] INFO:colcon.colcon_core.shell:Creating package script '/home/jackson/AI-RedBack-Vision/franka_ws/install/depth_estimator/share/depth_estimator/package.bash'
[3.249s] INFO:colcon.colcon_core.shell:Creating package script '/home/jackson/AI-RedBack-Vision/franka_ws/install/depth_estimator/share/depth_estimator/package.zsh'
[3.250s] Level 1:colcon.colcon_core.environment:create_file_with_runtime_dependencies(/home/jackson/AI-RedBack-Vision/franka_ws/install/depth_estimator/share/colcon-core/packages/depth_estimator)
[3.251s] Level 1:colcon.colcon_core.shell:create_environment_hook('object_detector', 'pythonpath_develop')
[3.252s] DEBUG:colcon.colcon_core.event_handler.log_command:Invoked command in '/home/jackson/AI-RedBack-Vision/franka_ws/build/object_detector' returned '0': PYTHONPATH=/home/jackson/AI-RedBack-Vision/franka_ws/build/object_detector/prefix_override:/home/jackson/AI-RedBack-Vision/franka_ws/install/object_detector/lib/python3.10/site-packages:${PYTHONPATH} /usr/bin/python3 setup.py develop --editable --build-directory /home/jackson/AI-RedBack-Vision/franka_ws/build/object_detector/build --no-deps install_data
[3.268s] INFO:colcon.colcon_core.shell:Creating environment hook '/home/jackson/AI-RedBack-Vision/franka_ws/build/object_detector/share/object_detector/hook/pythonpath_develop.ps1'
[3.269s] INFO:colcon.colcon_core.shell:Creating environment descriptor '/home/jackson/AI-RedBack-Vision/franka_ws/build/object_detector/share/object_detector/hook/pythonpath_develop.dsv'
[3.269s] INFO:colcon.colcon_core.shell:Creating environment hook '/home/jackson/AI-RedBack-Vision/franka_ws/build/object_detector/share/object_detector/hook/pythonpath_develop.sh'
[3.286s] Level 1:colcon.colcon_core.environment:checking '/home/jackson/AI-RedBack-Vision/franka_ws/install/object_detector' for CMake module files
[3.286s] Level 1:colcon.colcon_core.environment:checking '/home/jackson/AI-RedBack-Vision/franka_ws/install/object_detector' for CMake config files
[3.287s] Level 1:colcon.colcon_core.environment:checking '/home/jackson/AI-RedBack-Vision/franka_ws/install/object_detector/lib'
[3.287s] Level 1:colcon.colcon_core.environment:checking '/home/jackson/AI-RedBack-Vision/franka_ws/install/object_detector/bin'
[3.287s] Level 1:colcon.colcon_core.environment:checking '/home/jackson/AI-RedBack-Vision/franka_ws/install/object_detector/lib/pkgconfig/object_detector.pc'
[3.287s] Level 1:colcon.colcon_core.environment:checking '/home/jackson/AI-RedBack-Vision/franka_ws/install/object_detector/lib/python3.10/site-packages'
[3.287s] Level 1:colcon.colcon_core.shell:create_environment_hook('object_detector', 'pythonpath')
[3.302s] INFO:colcon.colcon_core.shell:Creating environment hook '/home/jackson/AI-RedBack-Vision/franka_ws/install/object_detector/share/object_detector/hook/pythonpath.ps1'
[3.303s] INFO:colcon.colcon_core.shell:Creating environment descriptor '/home/jackson/AI-RedBack-Vision/franka_ws/install/object_detector/share/object_detector/hook/pythonpath.dsv'
[3.303s] INFO:colcon.colcon_core.shell:Creating environment hook '/home/jackson/AI-RedBack-Vision/franka_ws/install/object_detector/share/object_detector/hook/pythonpath.sh'
[3.304s] Level 1:colcon.colcon_core.environment:checking '/home/jackson/AI-RedBack-Vision/franka_ws/install/object_detector/bin'
[3.304s] Level 1:colcon.colcon_core.environment:create_environment_scripts_only(object_detector)
[3.320s] INFO:colcon.colcon_core.shell:Creating package script '/home/jackson/AI-RedBack-Vision/franka_ws/install/object_detector/share/object_detector/package.ps1'
[3.321s] INFO:colcon.colcon_core.shell:Creating package descriptor '/home/jackson/AI-RedBack-Vision/franka_ws/install/object_detector/share/object_detector/package.dsv'
[3.321s] INFO:colcon.colcon_core.shell:Creating package script '/home/jackson/AI-RedBack-Vision/franka_ws/install/object_detector/share/object_detector/package.sh'
[3.322s] INFO:colcon.colcon_core.shell:Creating package script '/home/jackson/AI-RedBack-Vision/franka_ws/install/object_detector/share/object_detector/package.bash'
[3.322s] INFO:colcon.colcon_core.shell:Creating package script '/home/jackson/AI-RedBack-Vision/franka_ws/install/object_detector/share/object_detector/package.zsh'
[3.323s] Level 1:colcon.colcon_core.environment:create_file_with_runtime_dependencies(/home/jackson/AI-RedBack-Vision/franka_ws/install/object_detector/share/colcon-core/packages/object_detector)
[3.323s] DEBUG:colcon.colcon_parallel_executor.executor.parallel:closing loop
[3.323s] DEBUG:colcon.colcon_parallel_executor.executor.parallel:loop closed
[3.323s] DEBUG:colcon.colcon_parallel_executor.executor.parallel:run_until_complete finished with '0'
[3.324s] DEBUG:colcon.colcon_core.event_reactor:joining thread
[3.345s] INFO:colcon.colcon_core.plugin_system:Skipping extension 'colcon_notification.desktop_notification.terminal_notifier': Not used on non-Darwin systems
[3.345s] INFO:colcon.colcon_core.plugin_system:Skipping extension 'colcon_notification.desktop_notification.win32': Not used on non-Windows systems
[3.345s] INFO:colcon.colcon_notification.desktop_notification:Sending desktop notification using 'notify2'
[3.356s] DEBUG:colcon.colcon_core.event_reactor:joined thread
[3.372s] INFO:colcon.colcon_core.shell:Creating prefix script '/home/jackson/AI-RedBack-Vision/franka_ws/install/local_setup.ps1'
[3.373s] INFO:colcon.colcon_core.shell:Creating prefix util module '/home/jackson/AI-RedBack-Vision/franka_ws/install/_local_setup_util_ps1.py'
[3.374s] INFO:colcon.colcon_core.shell:Creating prefix chain script '/home/jackson/AI-RedBack-Vision/franka_ws/install/setup.ps1'
[3.392s] INFO:colcon.colcon_core.shell:Creating prefix script '/home/jackson/AI-RedBack-Vision/franka_ws/install/local_setup.sh'
[3.392s] INFO:colcon.colcon_core.shell:Creating prefix util module '/home/jackson/AI-RedBack-Vision/franka_ws/install/_local_setup_util_sh.py'
[3.393s] INFO:colcon.colcon_core.shell:Creating prefix chain script '/home/jackson/AI-RedBack-Vision/franka_ws/install/setup.sh'
[3.409s] INFO:colcon.colcon_core.shell:Creating prefix script '/home/jackson/AI-RedBack-Vision/franka_ws/install/local_setup.bash'
[3.409s] INFO:colcon.colcon_core.shell:Creating prefix chain script '/home/jackson/AI-RedBack-Vision/franka_ws/install/setup.bash'
[3.425s] INFO:colcon.colcon_core.shell:Creating prefix script '/home/jackson/AI-RedBack-Vision/franka_ws/install/local_setup.zsh'
[3.425s] INFO:colcon.colcon_core.shell:Creating prefix chain script '/home/jackson/AI-RedBack-Vision/franka_ws/install/setup.zsh'
