[0.695s] Invoking command in '/home/wagw/openpose_ws/src/openpose_controller': PYTHONPATH=/home/wagw/openpose_ws/build/openpose_controller/prefix_override:/home/wagw/openpose_ws/install/openpose_controller/lib/python3.10/site-packages:${PYTHONPATH} /usr/bin/python3 setup.py egg_info --egg-base ../../build/openpose_controller build --build-base /home/wagw/openpose_ws/build/openpose_controller/build install --record /home/wagw/openpose_ws/build/openpose_controller/install.log --single-version-externally-managed
[0.915s] running egg_info
[0.916s] writing ../../build/openpose_controller/openpose_controller.egg-info/PKG-INFO
[0.917s] writing dependency_links to ../../build/openpose_controller/openpose_controller.egg-info/dependency_links.txt
[0.917s] writing entry points to ../../build/openpose_controller/openpose_controller.egg-info/entry_points.txt
[0.917s] writing requirements to ../../build/openpose_controller/openpose_controller.egg-info/requires.txt
[0.917s] writing top-level names to ../../build/openpose_controller/openpose_controller.egg-info/top_level.txt
[0.919s] reading manifest file '../../build/openpose_controller/openpose_controller.egg-info/SOURCES.txt'
[0.920s] writing manifest file '../../build/openpose_controller/openpose_controller.egg-info/SOURCES.txt'
[0.920s] running build
[0.920s] running build_py
[0.920s] copying openpose_controller/openpose_node.py -> /home/wagw/openpose_ws/build/openpose_controller/build/lib/openpose_controller
[0.921s] running install
[0.921s] running install_lib
[0.922s] copying /home/wagw/openpose_ws/build/openpose_controller/build/lib/openpose_controller/openpose_node.py -> /home/wagw/openpose_ws/install/openpose_controller/lib/python3.10/site-packages/openpose_controller
[0.922s] byte-compiling /home/wagw/openpose_ws/install/openpose_controller/lib/python3.10/site-packages/openpose_controller/openpose_node.py to openpose_node.cpython-310.pyc
[0.923s] running install_data
[0.923s] running install_egg_info
[0.925s] removing '/home/wagw/openpose_ws/install/openpose_controller/lib/python3.10/site-packages/openpose_controller-0.0.0-py3.10.egg-info' (and everything under it)
[0.925s] Copying ../../build/openpose_controller/openpose_controller.egg-info to /home/wagw/openpose_ws/install/openpose_controller/lib/python3.10/site-packages/openpose_controller-0.0.0-py3.10.egg-info
[0.926s] running install_scripts
[0.942s] Installing openpose_node script to /home/wagw/openpose_ws/install/openpose_controller/lib/openpose_controller
[0.942s] writing list of installed files to '/home/wagw/openpose_ws/build/openpose_controller/install.log'
[0.960s] Invoked command in '/home/wagw/openpose_ws/src/openpose_controller' returned '0': PYTHONPATH=/home/wagw/openpose_ws/build/openpose_controller/prefix_override:/home/wagw/openpose_ws/install/openpose_controller/lib/python3.10/site-packages:${PYTHONPATH} /usr/bin/python3 setup.py egg_info --egg-base ../../build/openpose_controller build --build-base /home/wagw/openpose_ws/build/openpose_controller/build install --record /home/wagw/openpose_ws/build/openpose_controller/install.log --single-version-externally-managed
