[2.049s] DEBUG:colcon:Command line arguments: ['/usr/bin/colcon', 'build', '--symlink-install']
[2.049s] DEBUG:colcon:Parsed command line arguments: Namespace(log_base=None, log_level=None, verb_name='build', build_base='build', install_base='install', merge_install=False, symlink_install=True, test_result_base=None, continue_on_error=False, executor='parallel', parallel_workers=12, event_handlers=None, ignore_user_meta=False, metas=['./colcon.meta'], base_paths=['.'], packages_ignore=None, packages_ignore_regex=None, paths=None, packages_up_to=None, packages_up_to_regex=None, packages_above=None, packages_above_and_dependencies=None, packages_above_depth=None, packages_select_by_dep=None, packages_skip_by_dep=None, packages_skip_up_to=None, packages_select_build_failed=False, packages_skip_build_finished=False, packages_select_test_failures=False, packages_skip_test_passed=False, packages_select=None, packages_skip=None, packages_select_regex=None, packages_skip_regex=None, packages_start=None, packages_end=None, allow_overriding=[], cmake_args=None, cmake_target=None, cmake_target_skip_unavailable=False, cmake_clean_cache=False, cmake_clean_first=False, cmake_force_configure=False, ament_cmake_args=None, catkin_cmake_args=None, catkin_skip_building_tests=False, verb_parser=<colcon_defaults.argument_parser.defaults.DefaultArgumentsDecorator object at 0x7f0ec0fd1660>, verb_extension=<colcon_core.verb.build.BuildVerb object at 0x7f0ec0fd27a0>, main=<bound method BuildVerb.main of <colcon_core.verb.build.BuildVerb object at 0x7f0ec0fd27a0>>)
[2.144s] Level 1:colcon.colcon_core.package_discovery:discover_packages(colcon_meta) check parameters
[2.145s] Level 1:colcon.colcon_core.package_discovery:discover_packages(recursive) check parameters
[2.145s] Level 1:colcon.colcon_core.package_discovery:discover_packages(ignore) check parameters
[2.145s] Level 1:colcon.colcon_core.package_discovery:discover_packages(path) check parameters
[2.145s] Level 1:colcon.colcon_core.package_discovery:discover_packages(colcon_meta) discover
[2.145s] Level 1:colcon.colcon_core.package_discovery:discover_packages(recursive) discover
[2.145s] INFO:colcon.colcon_core.package_discovery:Crawling recursively for packages in '/home/wagw/openpose_ws'
[2.145s] Level 1:colcon.colcon_core.package_identification:_identify(.) by extensions ['ignore', 'ignore_ament_install']
[2.146s] Level 1:colcon.colcon_core.package_identification:_identify(.) by extension 'ignore'
[2.146s] Level 1:colcon.colcon_core.package_identification:_identify(.) by extension 'ignore_ament_install'
[2.146s] Level 1:colcon.colcon_core.package_identification:_identify(.) by extensions ['colcon_pkg']
[2.146s] Level 1:colcon.colcon_core.package_identification:_identify(.) by extension 'colcon_pkg'
[2.146s] Level 1:colcon.colcon_core.package_identification:_identify(.) by extensions ['colcon_meta']
[2.146s] Level 1:colcon.colcon_core.package_identification:_identify(.) by extension 'colcon_meta'
[2.146s] Level 1:colcon.colcon_core.package_identification:_identify(.) by extensions ['ros']
[2.146s] Level 1:colcon.colcon_core.package_identification:_identify(.) by extension 'ros'
[2.168s] Level 1:colcon.colcon_core.package_identification:_identify(.) by extensions ['cmake', 'python']
[2.169s] Level 1:colcon.colcon_core.package_identification:_identify(.) by extension 'cmake'
[2.169s] Level 1:colcon.colcon_core.package_identification:_identify(.) by extension 'python'
[2.169s] Level 1:colcon.colcon_core.package_identification:_identify(.) by extensions ['python_setup_py']
[2.169s] Level 1:colcon.colcon_core.package_identification:_identify(.) by extension 'python_setup_py'
[2.169s] Level 1:colcon.colcon_core.package_identification:_identify(build) by extensions ['ignore', 'ignore_ament_install']
[2.169s] Level 1:colcon.colcon_core.package_identification:_identify(build) by extension 'ignore'
[2.169s] Level 1:colcon.colcon_core.package_identification:_identify(build) ignored
[2.170s] Level 1:colcon.colcon_core.package_identification:_identify(install) by extensions ['ignore', 'ignore_ament_install']
[2.170s] Level 1:colcon.colcon_core.package_identification:_identify(install) by extension 'ignore'
[2.170s] Level 1:colcon.colcon_core.package_identification:_identify(install) ignored
[2.170s] Level 1:colcon.colcon_core.package_identification:_identify(log) by extensions ['ignore', 'ignore_ament_install']
[2.170s] Level 1:colcon.colcon_core.package_identification:_identify(log) by extension 'ignore'
[2.170s] Level 1:colcon.colcon_core.package_identification:_identify(log) ignored
[2.171s] Level 1:colcon.colcon_core.package_identification:_identify(src) by extensions ['ignore', 'ignore_ament_install']
[2.171s] Level 1:colcon.colcon_core.package_identification:_identify(src) by extension 'ignore'
[2.171s] Level 1:colcon.colcon_core.package_identification:_identify(src) by extension 'ignore_ament_install'
[2.171s] Level 1:colcon.colcon_core.package_identification:_identify(src) by extensions ['colcon_pkg']
[2.171s] Level 1:colcon.colcon_core.package_identification:_identify(src) by extension 'colcon_pkg'
[2.171s] Level 1:colcon.colcon_core.package_identification:_identify(src) by extensions ['colcon_meta']
[2.171s] Level 1:colcon.colcon_core.package_identification:_identify(src) by extension 'colcon_meta'
[2.171s] Level 1:colcon.colcon_core.package_identification:_identify(src) by extensions ['ros']
[2.171s] Level 1:colcon.colcon_core.package_identification:_identify(src) by extension 'ros'
[2.171s] Level 1:colcon.colcon_core.package_identification:_identify(src) by extensions ['cmake', 'python']
[2.171s] Level 1:colcon.colcon_core.package_identification:_identify(src) by extension 'cmake'
[2.172s] Level 1:colcon.colcon_core.package_identification:_identify(src) by extension 'python'
[2.172s] Level 1:colcon.colcon_core.package_identification:_identify(src) by extensions ['python_setup_py']
[2.172s] Level 1:colcon.colcon_core.package_identification:_identify(src) by extension 'python_setup_py'
[2.172s] Level 1:colcon.colcon_core.package_identification:_identify(src/openpose_controller) by extensions ['ignore', 'ignore_ament_install']
[2.172s] Level 1:colcon.colcon_core.package_identification:_identify(src/openpose_controller) by extension 'ignore'
[2.172s] Level 1:colcon.colcon_core.package_identification:_identify(src/openpose_controller) by extension 'ignore_ament_install'
[2.172s] Level 1:colcon.colcon_core.package_identification:_identify(src/openpose_controller) by extensions ['colcon_pkg']
[2.172s] Level 1:colcon.colcon_core.package_identification:_identify(src/openpose_controller) by extension 'colcon_pkg'
[2.172s] Level 1:colcon.colcon_core.package_identification:_identify(src/openpose_controller) by extensions ['colcon_meta']
[2.172s] Level 1:colcon.colcon_core.package_identification:_identify(src/openpose_controller) by extension 'colcon_meta'
[2.173s] Level 1:colcon.colcon_core.package_identification:_identify(src/openpose_controller) by extensions ['ros']
[2.173s] Level 1:colcon.colcon_core.package_identification:_identify(src/openpose_controller) by extension 'ros'
[2.177s] DEBUG:colcon.colcon_core.package_identification:Package 'src/openpose_controller' with type 'ros.ament_python' and name 'openpose_controller'
[2.177s] Level 1:colcon.colcon_core.package_discovery:discover_packages(recursive) using defaults
[2.177s] Level 1:colcon.colcon_core.package_discovery:discover_packages(ignore) discover
[2.177s] Level 1:colcon.colcon_core.package_discovery:discover_packages(ignore) using defaults
[2.177s] Level 1:colcon.colcon_core.package_discovery:discover_packages(path) discover
[2.177s] Level 1:colcon.colcon_core.package_discovery:discover_packages(path) using defaults
[2.308s] Level 1:colcon.colcon_core.package_discovery:discover_packages(prefix_path) check parameters
[2.308s] Level 1:colcon.colcon_core.package_discovery:discover_packages(prefix_path) discover
[2.348s] DEBUG:colcon.colcon_installed_package_information.package_discovery:Found 1 installed packages in /home/wagw/openpose_ws/install
[2.370s] DEBUG:colcon.colcon_installed_package_information.package_discovery:Found 270 installed packages in /opt/ros/humble
[2.382s] Level 1:colcon.colcon_core.package_discovery:discover_packages(prefix_path) using defaults
[2.537s] Level 5:colcon.colcon_core.verb:set package 'openpose_controller' build argument 'cmake_args' from command line to 'None'
[2.537s] Level 5:colcon.colcon_core.verb:set package 'openpose_controller' build argument 'cmake_target' from command line to 'None'
[2.537s] Level 5:colcon.colcon_core.verb:set package 'openpose_controller' build argument 'cmake_target_skip_unavailable' from command line to 'False'
[2.537s] Level 5:colcon.colcon_core.verb:set package 'openpose_controller' build argument 'cmake_clean_cache' from command line to 'False'
[2.537s] Level 5:colcon.colcon_core.verb:set package 'openpose_controller' build argument 'cmake_clean_first' from command line to 'False'
[2.537s] Level 5:colcon.colcon_core.verb:set package 'openpose_controller' build argument 'cmake_force_configure' from command line to 'False'
[2.537s] Level 5:colcon.colcon_core.verb:set package 'openpose_controller' build argument 'ament_cmake_args' from command line to 'None'
[2.537s] Level 5:colcon.colcon_core.verb:set package 'openpose_controller' build argument 'catkin_cmake_args' from command line to 'None'
[2.538s] Level 5:colcon.colcon_core.verb:set package 'openpose_controller' build argument 'catkin_skip_building_tests' from command line to 'False'
[2.538s] DEBUG:colcon.colcon_core.verb:Building package 'openpose_controller' with the following arguments: {'ament_cmake_args': None, 'build_base': '/home/wagw/openpose_ws/build/openpose_controller', 'catkin_cmake_args': None, 'catkin_skip_building_tests': False, 'cmake_args': None, 'cmake_clean_cache': False, 'cmake_clean_first': False, 'cmake_force_configure': False, 'cmake_target': None, 'cmake_target_skip_unavailable': False, 'install_base': '/home/wagw/openpose_ws/install/openpose_controller', 'merge_install': False, 'path': '/home/wagw/openpose_ws/src/openpose_controller', 'symlink_install': True, 'test_result_base': None}
[2.560s] INFO:colcon.colcon_core.executor:Executing jobs using 'parallel' executor
[2.580s] DEBUG:colcon.colcon_parallel_executor.executor.parallel:run_until_complete
[2.581s] INFO:colcon.colcon_ros.task.ament_python.build:Building ROS package in '/home/wagw/openpose_ws/src/openpose_controller' with build type 'ament_python'
[2.581s] Level 1:colcon.colcon_core.shell:create_environment_hook('openpose_controller', 'ament_prefix_path')
[2.608s] INFO:colcon.colcon_core.plugin_system:Skipping extension 'colcon_core.shell.bat': Not used on non-Windows systems
[2.608s] INFO:colcon.colcon_core.shell:Creating environment hook '/home/wagw/openpose_ws/install/openpose_controller/share/openpose_controller/hook/ament_prefix_path.ps1'
[2.609s] INFO:colcon.colcon_core.shell:Creating environment descriptor '/home/wagw/openpose_ws/install/openpose_controller/share/openpose_controller/hook/ament_prefix_path.dsv'
[2.610s] INFO:colcon.colcon_core.shell:Creating environment hook '/home/wagw/openpose_ws/install/openpose_controller/share/openpose_controller/hook/ament_prefix_path.sh'
[2.647s] INFO:colcon.colcon_core.shell:Skip shell extension 'powershell' for command environment: Not usable outside of PowerShell
[2.648s] DEBUG:colcon.colcon_core.shell:Skip shell extension 'dsv' for command environment
[3.215s] INFO:colcon.colcon_core.task.python.build:Building Python package in '/home/wagw/openpose_ws/src/openpose_controller'
[3.247s] INFO:colcon.colcon_core.shell:Skip shell extension 'powershell' for command environment: Not usable outside of PowerShell
[3.247s] DEBUG:colcon.colcon_core.shell:Skip shell extension 'dsv' for command environment
[3.893s] DEBUG:colcon.colcon_core.event_handler.log_command:Invoking command in '/home/wagw/openpose_ws/build/openpose_controller': PYTHONPATH=/home/wagw/openpose_ws/build/openpose_controller/prefix_override:/home/wagw/openpose_ws/install/openpose_controller/lib/python3.10/site-packages:${PYTHONPATH} /usr/bin/python3 setup.py develop --editable --build-directory /home/wagw/openpose_ws/build/openpose_controller/build --no-deps install_data
[4.581s] Level 1:colcon.colcon_core.shell:create_environment_hook('openpose_controller', 'pythonpath_develop')
[4.584s] DEBUG:colcon.colcon_core.event_handler.log_command:Invoked command in '/home/wagw/openpose_ws/build/openpose_controller' returned '0': PYTHONPATH=/home/wagw/openpose_ws/build/openpose_controller/prefix_override:/home/wagw/openpose_ws/install/openpose_controller/lib/python3.10/site-packages:${PYTHONPATH} /usr/bin/python3 setup.py develop --editable --build-directory /home/wagw/openpose_ws/build/openpose_controller/build --no-deps install_data
[4.609s] INFO:colcon.colcon_core.shell:Creating environment hook '/home/wagw/openpose_ws/build/openpose_controller/share/openpose_controller/hook/pythonpath_develop.ps1'
[4.609s] INFO:colcon.colcon_core.shell:Creating environment descriptor '/home/wagw/openpose_ws/build/openpose_controller/share/openpose_controller/hook/pythonpath_develop.dsv'
[4.610s] INFO:colcon.colcon_core.shell:Creating environment hook '/home/wagw/openpose_ws/build/openpose_controller/share/openpose_controller/hook/pythonpath_develop.sh'
[4.645s] Level 1:colcon.colcon_core.environment:checking '/home/wagw/openpose_ws/install/openpose_controller' for CMake module files
[4.646s] Level 1:colcon.colcon_core.environment:checking '/home/wagw/openpose_ws/install/openpose_controller' for CMake config files
[4.647s] Level 1:colcon.colcon_core.environment:checking '/home/wagw/openpose_ws/install/openpose_controller/lib'
[4.647s] Level 1:colcon.colcon_core.environment:checking '/home/wagw/openpose_ws/install/openpose_controller/bin'
[4.648s] Level 1:colcon.colcon_core.environment:checking '/home/wagw/openpose_ws/install/openpose_controller/lib/pkgconfig/openpose_controller.pc'
[4.648s] Level 1:colcon.colcon_core.environment:checking '/home/wagw/openpose_ws/install/openpose_controller/lib/python3.10/site-packages'
[4.648s] Level 1:colcon.colcon_core.shell:create_environment_hook('openpose_controller', 'pythonpath')
[4.678s] INFO:colcon.colcon_core.shell:Creating environment hook '/home/wagw/openpose_ws/install/openpose_controller/share/openpose_controller/hook/pythonpath.ps1'
[4.679s] INFO:colcon.colcon_core.shell:Creating environment descriptor '/home/wagw/openpose_ws/install/openpose_controller/share/openpose_controller/hook/pythonpath.dsv'
[4.680s] INFO:colcon.colcon_core.shell:Creating environment hook '/home/wagw/openpose_ws/install/openpose_controller/share/openpose_controller/hook/pythonpath.sh'
[4.681s] Level 1:colcon.colcon_core.environment:checking '/home/wagw/openpose_ws/install/openpose_controller/bin'
[4.681s] Level 1:colcon.colcon_core.environment:create_environment_scripts_only(openpose_controller)
[4.705s] INFO:colcon.colcon_core.shell:Creating package script '/home/wagw/openpose_ws/install/openpose_controller/share/openpose_controller/package.ps1'
[4.706s] INFO:colcon.colcon_core.shell:Creating package descriptor '/home/wagw/openpose_ws/install/openpose_controller/share/openpose_controller/package.dsv'
[4.707s] INFO:colcon.colcon_core.shell:Creating package script '/home/wagw/openpose_ws/install/openpose_controller/share/openpose_controller/package.sh'
[4.708s] INFO:colcon.colcon_core.shell:Creating package script '/home/wagw/openpose_ws/install/openpose_controller/share/openpose_controller/package.bash'
[4.709s] INFO:colcon.colcon_core.shell:Creating package script '/home/wagw/openpose_ws/install/openpose_controller/share/openpose_controller/package.zsh'
[4.710s] Level 1:colcon.colcon_core.environment:create_file_with_runtime_dependencies(/home/wagw/openpose_ws/install/openpose_controller/share/colcon-core/packages/openpose_controller)
[4.710s] DEBUG:colcon.colcon_parallel_executor.executor.parallel:closing loop
[4.711s] DEBUG:colcon.colcon_parallel_executor.executor.parallel:loop closed
[4.711s] DEBUG:colcon.colcon_parallel_executor.executor.parallel:run_until_complete finished with '0'
[4.711s] DEBUG:colcon.colcon_core.event_reactor:joining thread
[4.740s] INFO:colcon.colcon_core.plugin_system:Skipping extension 'colcon_notification.desktop_notification.terminal_notifier': Not used on non-Darwin systems
[4.740s] INFO:colcon.colcon_core.plugin_system:Skipping extension 'colcon_notification.desktop_notification.win32': Not used on non-Windows systems
[4.740s] INFO:colcon.colcon_notification.desktop_notification:Sending desktop notification using 'notify2'
[4.755s] DEBUG:colcon.colcon_core.event_reactor:joined thread
[4.778s] INFO:colcon.colcon_core.shell:Creating prefix script '/home/wagw/openpose_ws/install/local_setup.ps1'
[4.780s] INFO:colcon.colcon_core.shell:Creating prefix util module '/home/wagw/openpose_ws/install/_local_setup_util_ps1.py'
[4.782s] INFO:colcon.colcon_core.shell:Creating prefix chain script '/home/wagw/openpose_ws/install/setup.ps1'
[4.812s] INFO:colcon.colcon_core.shell:Creating prefix script '/home/wagw/openpose_ws/install/local_setup.sh'
[4.812s] INFO:colcon.colcon_core.shell:Creating prefix util module '/home/wagw/openpose_ws/install/_local_setup_util_sh.py'
[4.813s] INFO:colcon.colcon_core.shell:Creating prefix chain script '/home/wagw/openpose_ws/install/setup.sh'
[4.838s] INFO:colcon.colcon_core.shell:Creating prefix script '/home/wagw/openpose_ws/install/local_setup.bash'
[4.839s] INFO:colcon.colcon_core.shell:Creating prefix chain script '/home/wagw/openpose_ws/install/setup.bash'
[4.863s] INFO:colcon.colcon_core.shell:Creating prefix script '/home/wagw/openpose_ws/install/local_setup.zsh'
[4.864s] INFO:colcon.colcon_core.shell:Creating prefix chain script '/home/wagw/openpose_ws/install/setup.zsh'
