[0.737s] Invoking command in '/home/wagw/openpose_ws/src/openpose_controller': PYTHONPATH=/home/wagw/openpose_ws/build/openpose_controller/prefix_override:/home/wagw/openpose_ws/install/openpose_controller/lib/python3.10/site-packages:${PYTHONPATH} /usr/bin/python3 setup.py egg_info --egg-base ../../build/openpose_controller build --build-base /home/wagw/openpose_ws/build/openpose_controller/build install --record /home/wagw/openpose_ws/build/openpose_controller/install.log --single-version-externally-managed
[0.975s] running egg_info
[0.975s] writing ../../build/openpose_controller/openpose_controller.egg-info/PKG-INFO
[0.976s] writing dependency_links to ../../build/openpose_controller/openpose_controller.egg-info/dependency_links.txt
[0.976s] writing entry points to ../../build/openpose_controller/openpose_controller.egg-info/entry_points.txt
[0.976s] writing requirements to ../../build/openpose_controller/openpose_controller.egg-info/requires.txt
[0.976s] writing top-level names to ../../build/openpose_controller/openpose_controller.egg-info/top_level.txt
[0.977s] reading manifest file '../../build/openpose_controller/openpose_controller.egg-info/SOURCES.txt'
[0.978s] writing manifest file '../../build/openpose_controller/openpose_controller.egg-info/SOURCES.txt'
[0.978s] running build
[0.979s] running build_py
[0.979s] running install
[0.979s] running install_lib
[0.980s] running install_data
[0.980s] running install_egg_info
[0.982s] removing '/home/wagw/openpose_ws/install/openpose_controller/lib/python3.10/site-packages/openpose_controller-0.0.0-py3.10.egg-info' (and everything under it)
[0.982s] Copying ../../build/openpose_controller/openpose_controller.egg-info to /home/wagw/openpose_ws/install/openpose_controller/lib/python3.10/site-packages/openpose_controller-0.0.0-py3.10.egg-info
[0.983s] running install_scripts
[1.000s] Installing openpose_node = openpose_controller.openpose_node:mainopenpose_video script to /home/wagw/openpose_ws/install/openpose_controller/lib/openpose_controller
[1.001s] writing list of installed files to '/home/wagw/openpose_ws/build/openpose_controller/install.log'
[1.025s] Invoked command in '/home/wagw/openpose_ws/src/openpose_controller' returned '0': PYTHONPATH=/home/wagw/openpose_ws/build/openpose_controller/prefix_override:/home/wagw/openpose_ws/install/openpose_controller/lib/python3.10/site-packages:${PYTHONPATH} /usr/bin/python3 setup.py egg_info --egg-base ../../build/openpose_controller build --build-base /home/wagw/openpose_ws/build/openpose_controller/build install --record /home/wagw/openpose_ws/build/openpose_controller/install.log --single-version-externally-managed
