[0.627s] Invoking command in '/home/jackson/AI-RedBack-Vision/franka_ws/build/object_detector': PYTHONPATH=/home/jackson/AI-RedBack-Vision/franka_ws/build/object_detector/prefix_override:/home/jackson/AI-RedBack-Vision/franka_ws/install/object_detector/lib/python3.10/site-packages:${PYTHONPATH} /usr/bin/python3 setup.py develop --editable --build-directory /home/jackson/AI-RedBack-Vision/franka_ws/build/object_detector/build --no-deps install_data
[0.879s] running develop
[1.039s] running egg_info
[1.039s] creating object_detector.egg-info
[1.039s] writing object_detector.egg-info/PKG-INFO
[1.040s] writing dependency_links to object_detector.egg-info/dependency_links.txt
[1.040s] writing entry points to object_detector.egg-info/entry_points.txt
[1.040s] writing requirements to object_detector.egg-info/requires.txt
[1.040s] writing top-level names to object_detector.egg-info/top_level.txt
[1.040s] writing manifest file 'object_detector.egg-info/SOURCES.txt'
[1.041s] reading manifest file 'object_detector.egg-info/SOURCES.txt'
[1.042s] writing manifest file 'object_detector.egg-info/SOURCES.txt'
[1.043s] running build_ext
[1.044s] Creating /home/jackson/AI-RedBack-Vision/franka_ws/install/object_detector/lib/python3.10/site-packages/object-detector.egg-link (link to .)
[1.044s] 
[1.045s] Installed /home/jackson/AI-RedBack-Vision/franka_ws/build/object_detector
[1.045s] running install_data
[1.045s] creating /home/jackson/AI-RedBack-Vision/franka_ws/install/object_detector/share/ament_index
[1.045s] creating /home/jackson/AI-RedBack-Vision/franka_ws/install/object_detector/share/ament_index/resource_index
[1.045s] creating /home/jackson/AI-RedBack-Vision/franka_ws/install/object_detector/share/ament_index/resource_index/packages
[1.045s] copying resource/object_detector -> /home/jackson/AI-RedBack-Vision/franka_ws/install/object_detector/share/ament_index/resource_index/packages
[1.045s] copying package.xml -> /home/jackson/AI-RedBack-Vision/franka_ws/install/object_detector/share/object_detector
[1.071s] Invoked command in '/home/jackson/AI-RedBack-Vision/franka_ws/build/object_detector' returned '0': PYTHONPATH=/home/jackson/AI-RedBack-Vision/franka_ws/build/object_detector/prefix_override:/home/jackson/AI-RedBack-Vision/franka_ws/install/object_detector/lib/python3.10/site-packages:${PYTHONPATH} /usr/bin/python3 setup.py develop --editable --build-directory /home/jackson/AI-RedBack-Vision/franka_ws/build/object_detector/build --no-deps install_data
