[1.185s] Invoking command in '/home/jackson/AI-RedBack-Vision/franka_ws/build/depth_estimator': PYTHONPATH=/home/jackson/AI-RedBack-Vision/franka_ws/build/depth_estimator/prefix_override:/home/jackson/AI-RedBack-Vision/franka_ws/install/depth_estimator/lib/python3.10/site-packages:${PYTHONPATH} /usr/bin/python3 setup.py develop --editable --build-directory /home/jackson/AI-RedBack-Vision/franka_ws/build/depth_estimator/build --no-deps install_data
[1.429s] running develop
[1.588s] running egg_info
[1.588s] creating depth_estimator.egg-info
[1.588s] writing depth_estimator.egg-info/PKG-INFO
[1.588s] writing dependency_links to depth_estimator.egg-info/dependency_links.txt
[1.589s] writing entry points to depth_estimator.egg-info/entry_points.txt
[1.592s] writing requirements to depth_estimator.egg-info/requires.txt
[1.592s] writing top-level names to depth_estimator.egg-info/top_level.txt
[1.592s] writing manifest file 'depth_estimator.egg-info/SOURCES.txt'
[1.592s] reading manifest file 'depth_estimator.egg-info/SOURCES.txt'
[1.592s] writing manifest file 'depth_estimator.egg-info/SOURCES.txt'
[1.593s] running build_ext
[1.593s] Creating /home/jackson/AI-RedBack-Vision/franka_ws/install/depth_estimator/lib/python3.10/site-packages/depth-estimator.egg-link (link to .)
[1.593s] Installing realsense_depth_estimator script to /home/jackson/AI-RedBack-Vision/franka_ws/install/depth_estimator/lib/depth_estimator
[1.593s] 
[1.593s] Installed /home/jackson/AI-RedBack-Vision/franka_ws/build/depth_estimator
[1.594s] running install_data
[1.594s] creating /home/jackson/AI-RedBack-Vision/franka_ws/install/depth_estimator/share/ament_index
[1.594s] creating /home/jackson/AI-RedBack-Vision/franka_ws/install/depth_estimator/share/ament_index/resource_index
[1.594s] creating /home/jackson/AI-RedBack-Vision/franka_ws/install/depth_estimator/share/ament_index/resource_index/packages
[1.594s] copying resource/depth_estimator -> /home/jackson/AI-RedBack-Vision/franka_ws/install/depth_estimator/share/ament_index/resource_index/packages
[1.594s] copying package.xml -> /home/jackson/AI-RedBack-Vision/franka_ws/install/depth_estimator/share/depth_estimator
[1.619s] Invoked command in '/home/jackson/AI-RedBack-Vision/franka_ws/build/depth_estimator' returned '0': PYTHONPATH=/home/jackson/AI-RedBack-Vision/franka_ws/build/depth_estimator/prefix_override:/home/jackson/AI-RedBack-Vision/franka_ws/install/depth_estimator/lib/python3.10/site-packages:${PYTHONPATH} /usr/bin/python3 setup.py develop --editable --build-directory /home/jackson/AI-RedBack-Vision/franka_ws/build/depth_estimator/build --no-deps install_data
