[0.989s] DEBUG:colcon:Command line arguments: ['/usr/bin/colcon', 'build', '--symlink-install']
[0.989s] DEBUG:colcon:Parsed command line arguments: Namespace(log_base=None, log_level=None, verb_name='build', build_base='build', install_base='install', merge_install=False, symlink_install=True, test_result_base=None, continue_on_error=False, executor='parallel', parallel_workers=4, event_handlers=None, ignore_user_meta=False, metas=['./colcon.meta'], base_paths=['.'], packages_ignore=None, packages_ignore_regex=None, paths=None, packages_up_to=None, packages_up_to_regex=None, packages_above=None, packages_above_and_dependencies=None, packages_above_depth=None, packages_select_by_dep=None, packages_skip_by_dep=None, packages_skip_up_to=None, packages_select_build_failed=False, packages_skip_build_finished=False, packages_select_test_failures=False, packages_skip_test_passed=False, packages_select=None, packages_skip=None, packages_select_regex=None, packages_skip_regex=None, packages_start=None, packages_end=None, allow_overriding=[], cmake_args=None, cmake_target=None, cmake_target_skip_unavailable=False, cmake_clean_cache=False, cmake_clean_first=False, cmake_force_configure=False, ament_cmake_args=None, catkin_cmake_args=None, catkin_skip_building_tests=False, verb_parser=<colcon_defaults.argument_parser.defaults.DefaultArgumentsDecorator object at 0x7fbca280c850>, verb_extension=<colcon_core.verb.build.BuildVerb object at 0x7fbca2c72da0>, main=<bound method BuildVerb.main of <colcon_core.verb.build.BuildVerb object at 0x7fbca2c72da0>>)
[1.031s] Level 1:colcon.colcon_core.package_discovery:discover_packages(colcon_meta) check parameters
[1.031s] Level 1:colcon.colcon_core.package_discovery:discover_packages(recursive) check parameters
[1.031s] Level 1:colcon.colcon_core.package_discovery:discover_packages(ignore) check parameters
[1.031s] Level 1:colcon.colcon_core.package_discovery:discover_packages(path) check parameters
[1.031s] Level 1:colcon.colcon_core.package_discovery:discover_packages(colcon_meta) discover
[1.031s] Level 1:colcon.colcon_core.package_discovery:discover_packages(recursive) discover
[1.031s] INFO:colcon.colcon_core.package_discovery:Crawling recursively for packages in '/home/jackson/AI-RedBack-Vision/franka_ws'
[1.031s] Level 1:colcon.colcon_core.package_identification:_identify(.) by extensions ['ignore', 'ignore_ament_install']
[1.031s] Level 1:colcon.colcon_core.package_identification:_identify(.) by extension 'ignore'
[1.031s] Level 1:colcon.colcon_core.package_identification:_identify(.) by extension 'ignore_ament_install'
[1.031s] Level 1:colcon.colcon_core.package_identification:_identify(.) by extensions ['colcon_pkg']
[1.031s] Level 1:colcon.colcon_core.package_identification:_identify(.) by extension 'colcon_pkg'
[1.031s] Level 1:colcon.colcon_core.package_identification:_identify(.) by extensions ['colcon_meta']
[1.032s] Level 1:colcon.colcon_core.package_identification:_identify(.) by extension 'colcon_meta'
[1.032s] Level 1:colcon.colcon_core.package_identification:_identify(.) by extensions ['ros']
[1.032s] Level 1:colcon.colcon_core.package_identification:_identify(.) by extension 'ros'
[1.040s] Level 1:colcon.colcon_core.package_identification:_identify(.) by extensions ['cmake', 'python']
[1.040s] Level 1:colcon.colcon_core.package_identification:_identify(.) by extension 'cmake'
[1.040s] Level 1:colcon.colcon_core.package_identification:_identify(.) by extension 'python'
[1.040s] Level 1:colcon.colcon_core.package_identification:_identify(.) by extensions ['python_setup_py']
[1.040s] Level 1:colcon.colcon_core.package_identification:_identify(.) by extension 'python_setup_py'
[1.040s] Level 1:colcon.colcon_core.package_identification:_identify(build) by extensions ['ignore', 'ignore_ament_install']
[1.041s] Level 1:colcon.colcon_core.package_identification:_identify(build) by extension 'ignore'
[1.041s] Level 1:colcon.colcon_core.package_identification:_identify(build) ignored
[1.041s] Level 1:colcon.colcon_core.package_identification:_identify(install) by extensions ['ignore', 'ignore_ament_install']
[1.041s] Level 1:colcon.colcon_core.package_identification:_identify(install) by extension 'ignore'
[1.041s] Level 1:colcon.colcon_core.package_identification:_identify(install) ignored
[1.041s] Level 1:colcon.colcon_core.package_identification:_identify(log) by extensions ['ignore', 'ignore_ament_install']
[1.041s] Level 1:colcon.colcon_core.package_identification:_identify(log) by extension 'ignore'
[1.041s] Level 1:colcon.colcon_core.package_identification:_identify(log) ignored
[1.041s] Level 1:colcon.colcon_core.package_identification:_identify(src) by extensions ['ignore', 'ignore_ament_install']
[1.041s] Level 1:colcon.colcon_core.package_identification:_identify(src) by extension 'ignore'
[1.041s] Level 1:colcon.colcon_core.package_identification:_identify(src) by extension 'ignore_ament_install'
[1.041s] Level 1:colcon.colcon_core.package_identification:_identify(src) by extensions ['colcon_pkg']
[1.041s] Level 1:colcon.colcon_core.package_identification:_identify(src) by extension 'colcon_pkg'
[1.041s] Level 1:colcon.colcon_core.package_identification:_identify(src) by extensions ['colcon_meta']
[1.041s] Level 1:colcon.colcon_core.package_identification:_identify(src) by extension 'colcon_meta'
[1.041s] Level 1:colcon.colcon_core.package_identification:_identify(src) by extensions ['ros']
[1.041s] Level 1:colcon.colcon_core.package_identification:_identify(src) by extension 'ros'
[1.042s] Level 1:colcon.colcon_core.package_identification:_identify(src) by extensions ['cmake', 'python']
[1.042s] Level 1:colcon.colcon_core.package_identification:_identify(src) by extension 'cmake'
[1.042s] Level 1:colcon.colcon_core.package_identification:_identify(src) by extension 'python'
[1.042s] Level 1:colcon.colcon_core.package_identification:_identify(src) by extensions ['python_setup_py']
[1.042s] Level 1:colcon.colcon_core.package_identification:_identify(src) by extension 'python_setup_py'
[1.042s] Level 1:colcon.colcon_core.package_identification:_identify(src/depth_estimator) by extensions ['ignore', 'ignore_ament_install']
[1.042s] Level 1:colcon.colcon_core.package_identification:_identify(src/depth_estimator) by extension 'ignore'
[1.042s] Level 1:colcon.colcon_core.package_identification:_identify(src/depth_estimator) by extension 'ignore_ament_install'
[1.042s] Level 1:colcon.colcon_core.package_identification:_identify(src/depth_estimator) by extensions ['colcon_pkg']
[1.042s] Level 1:colcon.colcon_core.package_identification:_identify(src/depth_estimator) by extension 'colcon_pkg'
[1.042s] Level 1:colcon.colcon_core.package_identification:_identify(src/depth_estimator) by extensions ['colcon_meta']
[1.042s] Level 1:colcon.colcon_core.package_identification:_identify(src/depth_estimator) by extension 'colcon_meta'
[1.042s] Level 1:colcon.colcon_core.package_identification:_identify(src/depth_estimator) by extensions ['ros']
[1.042s] Level 1:colcon.colcon_core.package_identification:_identify(src/depth_estimator) by extension 'ros'
[1.044s] DEBUG:colcon.colcon_core.package_identification:Package 'src/depth_estimator' with type 'ros.ament_python' and name 'depth_estimator'
[1.044s] Level 1:colcon.colcon_core.package_identification:_identify(src/object_detector) by extensions ['ignore', 'ignore_ament_install']
[1.044s] Level 1:colcon.colcon_core.package_identification:_identify(src/object_detector) by extension 'ignore'
[1.044s] Level 1:colcon.colcon_core.package_identification:_identify(src/object_detector) by extension 'ignore_ament_install'
[1.044s] Level 1:colcon.colcon_core.package_identification:_identify(src/object_detector) by extensions ['colcon_pkg']
[1.044s] Level 1:colcon.colcon_core.package_identification:_identify(src/object_detector) by extension 'colcon_pkg'
[1.044s] Level 1:colcon.colcon_core.package_identification:_identify(src/object_detector) by extensions ['colcon_meta']
[1.044s] Level 1:colcon.colcon_core.package_identification:_identify(src/object_detector) by extension 'colcon_meta'
[1.044s] Level 1:colcon.colcon_core.package_identification:_identify(src/object_detector) by extensions ['ros']
[1.044s] Level 1:colcon.colcon_core.package_identification:_identify(src/object_detector) by extension 'ros'
[1.045s] DEBUG:colcon.colcon_core.package_identification:Package 'src/object_detector' with type 'ros.ament_python' and name 'object_detector'
[1.045s] Level 1:colcon.colcon_core.package_identification:_identify(src/runs) by extensions ['ignore', 'ignore_ament_install']
[1.045s] Level 1:colcon.colcon_core.package_identification:_identify(src/runs) by extension 'ignore'
[1.045s] Level 1:colcon.colcon_core.package_identification:_identify(src/runs) by extension 'ignore_ament_install'
[1.045s] Level 1:colcon.colcon_core.package_identification:_identify(src/runs) by extensions ['colcon_pkg']
[1.045s] Level 1:colcon.colcon_core.package_identification:_identify(src/runs) by extension 'colcon_pkg'
[1.045s] Level 1:colcon.colcon_core.package_identification:_identify(src/runs) by extensions ['colcon_meta']
[1.045s] Level 1:colcon.colcon_core.package_identification:_identify(src/runs) by extension 'colcon_meta'
[1.045s] Level 1:colcon.colcon_core.package_identification:_identify(src/runs) by extensions ['ros']
[1.045s] Level 1:colcon.colcon_core.package_identification:_identify(src/runs) by extension 'ros'
[1.045s] Level 1:colcon.colcon_core.package_identification:_identify(src/runs) by extensions ['cmake', 'python']
[1.045s] Level 1:colcon.colcon_core.package_identification:_identify(src/runs) by extension 'cmake'
[1.045s] Level 1:colcon.colcon_core.package_identification:_identify(src/runs) by extension 'python'
[1.045s] Level 1:colcon.colcon_core.package_identification:_identify(src/runs) by extensions ['python_setup_py']
[1.045s] Level 1:colcon.colcon_core.package_identification:_identify(src/runs) by extension 'python_setup_py'
[1.046s] Level 1:colcon.colcon_core.package_identification:_identify(src/runs/detect) by extensions ['ignore', 'ignore_ament_install']
[1.046s] Level 1:colcon.colcon_core.package_identification:_identify(src/runs/detect) by extension 'ignore'
[1.046s] Level 1:colcon.colcon_core.package_identification:_identify(src/runs/detect) by extension 'ignore_ament_install'
[1.046s] Level 1:colcon.colcon_core.package_identification:_identify(src/runs/detect) by extensions ['colcon_pkg']
[1.046s] Level 1:colcon.colcon_core.package_identification:_identify(src/runs/detect) by extension 'colcon_pkg'
[1.046s] Level 1:colcon.colcon_core.package_identification:_identify(src/runs/detect) by extensions ['colcon_meta']
[1.046s] Level 1:colcon.colcon_core.package_identification:_identify(src/runs/detect) by extension 'colcon_meta'
[1.046s] Level 1:colcon.colcon_core.package_identification:_identify(src/runs/detect) by extensions ['ros']
[1.046s] Level 1:colcon.colcon_core.package_identification:_identify(src/runs/detect) by extension 'ros'
[1.046s] Level 1:colcon.colcon_core.package_identification:_identify(src/runs/detect) by extensions ['cmake', 'python']
[1.046s] Level 1:colcon.colcon_core.package_identification:_identify(src/runs/detect) by extension 'cmake'
[1.046s] Level 1:colcon.colcon_core.package_identification:_identify(src/runs/detect) by extension 'python'
[1.046s] Level 1:colcon.colcon_core.package_identification:_identify(src/runs/detect) by extensions ['python_setup_py']
[1.046s] Level 1:colcon.colcon_core.package_identification:_identify(src/runs/detect) by extension 'python_setup_py'
[1.046s] Level 1:colcon.colcon_core.package_identification:_identify(src/runs/detect/predict) by extensions ['ignore', 'ignore_ament_install']
[1.046s] Level 1:colcon.colcon_core.package_identification:_identify(src/runs/detect/predict) by extension 'ignore'
[1.046s] Level 1:colcon.colcon_core.package_identification:_identify(src/runs/detect/predict) by extension 'ignore_ament_install'
[1.046s] Level 1:colcon.colcon_core.package_identification:_identify(src/runs/detect/predict) by extensions ['colcon_pkg']
[1.046s] Level 1:colcon.colcon_core.package_identification:_identify(src/runs/detect/predict) by extension 'colcon_pkg'
[1.046s] Level 1:colcon.colcon_core.package_identification:_identify(src/runs/detect/predict) by extensions ['colcon_meta']
[1.046s] Level 1:colcon.colcon_core.package_identification:_identify(src/runs/detect/predict) by extension 'colcon_meta'
[1.047s] Level 1:colcon.colcon_core.package_identification:_identify(src/runs/detect/predict) by extensions ['ros']
[1.047s] Level 1:colcon.colcon_core.package_identification:_identify(src/runs/detect/predict) by extension 'ros'
[1.047s] Level 1:colcon.colcon_core.package_identification:_identify(src/runs/detect/predict) by extensions ['cmake', 'python']
[1.047s] Level 1:colcon.colcon_core.package_identification:_identify(src/runs/detect/predict) by extension 'cmake'
[1.047s] Level 1:colcon.colcon_core.package_identification:_identify(src/runs/detect/predict) by extension 'python'
[1.047s] Level 1:colcon.colcon_core.package_identification:_identify(src/runs/detect/predict) by extensions ['python_setup_py']
[1.047s] Level 1:colcon.colcon_core.package_identification:_identify(src/runs/detect/predict) by extension 'python_setup_py'
[1.047s] Level 1:colcon.colcon_core.package_identification:_identify(src/runs/detect/predict2) by extensions ['ignore', 'ignore_ament_install']
[1.047s] Level 1:colcon.colcon_core.package_identification:_identify(src/runs/detect/predict2) by extension 'ignore'
[1.047s] Level 1:colcon.colcon_core.package_identification:_identify(src/runs/detect/predict2) by extension 'ignore_ament_install'
[1.047s] Level 1:colcon.colcon_core.package_identification:_identify(src/runs/detect/predict2) by extensions ['colcon_pkg']
[1.047s] Level 1:colcon.colcon_core.package_identification:_identify(src/runs/detect/predict2) by extension 'colcon_pkg'
[1.047s] Level 1:colcon.colcon_core.package_identification:_identify(src/runs/detect/predict2) by extensions ['colcon_meta']
[1.047s] Level 1:colcon.colcon_core.package_identification:_identify(src/runs/detect/predict2) by extension 'colcon_meta'
[1.047s] Level 1:colcon.colcon_core.package_identification:_identify(src/runs/detect/predict2) by extensions ['ros']
[1.047s] Level 1:colcon.colcon_core.package_identification:_identify(src/runs/detect/predict2) by extension 'ros'
[1.047s] Level 1:colcon.colcon_core.package_identification:_identify(src/runs/detect/predict2) by extensions ['cmake', 'python']
[1.047s] Level 1:colcon.colcon_core.package_identification:_identify(src/runs/detect/predict2) by extension 'cmake'
[1.047s] Level 1:colcon.colcon_core.package_identification:_identify(src/runs/detect/predict2) by extension 'python'
[1.047s] Level 1:colcon.colcon_core.package_identification:_identify(src/runs/detect/predict2) by extensions ['python_setup_py']
[1.047s] Level 1:colcon.colcon_core.package_identification:_identify(src/runs/detect/predict2) by extension 'python_setup_py'
[1.048s] Level 1:colcon.colcon_core.package_identification:_identify(src/runs/detect/predict3) by extensions ['ignore', 'ignore_ament_install']
[1.048s] Level 1:colcon.colcon_core.package_identification:_identify(src/runs/detect/predict3) by extension 'ignore'
[1.048s] Level 1:colcon.colcon_core.package_identification:_identify(src/runs/detect/predict3) by extension 'ignore_ament_install'
[1.048s] Level 1:colcon.colcon_core.package_identification:_identify(src/runs/detect/predict3) by extensions ['colcon_pkg']
[1.048s] Level 1:colcon.colcon_core.package_identification:_identify(src/runs/detect/predict3) by extension 'colcon_pkg'
[1.048s] Level 1:colcon.colcon_core.package_identification:_identify(src/runs/detect/predict3) by extensions ['colcon_meta']
[1.048s] Level 1:colcon.colcon_core.package_identification:_identify(src/runs/detect/predict3) by extension 'colcon_meta'
[1.048s] Level 1:colcon.colcon_core.package_identification:_identify(src/runs/detect/predict3) by extensions ['ros']
[1.048s] Level 1:colcon.colcon_core.package_identification:_identify(src/runs/detect/predict3) by extension 'ros'
[1.048s] Level 1:colcon.colcon_core.package_identification:_identify(src/runs/detect/predict3) by extensions ['cmake', 'python']
[1.048s] Level 1:colcon.colcon_core.package_identification:_identify(src/runs/detect/predict3) by extension 'cmake'
[1.048s] Level 1:colcon.colcon_core.package_identification:_identify(src/runs/detect/predict3) by extension 'python'
[1.048s] Level 1:colcon.colcon_core.package_identification:_identify(src/runs/detect/predict3) by extensions ['python_setup_py']
[1.048s] Level 1:colcon.colcon_core.package_identification:_identify(src/runs/detect/predict3) by extension 'python_setup_py'
[1.048s] Level 1:colcon.colcon_core.package_identification:_identify(src/runs/detect/predict4) by extensions ['ignore', 'ignore_ament_install']
[1.048s] Level 1:colcon.colcon_core.package_identification:_identify(src/runs/detect/predict4) by extension 'ignore'
[1.048s] Level 1:colcon.colcon_core.package_identification:_identify(src/runs/detect/predict4) by extension 'ignore_ament_install'
[1.048s] Level 1:colcon.colcon_core.package_identification:_identify(src/runs/detect/predict4) by extensions ['colcon_pkg']
[1.048s] Level 1:colcon.colcon_core.package_identification:_identify(src/runs/detect/predict4) by extension 'colcon_pkg'
[1.048s] Level 1:colcon.colcon_core.package_identification:_identify(src/runs/detect/predict4) by extensions ['colcon_meta']
[1.048s] Level 1:colcon.colcon_core.package_identification:_identify(src/runs/detect/predict4) by extension 'colcon_meta'
[1.049s] Level 1:colcon.colcon_core.package_identification:_identify(src/runs/detect/predict4) by extensions ['ros']
[1.049s] Level 1:colcon.colcon_core.package_identification:_identify(src/runs/detect/predict4) by extension 'ros'
[1.049s] Level 1:colcon.colcon_core.package_identification:_identify(src/runs/detect/predict4) by extensions ['cmake', 'python']
[1.049s] Level 1:colcon.colcon_core.package_identification:_identify(src/runs/detect/predict4) by extension 'cmake'
[1.049s] Level 1:colcon.colcon_core.package_identification:_identify(src/runs/detect/predict4) by extension 'python'
[1.049s] Level 1:colcon.colcon_core.package_identification:_identify(src/runs/detect/predict4) by extensions ['python_setup_py']
[1.049s] Level 1:colcon.colcon_core.package_identification:_identify(src/runs/detect/predict4) by extension 'python_setup_py'
[1.049s] Level 1:colcon.colcon_core.package_identification:_identify(src/runs/detect/predict5) by extensions ['ignore', 'ignore_ament_install']
[1.049s] Level 1:colcon.colcon_core.package_identification:_identify(src/runs/detect/predict5) by extension 'ignore'
[1.049s] Level 1:colcon.colcon_core.package_identification:_identify(src/runs/detect/predict5) by extension 'ignore_ament_install'
[1.049s] Level 1:colcon.colcon_core.package_identification:_identify(src/runs/detect/predict5) by extensions ['colcon_pkg']
[1.049s] Level 1:colcon.colcon_core.package_identification:_identify(src/runs/detect/predict5) by extension 'colcon_pkg'
[1.049s] Level 1:colcon.colcon_core.package_identification:_identify(src/runs/detect/predict5) by extensions ['colcon_meta']
[1.049s] Level 1:colcon.colcon_core.package_identification:_identify(src/runs/detect/predict5) by extension 'colcon_meta'
[1.049s] Level 1:colcon.colcon_core.package_identification:_identify(src/runs/detect/predict5) by extensions ['ros']
[1.049s] Level 1:colcon.colcon_core.package_identification:_identify(src/runs/detect/predict5) by extension 'ros'
[1.049s] Level 1:colcon.colcon_core.package_identification:_identify(src/runs/detect/predict5) by extensions ['cmake', 'python']
[1.049s] Level 1:colcon.colcon_core.package_identification:_identify(src/runs/detect/predict5) by extension 'cmake'
[1.049s] Level 1:colcon.colcon_core.package_identification:_identify(src/runs/detect/predict5) by extension 'python'
[1.049s] Level 1:colcon.colcon_core.package_identification:_identify(src/runs/detect/predict5) by extensions ['python_setup_py']
[1.049s] Level 1:colcon.colcon_core.package_identification:_identify(src/runs/detect/predict5) by extension 'python_setup_py'
[1.049s] Level 1:colcon.colcon_core.package_identification:_identify(src/runs/detect/predict6) by extensions ['ignore', 'ignore_ament_install']
[1.050s] Level 1:colcon.colcon_core.package_identification:_identify(src/runs/detect/predict6) by extension 'ignore'
[1.050s] Level 1:colcon.colcon_core.package_identification:_identify(src/runs/detect/predict6) by extension 'ignore_ament_install'
[1.050s] Level 1:colcon.colcon_core.package_identification:_identify(src/runs/detect/predict6) by extensions ['colcon_pkg']
[1.050s] Level 1:colcon.colcon_core.package_identification:_identify(src/runs/detect/predict6) by extension 'colcon_pkg'
[1.050s] Level 1:colcon.colcon_core.package_identification:_identify(src/runs/detect/predict6) by extensions ['colcon_meta']
[1.050s] Level 1:colcon.colcon_core.package_identification:_identify(src/runs/detect/predict6) by extension 'colcon_meta'
[1.050s] Level 1:colcon.colcon_core.package_identification:_identify(src/runs/detect/predict6) by extensions ['ros']
[1.050s] Level 1:colcon.colcon_core.package_identification:_identify(src/runs/detect/predict6) by extension 'ros'
[1.050s] Level 1:colcon.colcon_core.package_identification:_identify(src/runs/detect/predict6) by extensions ['cmake', 'python']
[1.050s] Level 1:colcon.colcon_core.package_identification:_identify(src/runs/detect/predict6) by extension 'cmake'
[1.050s] Level 1:colcon.colcon_core.package_identification:_identify(src/runs/detect/predict6) by extension 'python'
[1.050s] Level 1:colcon.colcon_core.package_identification:_identify(src/runs/detect/predict6) by extensions ['python_setup_py']
[1.050s] Level 1:colcon.colcon_core.package_identification:_identify(src/runs/detect/predict6) by extension 'python_setup_py'
[1.050s] Level 1:colcon.colcon_core.package_identification:_identify(src/runs/detect/predict7) by extensions ['ignore', 'ignore_ament_install']
[1.050s] Level 1:colcon.colcon_core.package_identification:_identify(src/runs/detect/predict7) by extension 'ignore'
[1.050s] Level 1:colcon.colcon_core.package_identification:_identify(src/runs/detect/predict7) by extension 'ignore_ament_install'
[1.050s] Level 1:colcon.colcon_core.package_identification:_identify(src/runs/detect/predict7) by extensions ['colcon_pkg']
[1.050s] Level 1:colcon.colcon_core.package_identification:_identify(src/runs/detect/predict7) by extension 'colcon_pkg'
[1.050s] Level 1:colcon.colcon_core.package_identification:_identify(src/runs/detect/predict7) by extensions ['colcon_meta']
[1.050s] Level 1:colcon.colcon_core.package_identification:_identify(src/runs/detect/predict7) by extension 'colcon_meta'
[1.051s] Level 1:colcon.colcon_core.package_identification:_identify(src/runs/detect/predict7) by extensions ['ros']
[1.051s] Level 1:colcon.colcon_core.package_identification:_identify(src/runs/detect/predict7) by extension 'ros'
[1.051s] Level 1:colcon.colcon_core.package_identification:_identify(src/runs/detect/predict7) by extensions ['cmake', 'python']
[1.051s] Level 1:colcon.colcon_core.package_identification:_identify(src/runs/detect/predict7) by extension 'cmake'
[1.051s] Level 1:colcon.colcon_core.package_identification:_identify(src/runs/detect/predict7) by extension 'python'
[1.051s] Level 1:colcon.colcon_core.package_identification:_identify(src/runs/detect/predict7) by extensions ['python_setup_py']
[1.051s] Level 1:colcon.colcon_core.package_identification:_identify(src/runs/detect/predict7) by extension 'python_setup_py'
[1.051s] Level 1:colcon.colcon_core.package_discovery:discover_packages(recursive) using defaults
[1.051s] Level 1:colcon.colcon_core.package_discovery:discover_packages(ignore) discover
[1.051s] Level 1:colcon.colcon_core.package_discovery:discover_packages(ignore) using defaults
[1.051s] Level 1:colcon.colcon_core.package_discovery:discover_packages(path) discover
[1.051s] Level 1:colcon.colcon_core.package_discovery:discover_packages(path) using defaults
[1.135s] Level 1:colcon.colcon_core.package_discovery:discover_packages(prefix_path) check parameters
[1.135s] Level 1:colcon.colcon_core.package_discovery:discover_packages(prefix_path) discover
[1.163s] DEBUG:colcon.colcon_installed_package_information.package_discovery:Found 2 installed packages in /home/jackson/AI-RedBack-Vision/franka_ws/install
[1.185s] DEBUG:colcon.colcon_installed_package_information.package_discovery:Found 1 installed packages in /home/jackson/learn_ros/ros_ws/install
[1.201s] DEBUG:colcon.colcon_installed_package_information.package_discovery:Found 355 installed packages in /opt/ros/humble
[1.202s] Level 1:colcon.colcon_core.package_discovery:discover_packages(prefix_path) using defaults
[1.289s] Level 5:colcon.colcon_core.verb:set package 'depth_estimator' build argument 'cmake_args' from command line to 'None'
[1.289s] Level 5:colcon.colcon_core.verb:set package 'depth_estimator' build argument 'cmake_target' from command line to 'None'
[1.289s] Level 5:colcon.colcon_core.verb:set package 'depth_estimator' build argument 'cmake_target_skip_unavailable' from command line to 'False'
[1.289s] Level 5:colcon.colcon_core.verb:set package 'depth_estimator' build argument 'cmake_clean_cache' from command line to 'False'
[1.289s] Level 5:colcon.colcon_core.verb:set package 'depth_estimator' build argument 'cmake_clean_first' from command line to 'False'
[1.289s] Level 5:colcon.colcon_core.verb:set package 'depth_estimator' build argument 'cmake_force_configure' from command line to 'False'
[1.289s] Level 5:colcon.colcon_core.verb:set package 'depth_estimator' build argument 'ament_cmake_args' from command line to 'None'
[1.289s] Level 5:colcon.colcon_core.verb:set package 'depth_estimator' build argument 'catkin_cmake_args' from command line to 'None'
[1.290s] Level 5:colcon.colcon_core.verb:set package 'depth_estimator' build argument 'catkin_skip_building_tests' from command line to 'False'
[1.290s] DEBUG:colcon.colcon_core.verb:Building package 'depth_estimator' with the following arguments: {'ament_cmake_args': None, 'build_base': '/home/jackson/AI-RedBack-Vision/franka_ws/build/depth_estimator', 'catkin_cmake_args': None, 'catkin_skip_building_tests': False, 'cmake_args': None, 'cmake_clean_cache': False, 'cmake_clean_first': False, 'cmake_force_configure': False, 'cmake_target': None, 'cmake_target_skip_unavailable': False, 'install_base': '/home/jackson/AI-RedBack-Vision/franka_ws/install/depth_estimator', 'merge_install': False, 'path': '/home/jackson/AI-RedBack-Vision/franka_ws/src/depth_estimator', 'symlink_install': True, 'test_result_base': None}
[1.303s] Level 5:colcon.colcon_core.verb:set package 'object_detector' build argument 'cmake_args' from command line to 'None'
[1.303s] Level 5:colcon.colcon_core.verb:set package 'object_detector' build argument 'cmake_target' from command line to 'None'
[1.303s] Level 5:colcon.colcon_core.verb:set package 'object_detector' build argument 'cmake_target_skip_unavailable' from command line to 'False'
[1.303s] Level 5:colcon.colcon_core.verb:set package 'object_detector' build argument 'cmake_clean_cache' from command line to 'False'
[1.303s] Level 5:colcon.colcon_core.verb:set package 'object_detector' build argument 'cmake_clean_first' from command line to 'False'
[1.303s] Level 5:colcon.colcon_core.verb:set package 'object_detector' build argument 'cmake_force_configure' from command line to 'False'
[1.303s] Level 5:colcon.colcon_core.verb:set package 'object_detector' build argument 'ament_cmake_args' from command line to 'None'
[1.303s] Level 5:colcon.colcon_core.verb:set package 'object_detector' build argument 'catkin_cmake_args' from command line to 'None'
[1.303s] Level 5:colcon.colcon_core.verb:set package 'object_detector' build argument 'catkin_skip_building_tests' from command line to 'False'
[1.303s] DEBUG:colcon.colcon_core.verb:Building package 'object_detector' with the following arguments: {'ament_cmake_args': None, 'build_base': '/home/jackson/AI-RedBack-Vision/franka_ws/build/object_detector', 'catkin_cmake_args': None, 'catkin_skip_building_tests': False, 'cmake_args': None, 'cmake_clean_cache': False, 'cmake_clean_first': False, 'cmake_force_configure': False, 'cmake_target': None, 'cmake_target_skip_unavailable': False, 'install_base': '/home/jackson/AI-RedBack-Vision/franka_ws/install/object_detector', 'merge_install': False, 'path': '/home/jackson/AI-RedBack-Vision/franka_ws/src/object_detector', 'symlink_install': True, 'test_result_base': None}
[1.317s] INFO:colcon.colcon_core.executor:Executing jobs using 'parallel' executor
[1.331s] DEBUG:colcon.colcon_parallel_executor.executor.parallel:run_until_complete
[1.331s] INFO:colcon.colcon_ros.task.ament_python.build:Building ROS package in '/home/jackson/AI-RedBack-Vision/franka_ws/src/depth_estimator' with build type 'ament_python'
[1.331s] Level 1:colcon.colcon_core.shell:create_environment_hook('depth_estimator', 'ament_prefix_path')
[1.347s] INFO:colcon.colcon_core.plugin_system:Skipping extension 'colcon_core.shell.bat': Not used on non-Windows systems
[1.348s] INFO:colcon.colcon_core.shell:Creating environment hook '/home/jackson/AI-RedBack-Vision/franka_ws/install/depth_estimator/share/depth_estimator/hook/ament_prefix_path.ps1'
[1.348s] INFO:colcon.colcon_core.shell:Creating environment descriptor '/home/jackson/AI-RedBack-Vision/franka_ws/install/depth_estimator/share/depth_estimator/hook/ament_prefix_path.dsv'
[1.349s] INFO:colcon.colcon_core.shell:Creating environment hook '/home/jackson/AI-RedBack-Vision/franka_ws/install/depth_estimator/share/depth_estimator/hook/ament_prefix_path.sh'
[1.363s] INFO:colcon.colcon_core.shell:Skip shell extension 'powershell' for command environment: Not usable outside of PowerShell
[1.363s] DEBUG:colcon.colcon_core.shell:Skip shell extension 'dsv' for command environment
[1.424s] INFO:colcon.colcon_ros.task.ament_python.build:Building ROS package in '/home/jackson/AI-RedBack-Vision/franka_ws/src/object_detector' with build type 'ament_python'
[1.424s] Level 1:colcon.colcon_core.shell:create_environment_hook('object_detector', 'ament_prefix_path')
[1.439s] INFO:colcon.colcon_core.shell:Creating environment hook '/home/jackson/AI-RedBack-Vision/franka_ws/install/object_detector/share/object_detector/hook/ament_prefix_path.ps1'
[1.439s] INFO:colcon.colcon_core.shell:Creating environment descriptor '/home/jackson/AI-RedBack-Vision/franka_ws/install/object_detector/share/object_detector/hook/ament_prefix_path.dsv'
[1.440s] INFO:colcon.colcon_core.shell:Creating environment hook '/home/jackson/AI-RedBack-Vision/franka_ws/install/object_detector/share/object_detector/hook/ament_prefix_path.sh'
[1.454s] INFO:colcon.colcon_core.shell:Skip shell extension 'powershell' for command environment: Not usable outside of PowerShell
[1.454s] DEBUG:colcon.colcon_core.shell:Skip shell extension 'dsv' for command environment
[1.772s] INFO:colcon.colcon_core.task.python.build:Building Python package in '/home/jackson/AI-RedBack-Vision/franka_ws/src/depth_estimator'
[1.788s] INFO:colcon.colcon_core.shell:Skip shell extension 'powershell' for command environment: Not usable outside of PowerShell
[1.788s] DEBUG:colcon.colcon_core.shell:Skip shell extension 'dsv' for command environment
[2.088s] INFO:colcon.colcon_core.task.python.build:Building Python package in '/home/jackson/AI-RedBack-Vision/franka_ws/src/object_detector'
[2.102s] INFO:colcon.colcon_core.shell:Skip shell extension 'powershell' for command environment: Not usable outside of PowerShell
[2.102s] DEBUG:colcon.colcon_core.shell:Skip shell extension 'dsv' for command environment
[2.481s] DEBUG:colcon.colcon_core.event_handler.log_command:Invoking command in '/home/jackson/AI-RedBack-Vision/franka_ws/build/depth_estimator': PYTHONPATH=/home/jackson/AI-RedBack-Vision/franka_ws/build/depth_estimator/prefix_override:/home/jackson/AI-RedBack-Vision/franka_ws/install/depth_estimator/lib/python3.10/site-packages:${PYTHONPATH} /usr/bin/python3 setup.py develop --editable --build-directory /home/jackson/AI-RedBack-Vision/franka_ws/build/depth_estimator/build --no-deps install_data
[2.485s] DEBUG:colcon.colcon_core.event_handler.log_command:Invoking command in '/home/jackson/AI-RedBack-Vision/franka_ws/build/object_detector': PYTHONPATH=/home/jackson/AI-RedBack-Vision/franka_ws/build/object_detector/prefix_override:/home/jackson/AI-RedBack-Vision/franka_ws/install/object_detector/lib/python3.10/site-packages:${PYTHONPATH} /usr/bin/python3 setup.py develop --editable --build-directory /home/jackson/AI-RedBack-Vision/franka_ws/build/object_detector/build --no-deps install_data
[2.924s] Level 1:colcon.colcon_core.shell:create_environment_hook('depth_estimator', 'pythonpath_develop')
[2.925s] DEBUG:colcon.colcon_core.event_handler.log_command:Invoked command in '/home/jackson/AI-RedBack-Vision/franka_ws/build/depth_estimator' returned '0': PYTHONPATH=/home/jackson/AI-RedBack-Vision/franka_ws/build/depth_estimator/prefix_override:/home/jackson/AI-RedBack-Vision/franka_ws/install/depth_estimator/lib/python3.10/site-packages:${PYTHONPATH} /usr/bin/python3 setup.py develop --editable --build-directory /home/jackson/AI-RedBack-Vision/franka_ws/build/depth_estimator/build --no-deps install_data
[2.941s] INFO:colcon.colcon_core.shell:Creating environment hook '/home/jackson/AI-RedBack-Vision/franka_ws/build/depth_estimator/share/depth_estimator/hook/pythonpath_develop.ps1'
[2.941s] INFO:colcon.colcon_core.shell:Creating environment descriptor '/home/jackson/AI-RedBack-Vision/franka_ws/build/depth_estimator/share/depth_estimator/hook/pythonpath_develop.dsv'
[2.942s] INFO:colcon.colcon_core.shell:Creating environment hook '/home/jackson/AI-RedBack-Vision/franka_ws/build/depth_estimator/share/depth_estimator/hook/pythonpath_develop.sh'
[2.959s] Level 1:colcon.colcon_core.environment:checking '/home/jackson/AI-RedBack-Vision/franka_ws/install/depth_estimator' for CMake module files
[2.959s] Level 1:colcon.colcon_core.environment:checking '/home/jackson/AI-RedBack-Vision/franka_ws/install/depth_estimator' for CMake config files
[2.960s] Level 1:colcon.colcon_core.environment:checking '/home/jackson/AI-RedBack-Vision/franka_ws/install/depth_estimator/lib'
[2.960s] Level 1:colcon.colcon_core.environment:checking '/home/jackson/AI-RedBack-Vision/franka_ws/install/depth_estimator/bin'
[2.960s] Level 1:colcon.colcon_core.environment:checking '/home/jackson/AI-RedBack-Vision/franka_ws/install/depth_estimator/lib/pkgconfig/depth_estimator.pc'
[2.960s] Level 1:colcon.colcon_core.environment:checking '/home/jackson/AI-RedBack-Vision/franka_ws/install/depth_estimator/lib/python3.10/site-packages'
[2.960s] Level 1:colcon.colcon_core.shell:create_environment_hook('depth_estimator', 'pythonpath')
[2.975s] INFO:colcon.colcon_core.shell:Creating environment hook '/home/jackson/AI-RedBack-Vision/franka_ws/install/depth_estimator/share/depth_estimator/hook/pythonpath.ps1'
[2.975s] INFO:colcon.colcon_core.shell:Creating environment descriptor '/home/jackson/AI-RedBack-Vision/franka_ws/install/depth_estimator/share/depth_estimator/hook/pythonpath.dsv'
[2.975s] INFO:colcon.colcon_core.shell:Creating environment hook '/home/jackson/AI-RedBack-Vision/franka_ws/install/depth_estimator/share/depth_estimator/hook/pythonpath.sh'
[2.976s] Level 1:colcon.colcon_core.environment:checking '/home/jackson/AI-RedBack-Vision/franka_ws/install/depth_estimator/bin'
[2.976s] Level 1:colcon.colcon_core.environment:create_environment_scripts_only(depth_estimator)
[2.992s] INFO:colcon.colcon_core.shell:Creating package script '/home/jackson/AI-RedBack-Vision/franka_ws/install/depth_estimator/share/depth_estimator/package.ps1'
[2.993s] INFO:colcon.colcon_core.shell:Creating package descriptor '/home/jackson/AI-RedBack-Vision/franka_ws/install/depth_estimator/share/depth_estimator/package.dsv'
[2.994s] INFO:colcon.colcon_core.shell:Creating package script '/home/jackson/AI-RedBack-Vision/franka_ws/install/depth_estimator/share/depth_estimator/package.sh'
[2.994s] INFO:colcon.colcon_core.shell:Creating package script '/home/jackson/AI-RedBack-Vision/franka_ws/install/depth_estimator/share/depth_estimator/package.bash'
[2.995s] INFO:colcon.colcon_core.shell:Creating package script '/home/jackson/AI-RedBack-Vision/franka_ws/install/depth_estimator/share/depth_estimator/package.zsh'
[2.996s] Level 1:colcon.colcon_core.environment:create_file_with_runtime_dependencies(/home/jackson/AI-RedBack-Vision/franka_ws/install/depth_estimator/share/colcon-core/packages/depth_estimator)
[2.997s] Level 1:colcon.colcon_core.shell:create_environment_hook('object_detector', 'pythonpath_develop')
[2.998s] DEBUG:colcon.colcon_core.event_handler.log_command:Invoked command in '/home/jackson/AI-RedBack-Vision/franka_ws/build/object_detector' returned '0': PYTHONPATH=/home/jackson/AI-RedBack-Vision/franka_ws/build/object_detector/prefix_override:/home/jackson/AI-RedBack-Vision/franka_ws/install/object_detector/lib/python3.10/site-packages:${PYTHONPATH} /usr/bin/python3 setup.py develop --editable --build-directory /home/jackson/AI-RedBack-Vision/franka_ws/build/object_detector/build --no-deps install_data
[3.014s] INFO:colcon.colcon_core.shell:Creating environment hook '/home/jackson/AI-RedBack-Vision/franka_ws/build/object_detector/share/object_detector/hook/pythonpath_develop.ps1'
[3.014s] INFO:colcon.colcon_core.shell:Creating environment descriptor '/home/jackson/AI-RedBack-Vision/franka_ws/build/object_detector/share/object_detector/hook/pythonpath_develop.dsv'
[3.014s] INFO:colcon.colcon_core.shell:Creating environment hook '/home/jackson/AI-RedBack-Vision/franka_ws/build/object_detector/share/object_detector/hook/pythonpath_develop.sh'
[3.029s] Level 1:colcon.colcon_core.environment:checking '/home/jackson/AI-RedBack-Vision/franka_ws/install/object_detector' for CMake module files
[3.030s] Level 1:colcon.colcon_core.environment:checking '/home/jackson/AI-RedBack-Vision/franka_ws/install/object_detector' for CMake config files
[3.030s] Level 1:colcon.colcon_core.environment:checking '/home/jackson/AI-RedBack-Vision/franka_ws/install/object_detector/lib'
[3.030s] Level 1:colcon.colcon_core.environment:checking '/home/jackson/AI-RedBack-Vision/franka_ws/install/object_detector/bin'
[3.030s] Level 1:colcon.colcon_core.environment:checking '/home/jackson/AI-RedBack-Vision/franka_ws/install/object_detector/lib/pkgconfig/object_detector.pc'
[3.031s] Level 1:colcon.colcon_core.environment:checking '/home/jackson/AI-RedBack-Vision/franka_ws/install/object_detector/lib/python3.10/site-packages'
[3.031s] Level 1:colcon.colcon_core.shell:create_environment_hook('object_detector', 'pythonpath')
[3.046s] INFO:colcon.colcon_core.shell:Creating environment hook '/home/jackson/AI-RedBack-Vision/franka_ws/install/object_detector/share/object_detector/hook/pythonpath.ps1'
[3.046s] INFO:colcon.colcon_core.shell:Creating environment descriptor '/home/jackson/AI-RedBack-Vision/franka_ws/install/object_detector/share/object_detector/hook/pythonpath.dsv'
[3.047s] INFO:colcon.colcon_core.shell:Creating environment hook '/home/jackson/AI-RedBack-Vision/franka_ws/install/object_detector/share/object_detector/hook/pythonpath.sh'
[3.047s] Level 1:colcon.colcon_core.environment:checking '/home/jackson/AI-RedBack-Vision/franka_ws/install/object_detector/bin'
[3.047s] Level 1:colcon.colcon_core.environment:create_environment_scripts_only(object_detector)
[3.062s] INFO:colcon.colcon_core.shell:Creating package script '/home/jackson/AI-RedBack-Vision/franka_ws/install/object_detector/share/object_detector/package.ps1'
[3.063s] INFO:colcon.colcon_core.shell:Creating package descriptor '/home/jackson/AI-RedBack-Vision/franka_ws/install/object_detector/share/object_detector/package.dsv'
[3.063s] INFO:colcon.colcon_core.shell:Creating package script '/home/jackson/AI-RedBack-Vision/franka_ws/install/object_detector/share/object_detector/package.sh'
[3.064s] INFO:colcon.colcon_core.shell:Creating package script '/home/jackson/AI-RedBack-Vision/franka_ws/install/object_detector/share/object_detector/package.bash'
[3.064s] INFO:colcon.colcon_core.shell:Creating package script '/home/jackson/AI-RedBack-Vision/franka_ws/install/object_detector/share/object_detector/package.zsh'
[3.064s] Level 1:colcon.colcon_core.environment:create_file_with_runtime_dependencies(/home/jackson/AI-RedBack-Vision/franka_ws/install/object_detector/share/colcon-core/packages/object_detector)
[3.065s] DEBUG:colcon.colcon_parallel_executor.executor.parallel:closing loop
[3.065s] DEBUG:colcon.colcon_parallel_executor.executor.parallel:loop closed
[3.065s] DEBUG:colcon.colcon_parallel_executor.executor.parallel:run_until_complete finished with '0'
[3.065s] DEBUG:colcon.colcon_core.event_reactor:joining thread
[3.085s] INFO:colcon.colcon_core.plugin_system:Skipping extension 'colcon_notification.desktop_notification.terminal_notifier': Not used on non-Darwin systems
[3.085s] INFO:colcon.colcon_core.plugin_system:Skipping extension 'colcon_notification.desktop_notification.win32': Not used on non-Windows systems
[3.085s] INFO:colcon.colcon_notification.desktop_notification:Sending desktop notification using 'notify2'
[3.096s] DEBUG:colcon.colcon_core.event_reactor:joined thread
[3.111s] INFO:colcon.colcon_core.shell:Creating prefix script '/home/jackson/AI-RedBack-Vision/franka_ws/install/local_setup.ps1'
[3.113s] INFO:colcon.colcon_core.shell:Creating prefix util module '/home/jackson/AI-RedBack-Vision/franka_ws/install/_local_setup_util_ps1.py'
[3.114s] INFO:colcon.colcon_core.shell:Creating prefix chain script '/home/jackson/AI-RedBack-Vision/franka_ws/install/setup.ps1'
[3.132s] INFO:colcon.colcon_core.shell:Creating prefix script '/home/jackson/AI-RedBack-Vision/franka_ws/install/local_setup.sh'
[3.132s] INFO:colcon.colcon_core.shell:Creating prefix util module '/home/jackson/AI-RedBack-Vision/franka_ws/install/_local_setup_util_sh.py'
[3.133s] INFO:colcon.colcon_core.shell:Creating prefix chain script '/home/jackson/AI-RedBack-Vision/franka_ws/install/setup.sh'
[3.149s] INFO:colcon.colcon_core.shell:Creating prefix script '/home/jackson/AI-RedBack-Vision/franka_ws/install/local_setup.bash'
[3.149s] INFO:colcon.colcon_core.shell:Creating prefix chain script '/home/jackson/AI-RedBack-Vision/franka_ws/install/setup.bash'
[3.166s] INFO:colcon.colcon_core.shell:Creating prefix script '/home/jackson/AI-RedBack-Vision/franka_ws/install/local_setup.zsh'
[3.166s] INFO:colcon.colcon_core.shell:Creating prefix chain script '/home/jackson/AI-RedBack-Vision/franka_ws/install/setup.zsh'
