[0.715s] Invoking command in '/home/wagw/openpose_ws/build/openpose_controller': PYTHONPATH=/home/wagw/openpose_ws/build/openpose_controller/prefix_override:/home/wagw/openpose_ws/install/openpose_controller/lib/python3.10/site-packages:${PYTHONPATH} /usr/bin/python3 setup.py develop --uninstall --editable --build-directory /home/wagw/openpose_ws/build/openpose_controller/build
[0.973s] running develop
[1.138s] Removing /home/wagw/openpose_ws/install/openpose_controller/lib/python3.10/site-packages/openpose-controller.egg-link (link to .)
[1.160s] Invoked command in '/home/wagw/openpose_ws/build/openpose_controller' returned '0': PYTHONPATH=/home/wagw/openpose_ws/build/openpose_controller/prefix_override:/home/wagw/openpose_ws/install/openpose_controller/lib/python3.10/site-packages:${PYTHONPATH} /usr/bin/python3 setup.py develop --uninstall --editable --build-directory /home/wagw/openpose_ws/build/openpose_controller/build
[1.162s] Invoking command in '/home/wagw/openpose_ws/src/openpose_controller': PYTHONPATH=/home/wagw/openpose_ws/build/openpose_controller/prefix_override:/home/wagw/openpose_ws/install/openpose_controller/lib/python3.10/site-packages:${PYTHONPATH} /usr/bin/python3 setup.py egg_info --egg-base ../../build/openpose_controller build --build-base /home/wagw/openpose_ws/build/openpose_controller/build install --record /home/wagw/openpose_ws/build/openpose_controller/install.log --single-version-externally-managed
[1.388s] running egg_info
[1.389s] writing ../../build/openpose_controller/openpose_controller.egg-info/PKG-INFO
[1.389s] writing dependency_links to ../../build/openpose_controller/openpose_controller.egg-info/dependency_links.txt
[1.389s] writing entry points to ../../build/openpose_controller/openpose_controller.egg-info/entry_points.txt
[1.389s] writing requirements to ../../build/openpose_controller/openpose_controller.egg-info/requires.txt
[1.389s] writing top-level names to ../../build/openpose_controller/openpose_controller.egg-info/top_level.txt
[1.391s] reading manifest file '../../build/openpose_controller/openpose_controller.egg-info/SOURCES.txt'
[1.392s] writing manifest file '../../build/openpose_controller/openpose_controller.egg-info/SOURCES.txt'
[1.392s] running build
[1.392s] running build_py
[1.392s] copying openpose_controller/openpose_node_video.py -> /home/wagw/openpose_ws/build/openpose_controller/build/lib/openpose_controller
[1.393s] copying openpose_controller/openpose_node.py -> /home/wagw/openpose_ws/build/openpose_controller/build/lib/openpose_controller
[1.393s] running install
[1.393s] running install_lib
[1.393s] creating /home/wagw/openpose_ws/install/openpose_controller/lib/python3.10/site-packages/openpose_controller
[1.394s] copying /home/wagw/openpose_ws/build/openpose_controller/build/lib/openpose_controller/openpose_node_video.py -> /home/wagw/openpose_ws/install/openpose_controller/lib/python3.10/site-packages/openpose_controller
[1.394s] copying /home/wagw/openpose_ws/build/openpose_controller/build/lib/openpose_controller/openpose_node.py -> /home/wagw/openpose_ws/install/openpose_controller/lib/python3.10/site-packages/openpose_controller
[1.394s] copying /home/wagw/openpose_ws/build/openpose_controller/build/lib/openpose_controller/__init__.py -> /home/wagw/openpose_ws/install/openpose_controller/lib/python3.10/site-packages/openpose_controller
[1.395s] byte-compiling /home/wagw/openpose_ws/install/openpose_controller/lib/python3.10/site-packages/openpose_controller/openpose_node_video.py to openpose_node_video.cpython-310.pyc
[1.396s] byte-compiling /home/wagw/openpose_ws/install/openpose_controller/lib/python3.10/site-packages/openpose_controller/openpose_node.py to openpose_node.cpython-310.pyc
[1.396s] byte-compiling /home/wagw/openpose_ws/install/openpose_controller/lib/python3.10/site-packages/openpose_controller/__init__.py to __init__.cpython-310.pyc
[1.397s] running install_data
[1.397s] running install_egg_info
[1.398s] Copying ../../build/openpose_controller/openpose_controller.egg-info to /home/wagw/openpose_ws/install/openpose_controller/lib/python3.10/site-packages/openpose_controller-0.0.0-py3.10.egg-info
[1.400s] running install_scripts
[1.417s] Installing openpose_node script to /home/wagw/openpose_ws/install/openpose_controller/lib/openpose_controller
[1.418s] writing list of installed files to '/home/wagw/openpose_ws/build/openpose_controller/install.log'
[1.438s] Invoked command in '/home/wagw/openpose_ws/src/openpose_controller' returned '0': PYTHONPATH=/home/wagw/openpose_ws/build/openpose_controller/prefix_override:/home/wagw/openpose_ws/install/openpose_controller/lib/python3.10/site-packages:${PYTHONPATH} /usr/bin/python3 setup.py egg_info --egg-base ../../build/openpose_controller build --build-base /home/wagw/openpose_ws/build/openpose_controller/build install --record /home/wagw/openpose_ws/build/openpose_controller/install.log --single-version-externally-managed
