running egg_info
creating ../../build/openpose_msgs/openpose_msgs.egg-info
writing ../../build/openpose_msgs/openpose_msgs.egg-info/PKG-INFO
writing dependency_links to ../../build/openpose_msgs/openpose_msgs.egg-info/dependency_links.txt
writing entry points to ../../build/openpose_msgs/openpose_msgs.egg-info/entry_points.txt
writing requirements to ../../build/openpose_msgs/openpose_msgs.egg-info/requires.txt
writing top-level names to ../../build/openpose_msgs/openpose_msgs.egg-info/top_level.txt
writing manifest file '../../build/openpose_msgs/openpose_msgs.egg-info/SOURCES.txt'
reading manifest file '../../build/openpose_msgs/openpose_msgs.egg-info/SOURCES.txt'
writing manifest file '../../build/openpose_msgs/openpose_msgs.egg-info/SOURCES.txt'
running build
running build_py
creating /home/wagw/openpose_ws/build/openpose_msgs/build
creating /home/wagw/openpose_ws/build/openpose_msgs/build/lib
creating /home/wagw/openpose_ws/build/openpose_msgs/build/lib/openpose_msgs
copying openpose_msgs/__init__.py -> /home/wagw/openpose_ws/build/openpose_msgs/build/lib/openpose_msgs
running install
running install_lib
creating /home/wagw/openpose_ws/install/openpose_msgs/lib/python3.10/site-packages/openpose_msgs
copying /home/wagw/openpose_ws/build/openpose_msgs/build/lib/openpose_msgs/__init__.py -> /home/wagw/openpose_ws/install/openpose_msgs/lib/python3.10/site-packages/openpose_msgs
byte-compiling /home/wagw/openpose_ws/install/openpose_msgs/lib/python3.10/site-packages/openpose_msgs/__init__.py to __init__.cpython-310.pyc
running install_data
creating /home/wagw/openpose_ws/install/openpose_msgs/share/ament_index
creating /home/wagw/openpose_ws/install/openpose_msgs/share/ament_index/resource_index
creating /home/wagw/openpose_ws/install/openpose_msgs/share/ament_index/resource_index/packages
copying resource/openpose_msgs -> /home/wagw/openpose_ws/install/openpose_msgs/share/ament_index/resource_index/packages
copying package.xml -> /home/wagw/openpose_ws/install/openpose_msgs/share/openpose_msgs
running install_egg_info
Copying ../../build/openpose_msgs/openpose_msgs.egg-info to /home/wagw/openpose_ws/install/openpose_msgs/lib/python3.10/site-packages/openpose_msgs-0.0.0-py3.10.egg-info
running install_scripts
writing list of installed files to '/home/wagw/openpose_ws/build/openpose_msgs/install.log'
