[1.088s] Invoking command in '/home/wagw/openpose_ws/src/openpose_msgs': PYTHONPATH=/home/wagw/openpose_ws/build/openpose_msgs/prefix_override:/home/wagw/openpose_ws/install/openpose_msgs/lib/python3.10/site-packages:${PYTHONPATH} /usr/bin/python3 setup.py egg_info --egg-base ../../build/openpose_msgs build --build-base /home/wagw/openpose_ws/build/openpose_msgs/build install --record /home/wagw/openpose_ws/build/openpose_msgs/install.log --single-version-externally-managed
[1.343s] running egg_info
[1.343s] creating ../../build/openpose_msgs/openpose_msgs.egg-info
[1.343s] writing ../../build/openpose_msgs/openpose_msgs.egg-info/PKG-INFO
[1.344s] writing dependency_links to ../../build/openpose_msgs/openpose_msgs.egg-info/dependency_links.txt
[1.344s] writing entry points to ../../build/openpose_msgs/openpose_msgs.egg-info/entry_points.txt
[1.345s] writing requirements to ../../build/openpose_msgs/openpose_msgs.egg-info/requires.txt
[1.345s] writing top-level names to ../../build/openpose_msgs/openpose_msgs.egg-info/top_level.txt
[1.345s] writing manifest file '../../build/openpose_msgs/openpose_msgs.egg-info/SOURCES.txt'
[1.346s] reading manifest file '../../build/openpose_msgs/openpose_msgs.egg-info/SOURCES.txt'
[1.347s] writing manifest file '../../build/openpose_msgs/openpose_msgs.egg-info/SOURCES.txt'
[1.347s] running build
[1.347s] running build_py
[1.347s] creating /home/wagw/openpose_ws/build/openpose_msgs/build
[1.347s] creating /home/wagw/openpose_ws/build/openpose_msgs/build/lib
[1.348s] creating /home/wagw/openpose_ws/build/openpose_msgs/build/lib/openpose_msgs
[1.348s] copying openpose_msgs/__init__.py -> /home/wagw/openpose_ws/build/openpose_msgs/build/lib/openpose_msgs
[1.348s] running install
[1.348s] running install_lib
[1.348s] creating /home/wagw/openpose_ws/install/openpose_msgs/lib/python3.10/site-packages/openpose_msgs
[1.349s] copying /home/wagw/openpose_ws/build/openpose_msgs/build/lib/openpose_msgs/__init__.py -> /home/wagw/openpose_ws/install/openpose_msgs/lib/python3.10/site-packages/openpose_msgs
[1.349s] byte-compiling /home/wagw/openpose_ws/install/openpose_msgs/lib/python3.10/site-packages/openpose_msgs/__init__.py to __init__.cpython-310.pyc
[1.350s] running install_data
[1.351s] creating /home/wagw/openpose_ws/install/openpose_msgs/share/ament_index
[1.352s] creating /home/wagw/openpose_ws/install/openpose_msgs/share/ament_index/resource_index
[1.352s] creating /home/wagw/openpose_ws/install/openpose_msgs/share/ament_index/resource_index/packages
[1.352s] copying resource/openpose_msgs -> /home/wagw/openpose_ws/install/openpose_msgs/share/ament_index/resource_index/packages
[1.352s] copying package.xml -> /home/wagw/openpose_ws/install/openpose_msgs/share/openpose_msgs
[1.352s] running install_egg_info
[1.354s] Copying ../../build/openpose_msgs/openpose_msgs.egg-info to /home/wagw/openpose_ws/install/openpose_msgs/lib/python3.10/site-packages/openpose_msgs-0.0.0-py3.10.egg-info
[1.355s] running install_scripts
[1.372s] writing list of installed files to '/home/wagw/openpose_ws/build/openpose_msgs/install.log'
[1.394s] Invoked command in '/home/wagw/openpose_ws/src/openpose_msgs' returned '0': PYTHONPATH=/home/wagw/openpose_ws/build/openpose_msgs/prefix_override:/home/wagw/openpose_ws/install/openpose_msgs/lib/python3.10/site-packages:${PYTHONPATH} /usr/bin/python3 setup.py egg_info --egg-base ../../build/openpose_msgs build --build-base /home/wagw/openpose_ws/build/openpose_msgs/build install --record /home/wagw/openpose_ws/build/openpose_msgs/install.log --single-version-externally-managed
