running develop
Removing /home/wagw/openpose_ws/install/openpose_controller/lib/python3.10/site-packages/openpose-controller.egg-link (link to .)
running egg_info
writing ../../build/openpose_controller/openpose_controller.egg-info/PKG-INFO
writing dependency_links to ../../build/openpose_controller/openpose_controller.egg-info/dependency_links.txt
writing entry points to ../../build/openpose_controller/openpose_controller.egg-info/entry_points.txt
writing requirements to ../../build/openpose_controller/openpose_controller.egg-info/requires.txt
writing top-level names to ../../build/openpose_controller/openpose_controller.egg-info/top_level.txt
reading manifest file '../../build/openpose_controller/openpose_controller.egg-info/SOURCES.txt'
writing manifest file '../../build/openpose_controller/openpose_controller.egg-info/SOURCES.txt'
running build
running build_py
copying openpose_controller/openpose_node.py -> /home/wagw/openpose_ws/build/openpose_controller/build/lib/openpose_controller
running install
running install_lib
creating /home/wagw/openpose_ws/install/openpose_controller/lib/python3.10/site-packages/openpose_controller
copying /home/wagw/openpose_ws/build/openpose_controller/build/lib/openpose_controller/openpose_node_video.py -> /home/wagw/openpose_ws/install/openpose_controller/lib/python3.10/site-packages/openpose_controller
copying /home/wagw/openpose_ws/build/openpose_controller/build/lib/openpose_controller/openpose_node backup.py -> /home/wagw/openpose_ws/install/openpose_controller/lib/python3.10/site-packages/openpose_controller
copying /home/wagw/openpose_ws/build/openpose_controller/build/lib/openpose_controller/openpose_node wrapper backup.py -> /home/wagw/openpose_ws/install/openpose_controller/lib/python3.10/site-packages/openpose_controller
copying /home/wagw/openpose_ws/build/openpose_controller/build/lib/openpose_controller/openpose_node.py -> /home/wagw/openpose_ws/install/openpose_controller/lib/python3.10/site-packages/openpose_controller
copying /home/wagw/openpose_ws/build/openpose_controller/build/lib/openpose_controller/__init__.py -> /home/wagw/openpose_ws/install/openpose_controller/lib/python3.10/site-packages/openpose_controller
byte-compiling /home/wagw/openpose_ws/install/openpose_controller/lib/python3.10/site-packages/openpose_controller/openpose_node_video.py to openpose_node_video.cpython-310.pyc
byte-compiling /home/wagw/openpose_ws/install/openpose_controller/lib/python3.10/site-packages/openpose_controller/openpose_node backup.py to openpose_node backup.cpython-310.pyc
byte-compiling /home/wagw/openpose_ws/install/openpose_controller/lib/python3.10/site-packages/openpose_controller/openpose_node wrapper backup.py to openpose_node wrapper backup.cpython-310.pyc
byte-compiling /home/wagw/openpose_ws/install/openpose_controller/lib/python3.10/site-packages/openpose_controller/openpose_node.py to openpose_node.cpython-310.pyc
byte-compiling /home/wagw/openpose_ws/install/openpose_controller/lib/python3.10/site-packages/openpose_controller/__init__.py to __init__.cpython-310.pyc
running install_data
running install_egg_info
Copying ../../build/openpose_controller/openpose_controller.egg-info to /home/wagw/openpose_ws/install/openpose_controller/lib/python3.10/site-packages/openpose_controller-0.0.0-py3.10.egg-info
running install_scripts
Installing openpose_node script to /home/wagw/openpose_ws/install/openpose_controller/lib/openpose_controller
writing list of installed files to '/home/wagw/openpose_ws/build/openpose_controller/install.log'
