[1.028s] DEBUG:colcon:Command line arguments: ['/usr/bin/colcon', 'build', '--symlink-install']
[1.028s] DEBUG:colcon:Parsed command line arguments: Namespace(log_base=None, log_level=None, verb_name='build', build_base='build', install_base='install', merge_install=False, symlink_install=True, test_result_base=None, continue_on_error=False, executor='parallel', parallel_workers=4, event_handlers=None, ignore_user_meta=False, metas=['./colcon.meta'], base_paths=['.'], packages_ignore=None, packages_ignore_regex=None, paths=None, packages_up_to=None, packages_up_to_regex=None, packages_above=None, packages_above_and_dependencies=None, packages_above_depth=None, packages_select_by_dep=None, packages_skip_by_dep=None, packages_skip_up_to=None, packages_select_build_failed=False, packages_skip_build_finished=False, packages_select_test_failures=False, packages_skip_test_passed=False, packages_select=None, packages_skip=None, packages_select_regex=None, packages_skip_regex=None, packages_start=None, packages_end=None, allow_overriding=[], cmake_args=None, cmake_target=None, cmake_target_skip_unavailable=False, cmake_clean_cache=False, cmake_clean_first=False, cmake_force_configure=False, ament_cmake_args=None, catkin_cmake_args=None, catkin_skip_building_tests=False, verb_parser=<colcon_defaults.argument_parser.defaults.DefaultArgumentsDecorator object at 0x7f0a4199fcd0>, verb_extension=<colcon_core.verb.build.BuildVerb object at 0x7f0a41df4c10>, main=<bound method BuildVerb.main of <colcon_core.verb.build.BuildVerb object at 0x7f0a41df4c10>>)
[1.075s] Level 1:colcon.colcon_core.package_discovery:discover_packages(colcon_meta) check parameters
[1.075s] Level 1:colcon.colcon_core.package_discovery:discover_packages(recursive) check parameters
[1.075s] Level 1:colcon.colcon_core.package_discovery:discover_packages(ignore) check parameters
[1.075s] Level 1:colcon.colcon_core.package_discovery:discover_packages(path) check parameters
[1.075s] Level 1:colcon.colcon_core.package_discovery:discover_packages(colcon_meta) discover
[1.075s] Level 1:colcon.colcon_core.package_discovery:discover_packages(recursive) discover
[1.075s] INFO:colcon.colcon_core.package_discovery:Crawling recursively for packages in '/home/jackson/AI-RedBack-Vision/franka_ws'
[1.075s] Level 1:colcon.colcon_core.package_identification:_identify(.) by extensions ['ignore', 'ignore_ament_install']
[1.075s] Level 1:colcon.colcon_core.package_identification:_identify(.) by extension 'ignore'
[1.075s] Level 1:colcon.colcon_core.package_identification:_identify(.) by extension 'ignore_ament_install'
[1.075s] Level 1:colcon.colcon_core.package_identification:_identify(.) by extensions ['colcon_pkg']
[1.076s] Level 1:colcon.colcon_core.package_identification:_identify(.) by extension 'colcon_pkg'
[1.076s] Level 1:colcon.colcon_core.package_identification:_identify(.) by extensions ['colcon_meta']
[1.076s] Level 1:colcon.colcon_core.package_identification:_identify(.) by extension 'colcon_meta'
[1.076s] Level 1:colcon.colcon_core.package_identification:_identify(.) by extensions ['ros']
[1.076s] Level 1:colcon.colcon_core.package_identification:_identify(.) by extension 'ros'
[1.086s] Level 1:colcon.colcon_core.package_identification:_identify(.) by extensions ['cmake', 'python']
[1.086s] Level 1:colcon.colcon_core.package_identification:_identify(.) by extension 'cmake'
[1.086s] Level 1:colcon.colcon_core.package_identification:_identify(.) by extension 'python'
[1.086s] Level 1:colcon.colcon_core.package_identification:_identify(.) by extensions ['python_setup_py']
[1.086s] Level 1:colcon.colcon_core.package_identification:_identify(.) by extension 'python_setup_py'
[1.086s] Level 1:colcon.colcon_core.package_identification:_identify(build) by extensions ['ignore', 'ignore_ament_install']
[1.086s] Level 1:colcon.colcon_core.package_identification:_identify(build) by extension 'ignore'
[1.086s] Level 1:colcon.colcon_core.package_identification:_identify(build) ignored
[1.087s] Level 1:colcon.colcon_core.package_identification:_identify(install) by extensions ['ignore', 'ignore_ament_install']
[1.087s] Level 1:colcon.colcon_core.package_identification:_identify(install) by extension 'ignore'
[1.087s] Level 1:colcon.colcon_core.package_identification:_identify(install) ignored
[1.087s] Level 1:colcon.colcon_core.package_identification:_identify(log) by extensions ['ignore', 'ignore_ament_install']
[1.087s] Level 1:colcon.colcon_core.package_identification:_identify(log) by extension 'ignore'
[1.087s] Level 1:colcon.colcon_core.package_identification:_identify(log) ignored
[1.087s] Level 1:colcon.colcon_core.package_identification:_identify(src) by extensions ['ignore', 'ignore_ament_install']
[1.087s] Level 1:colcon.colcon_core.package_identification:_identify(src) by extension 'ignore'
[1.087s] Level 1:colcon.colcon_core.package_identification:_identify(src) by extension 'ignore_ament_install'
[1.087s] Level 1:colcon.colcon_core.package_identification:_identify(src) by extensions ['colcon_pkg']
[1.087s] Level 1:colcon.colcon_core.package_identification:_identify(src) by extension 'colcon_pkg'
[1.087s] Level 1:colcon.colcon_core.package_identification:_identify(src) by extensions ['colcon_meta']
[1.087s] Level 1:colcon.colcon_core.package_identification:_identify(src) by extension 'colcon_meta'
[1.088s] Level 1:colcon.colcon_core.package_identification:_identify(src) by extensions ['ros']
[1.088s] Level 1:colcon.colcon_core.package_identification:_identify(src) by extension 'ros'
[1.088s] Level 1:colcon.colcon_core.package_identification:_identify(src) by extensions ['cmake', 'python']
[1.088s] Level 1:colcon.colcon_core.package_identification:_identify(src) by extension 'cmake'
[1.088s] Level 1:colcon.colcon_core.package_identification:_identify(src) by extension 'python'
[1.088s] Level 1:colcon.colcon_core.package_identification:_identify(src) by extensions ['python_setup_py']
[1.088s] Level 1:colcon.colcon_core.package_identification:_identify(src) by extension 'python_setup_py'
[1.088s] Level 1:colcon.colcon_core.package_identification:_identify(src/depth_estimator) by extensions ['ignore', 'ignore_ament_install']
[1.088s] Level 1:colcon.colcon_core.package_identification:_identify(src/depth_estimator) by extension 'ignore'
[1.088s] Level 1:colcon.colcon_core.package_identification:_identify(src/depth_estimator) by extension 'ignore_ament_install'
[1.088s] Level 1:colcon.colcon_core.package_identification:_identify(src/depth_estimator) by extensions ['colcon_pkg']
[1.088s] Level 1:colcon.colcon_core.package_identification:_identify(src/depth_estimator) by extension 'colcon_pkg'
[1.088s] Level 1:colcon.colcon_core.package_identification:_identify(src/depth_estimator) by extensions ['colcon_meta']
[1.088s] Level 1:colcon.colcon_core.package_identification:_identify(src/depth_estimator) by extension 'colcon_meta'
[1.088s] Level 1:colcon.colcon_core.package_identification:_identify(src/depth_estimator) by extensions ['ros']
[1.088s] Level 1:colcon.colcon_core.package_identification:_identify(src/depth_estimator) by extension 'ros'
[1.093s] DEBUG:colcon.colcon_core.package_identification:Package 'src/depth_estimator' with type 'ros.ament_python' and name 'depth_estimator'
[1.093s] Level 1:colcon.colcon_core.package_identification:_identify(src/object_detector) by extensions ['ignore', 'ignore_ament_install']
[1.093s] Level 1:colcon.colcon_core.package_identification:_identify(src/object_detector) by extension 'ignore'
[1.093s] Level 1:colcon.colcon_core.package_identification:_identify(src/object_detector) by extension 'ignore_ament_install'
[1.093s] Level 1:colcon.colcon_core.package_identification:_identify(src/object_detector) by extensions ['colcon_pkg']
[1.093s] Level 1:colcon.colcon_core.package_identification:_identify(src/object_detector) by extension 'colcon_pkg'
[1.093s] Level 1:colcon.colcon_core.package_identification:_identify(src/object_detector) by extensions ['colcon_meta']
[1.093s] Level 1:colcon.colcon_core.package_identification:_identify(src/object_detector) by extension 'colcon_meta'
[1.093s] Level 1:colcon.colcon_core.package_identification:_identify(src/object_detector) by extensions ['ros']
[1.093s] Level 1:colcon.colcon_core.package_identification:_identify(src/object_detector) by extension 'ros'
[1.094s] DEBUG:colcon.colcon_core.package_identification:Package 'src/object_detector' with type 'ros.ament_python' and name 'object_detector'
[1.094s] Level 1:colcon.colcon_core.package_identification:_identify(src/runs) by extensions ['ignore', 'ignore_ament_install']
[1.094s] Level 1:colcon.colcon_core.package_identification:_identify(src/runs) by extension 'ignore'
[1.094s] Level 1:colcon.colcon_core.package_identification:_identify(src/runs) by extension 'ignore_ament_install'
[1.094s] Level 1:colcon.colcon_core.package_identification:_identify(src/runs) by extensions ['colcon_pkg']
[1.094s] Level 1:colcon.colcon_core.package_identification:_identify(src/runs) by extension 'colcon_pkg'
[1.094s] Level 1:colcon.colcon_core.package_identification:_identify(src/runs) by extensions ['colcon_meta']
[1.095s] Level 1:colcon.colcon_core.package_identification:_identify(src/runs) by extension 'colcon_meta'
[1.095s] Level 1:colcon.colcon_core.package_identification:_identify(src/runs) by extensions ['ros']
[1.095s] Level 1:colcon.colcon_core.package_identification:_identify(src/runs) by extension 'ros'
[1.095s] Level 1:colcon.colcon_core.package_identification:_identify(src/runs) by extensions ['cmake', 'python']
[1.095s] Level 1:colcon.colcon_core.package_identification:_identify(src/runs) by extension 'cmake'
[1.095s] Level 1:colcon.colcon_core.package_identification:_identify(src/runs) by extension 'python'
[1.095s] Level 1:colcon.colcon_core.package_identification:_identify(src/runs) by extensions ['python_setup_py']
[1.095s] Level 1:colcon.colcon_core.package_identification:_identify(src/runs) by extension 'python_setup_py'
[1.095s] Level 1:colcon.colcon_core.package_identification:_identify(src/runs/detect) by extensions ['ignore', 'ignore_ament_install']
[1.095s] Level 1:colcon.colcon_core.package_identification:_identify(src/runs/detect) by extension 'ignore'
[1.095s] Level 1:colcon.colcon_core.package_identification:_identify(src/runs/detect) by extension 'ignore_ament_install'
[1.095s] Level 1:colcon.colcon_core.package_identification:_identify(src/runs/detect) by extensions ['colcon_pkg']
[1.095s] Level 1:colcon.colcon_core.package_identification:_identify(src/runs/detect) by extension 'colcon_pkg'
[1.095s] Level 1:colcon.colcon_core.package_identification:_identify(src/runs/detect) by extensions ['colcon_meta']
[1.095s] Level 1:colcon.colcon_core.package_identification:_identify(src/runs/detect) by extension 'colcon_meta'
[1.095s] Level 1:colcon.colcon_core.package_identification:_identify(src/runs/detect) by extensions ['ros']
[1.095s] Level 1:colcon.colcon_core.package_identification:_identify(src/runs/detect) by extension 'ros'
[1.095s] Level 1:colcon.colcon_core.package_identification:_identify(src/runs/detect) by extensions ['cmake', 'python']
[1.096s] Level 1:colcon.colcon_core.package_identification:_identify(src/runs/detect) by extension 'cmake'
[1.096s] Level 1:colcon.colcon_core.package_identification:_identify(src/runs/detect) by extension 'python'
[1.096s] Level 1:colcon.colcon_core.package_identification:_identify(src/runs/detect) by extensions ['python_setup_py']
[1.096s] Level 1:colcon.colcon_core.package_identification:_identify(src/runs/detect) by extension 'python_setup_py'
[1.096s] Level 1:colcon.colcon_core.package_identification:_identify(src/runs/detect/predict) by extensions ['ignore', 'ignore_ament_install']
[1.096s] Level 1:colcon.colcon_core.package_identification:_identify(src/runs/detect/predict) by extension 'ignore'
[1.096s] Level 1:colcon.colcon_core.package_identification:_identify(src/runs/detect/predict) by extension 'ignore_ament_install'
[1.096s] Level 1:colcon.colcon_core.package_identification:_identify(src/runs/detect/predict) by extensions ['colcon_pkg']
[1.096s] Level 1:colcon.colcon_core.package_identification:_identify(src/runs/detect/predict) by extension 'colcon_pkg'
[1.096s] Level 1:colcon.colcon_core.package_identification:_identify(src/runs/detect/predict) by extensions ['colcon_meta']
[1.096s] Level 1:colcon.colcon_core.package_identification:_identify(src/runs/detect/predict) by extension 'colcon_meta'
[1.096s] Level 1:colcon.colcon_core.package_identification:_identify(src/runs/detect/predict) by extensions ['ros']
[1.096s] Level 1:colcon.colcon_core.package_identification:_identify(src/runs/detect/predict) by extension 'ros'
[1.096s] Level 1:colcon.colcon_core.package_identification:_identify(src/runs/detect/predict) by extensions ['cmake', 'python']
[1.096s] Level 1:colcon.colcon_core.package_identification:_identify(src/runs/detect/predict) by extension 'cmake'
[1.096s] Level 1:colcon.colcon_core.package_identification:_identify(src/runs/detect/predict) by extension 'python'
[1.096s] Level 1:colcon.colcon_core.package_identification:_identify(src/runs/detect/predict) by extensions ['python_setup_py']
[1.096s] Level 1:colcon.colcon_core.package_identification:_identify(src/runs/detect/predict) by extension 'python_setup_py'
[1.096s] Level 1:colcon.colcon_core.package_identification:_identify(src/runs/detect/predict2) by extensions ['ignore', 'ignore_ament_install']
[1.096s] Level 1:colcon.colcon_core.package_identification:_identify(src/runs/detect/predict2) by extension 'ignore'
[1.097s] Level 1:colcon.colcon_core.package_identification:_identify(src/runs/detect/predict2) by extension 'ignore_ament_install'
[1.097s] Level 1:colcon.colcon_core.package_identification:_identify(src/runs/detect/predict2) by extensions ['colcon_pkg']
[1.097s] Level 1:colcon.colcon_core.package_identification:_identify(src/runs/detect/predict2) by extension 'colcon_pkg'
[1.097s] Level 1:colcon.colcon_core.package_identification:_identify(src/runs/detect/predict2) by extensions ['colcon_meta']
[1.097s] Level 1:colcon.colcon_core.package_identification:_identify(src/runs/detect/predict2) by extension 'colcon_meta'
[1.097s] Level 1:colcon.colcon_core.package_identification:_identify(src/runs/detect/predict2) by extensions ['ros']
[1.097s] Level 1:colcon.colcon_core.package_identification:_identify(src/runs/detect/predict2) by extension 'ros'
[1.097s] Level 1:colcon.colcon_core.package_identification:_identify(src/runs/detect/predict2) by extensions ['cmake', 'python']
[1.097s] Level 1:colcon.colcon_core.package_identification:_identify(src/runs/detect/predict2) by extension 'cmake'
[1.097s] Level 1:colcon.colcon_core.package_identification:_identify(src/runs/detect/predict2) by extension 'python'
[1.097s] Level 1:colcon.colcon_core.package_identification:_identify(src/runs/detect/predict2) by extensions ['python_setup_py']
[1.097s] Level 1:colcon.colcon_core.package_identification:_identify(src/runs/detect/predict2) by extension 'python_setup_py'
[1.097s] Level 1:colcon.colcon_core.package_identification:_identify(src/runs/detect/predict3) by extensions ['ignore', 'ignore_ament_install']
[1.097s] Level 1:colcon.colcon_core.package_identification:_identify(src/runs/detect/predict3) by extension 'ignore'
[1.097s] Level 1:colcon.colcon_core.package_identification:_identify(src/runs/detect/predict3) by extension 'ignore_ament_install'
[1.097s] Level 1:colcon.colcon_core.package_identification:_identify(src/runs/detect/predict3) by extensions ['colcon_pkg']
[1.097s] Level 1:colcon.colcon_core.package_identification:_identify(src/runs/detect/predict3) by extension 'colcon_pkg'
[1.097s] Level 1:colcon.colcon_core.package_identification:_identify(src/runs/detect/predict3) by extensions ['colcon_meta']
[1.097s] Level 1:colcon.colcon_core.package_identification:_identify(src/runs/detect/predict3) by extension 'colcon_meta'
[1.097s] Level 1:colcon.colcon_core.package_identification:_identify(src/runs/detect/predict3) by extensions ['ros']
[1.097s] Level 1:colcon.colcon_core.package_identification:_identify(src/runs/detect/predict3) by extension 'ros'
[1.098s] Level 1:colcon.colcon_core.package_identification:_identify(src/runs/detect/predict3) by extensions ['cmake', 'python']
[1.098s] Level 1:colcon.colcon_core.package_identification:_identify(src/runs/detect/predict3) by extension 'cmake'
[1.098s] Level 1:colcon.colcon_core.package_identification:_identify(src/runs/detect/predict3) by extension 'python'
[1.098s] Level 1:colcon.colcon_core.package_identification:_identify(src/runs/detect/predict3) by extensions ['python_setup_py']
[1.098s] Level 1:colcon.colcon_core.package_identification:_identify(src/runs/detect/predict3) by extension 'python_setup_py'
[1.098s] Level 1:colcon.colcon_core.package_identification:_identify(src/runs/detect/predict4) by extensions ['ignore', 'ignore_ament_install']
[1.098s] Level 1:colcon.colcon_core.package_identification:_identify(src/runs/detect/predict4) by extension 'ignore'
[1.098s] Level 1:colcon.colcon_core.package_identification:_identify(src/runs/detect/predict4) by extension 'ignore_ament_install'
[1.098s] Level 1:colcon.colcon_core.package_identification:_identify(src/runs/detect/predict4) by extensions ['colcon_pkg']
[1.098s] Level 1:colcon.colcon_core.package_identification:_identify(src/runs/detect/predict4) by extension 'colcon_pkg'
[1.098s] Level 1:colcon.colcon_core.package_identification:_identify(src/runs/detect/predict4) by extensions ['colcon_meta']
[1.098s] Level 1:colcon.colcon_core.package_identification:_identify(src/runs/detect/predict4) by extension 'colcon_meta'
[1.098s] Level 1:colcon.colcon_core.package_identification:_identify(src/runs/detect/predict4) by extensions ['ros']
[1.098s] Level 1:colcon.colcon_core.package_identification:_identify(src/runs/detect/predict4) by extension 'ros'
[1.098s] Level 1:colcon.colcon_core.package_identification:_identify(src/runs/detect/predict4) by extensions ['cmake', 'python']
[1.098s] Level 1:colcon.colcon_core.package_identification:_identify(src/runs/detect/predict4) by extension 'cmake'
[1.098s] Level 1:colcon.colcon_core.package_identification:_identify(src/runs/detect/predict4) by extension 'python'
[1.098s] Level 1:colcon.colcon_core.package_identification:_identify(src/runs/detect/predict4) by extensions ['python_setup_py']
[1.098s] Level 1:colcon.colcon_core.package_identification:_identify(src/runs/detect/predict4) by extension 'python_setup_py'
[1.098s] Level 1:colcon.colcon_core.package_identification:_identify(src/runs/detect/predict5) by extensions ['ignore', 'ignore_ament_install']
[1.099s] Level 1:colcon.colcon_core.package_identification:_identify(src/runs/detect/predict5) by extension 'ignore'
[1.099s] Level 1:colcon.colcon_core.package_identification:_identify(src/runs/detect/predict5) by extension 'ignore_ament_install'
[1.099s] Level 1:colcon.colcon_core.package_identification:_identify(src/runs/detect/predict5) by extensions ['colcon_pkg']
[1.099s] Level 1:colcon.colcon_core.package_identification:_identify(src/runs/detect/predict5) by extension 'colcon_pkg'
[1.099s] Level 1:colcon.colcon_core.package_identification:_identify(src/runs/detect/predict5) by extensions ['colcon_meta']
[1.099s] Level 1:colcon.colcon_core.package_identification:_identify(src/runs/detect/predict5) by extension 'colcon_meta'
[1.099s] Level 1:colcon.colcon_core.package_identification:_identify(src/runs/detect/predict5) by extensions ['ros']
[1.099s] Level 1:colcon.colcon_core.package_identification:_identify(src/runs/detect/predict5) by extension 'ros'
[1.099s] Level 1:colcon.colcon_core.package_identification:_identify(src/runs/detect/predict5) by extensions ['cmake', 'python']
[1.099s] Level 1:colcon.colcon_core.package_identification:_identify(src/runs/detect/predict5) by extension 'cmake'
[1.099s] Level 1:colcon.colcon_core.package_identification:_identify(src/runs/detect/predict5) by extension 'python'
[1.099s] Level 1:colcon.colcon_core.package_identification:_identify(src/runs/detect/predict5) by extensions ['python_setup_py']
[1.099s] Level 1:colcon.colcon_core.package_identification:_identify(src/runs/detect/predict5) by extension 'python_setup_py'
[1.099s] Level 1:colcon.colcon_core.package_identification:_identify(src/runs/detect/predict6) by extensions ['ignore', 'ignore_ament_install']
[1.099s] Level 1:colcon.colcon_core.package_identification:_identify(src/runs/detect/predict6) by extension 'ignore'
[1.099s] Level 1:colcon.colcon_core.package_identification:_identify(src/runs/detect/predict6) by extension 'ignore_ament_install'
[1.099s] Level 1:colcon.colcon_core.package_identification:_identify(src/runs/detect/predict6) by extensions ['colcon_pkg']
[1.099s] Level 1:colcon.colcon_core.package_identification:_identify(src/runs/detect/predict6) by extension 'colcon_pkg'
[1.099s] Level 1:colcon.colcon_core.package_identification:_identify(src/runs/detect/predict6) by extensions ['colcon_meta']
[1.099s] Level 1:colcon.colcon_core.package_identification:_identify(src/runs/detect/predict6) by extension 'colcon_meta'
[1.100s] Level 1:colcon.colcon_core.package_identification:_identify(src/runs/detect/predict6) by extensions ['ros']
[1.100s] Level 1:colcon.colcon_core.package_identification:_identify(src/runs/detect/predict6) by extension 'ros'
[1.100s] Level 1:colcon.colcon_core.package_identification:_identify(src/runs/detect/predict6) by extensions ['cmake', 'python']
[1.100s] Level 1:colcon.colcon_core.package_identification:_identify(src/runs/detect/predict6) by extension 'cmake'
[1.100s] Level 1:colcon.colcon_core.package_identification:_identify(src/runs/detect/predict6) by extension 'python'
[1.100s] Level 1:colcon.colcon_core.package_identification:_identify(src/runs/detect/predict6) by extensions ['python_setup_py']
[1.100s] Level 1:colcon.colcon_core.package_identification:_identify(src/runs/detect/predict6) by extension 'python_setup_py'
[1.100s] Level 1:colcon.colcon_core.package_identification:_identify(src/runs/detect/predict7) by extensions ['ignore', 'ignore_ament_install']
[1.100s] Level 1:colcon.colcon_core.package_identification:_identify(src/runs/detect/predict7) by extension 'ignore'
[1.100s] Level 1:colcon.colcon_core.package_identification:_identify(src/runs/detect/predict7) by extension 'ignore_ament_install'
[1.100s] Level 1:colcon.colcon_core.package_identification:_identify(src/runs/detect/predict7) by extensions ['colcon_pkg']
[1.100s] Level 1:colcon.colcon_core.package_identification:_identify(src/runs/detect/predict7) by extension 'colcon_pkg'
[1.100s] Level 1:colcon.colcon_core.package_identification:_identify(src/runs/detect/predict7) by extensions ['colcon_meta']
[1.100s] Level 1:colcon.colcon_core.package_identification:_identify(src/runs/detect/predict7) by extension 'colcon_meta'
[1.100s] Level 1:colcon.colcon_core.package_identification:_identify(src/runs/detect/predict7) by extensions ['ros']
[1.100s] Level 1:colcon.colcon_core.package_identification:_identify(src/runs/detect/predict7) by extension 'ros'
[1.100s] Level 1:colcon.colcon_core.package_identification:_identify(src/runs/detect/predict7) by extensions ['cmake', 'python']
[1.100s] Level 1:colcon.colcon_core.package_identification:_identify(src/runs/detect/predict7) by extension 'cmake'
[1.100s] Level 1:colcon.colcon_core.package_identification:_identify(src/runs/detect/predict7) by extension 'python'
[1.100s] Level 1:colcon.colcon_core.package_identification:_identify(src/runs/detect/predict7) by extensions ['python_setup_py']
[1.100s] Level 1:colcon.colcon_core.package_identification:_identify(src/runs/detect/predict7) by extension 'python_setup_py'
[1.100s] Level 1:colcon.colcon_core.package_discovery:discover_packages(recursive) using defaults
[1.100s] Level 1:colcon.colcon_core.package_discovery:discover_packages(ignore) discover
[1.100s] Level 1:colcon.colcon_core.package_discovery:discover_packages(ignore) using defaults
[1.100s] Level 1:colcon.colcon_core.package_discovery:discover_packages(path) discover
[1.101s] Level 1:colcon.colcon_core.package_discovery:discover_packages(path) using defaults
[1.191s] Level 1:colcon.colcon_core.package_discovery:discover_packages(prefix_path) check parameters
[1.191s] Level 1:colcon.colcon_core.package_discovery:discover_packages(prefix_path) discover
[1.225s] DEBUG:colcon.colcon_installed_package_information.package_discovery:Found 2 installed packages in /home/jackson/AI-RedBack-Vision/franka_ws/install
[1.248s] DEBUG:colcon.colcon_installed_package_information.package_discovery:Found 1 installed packages in /home/jackson/learn_ros/ros_ws/install
[1.264s] DEBUG:colcon.colcon_installed_package_information.package_discovery:Found 355 installed packages in /opt/ros/humble
[1.265s] Level 1:colcon.colcon_core.package_discovery:discover_packages(prefix_path) using defaults
[1.361s] Level 5:colcon.colcon_core.verb:set package 'depth_estimator' build argument 'cmake_args' from command line to 'None'
[1.362s] Level 5:colcon.colcon_core.verb:set package 'depth_estimator' build argument 'cmake_target' from command line to 'None'
[1.362s] Level 5:colcon.colcon_core.verb:set package 'depth_estimator' build argument 'cmake_target_skip_unavailable' from command line to 'False'
[1.362s] Level 5:colcon.colcon_core.verb:set package 'depth_estimator' build argument 'cmake_clean_cache' from command line to 'False'
[1.362s] Level 5:colcon.colcon_core.verb:set package 'depth_estimator' build argument 'cmake_clean_first' from command line to 'False'
[1.362s] Level 5:colcon.colcon_core.verb:set package 'depth_estimator' build argument 'cmake_force_configure' from command line to 'False'
[1.362s] Level 5:colcon.colcon_core.verb:set package 'depth_estimator' build argument 'ament_cmake_args' from command line to 'None'
[1.362s] Level 5:colcon.colcon_core.verb:set package 'depth_estimator' build argument 'catkin_cmake_args' from command line to 'None'
[1.362s] Level 5:colcon.colcon_core.verb:set package 'depth_estimator' build argument 'catkin_skip_building_tests' from command line to 'False'
[1.362s] DEBUG:colcon.colcon_core.verb:Building package 'depth_estimator' with the following arguments: {'ament_cmake_args': None, 'build_base': '/home/jackson/AI-RedBack-Vision/franka_ws/build/depth_estimator', 'catkin_cmake_args': None, 'catkin_skip_building_tests': False, 'cmake_args': None, 'cmake_clean_cache': False, 'cmake_clean_first': False, 'cmake_force_configure': False, 'cmake_target': None, 'cmake_target_skip_unavailable': False, 'install_base': '/home/jackson/AI-RedBack-Vision/franka_ws/install/depth_estimator', 'merge_install': False, 'path': '/home/jackson/AI-RedBack-Vision/franka_ws/src/depth_estimator', 'symlink_install': True, 'test_result_base': None}
[1.377s] Level 5:colcon.colcon_core.verb:set package 'object_detector' build argument 'cmake_args' from command line to 'None'
[1.377s] Level 5:colcon.colcon_core.verb:set package 'object_detector' build argument 'cmake_target' from command line to 'None'
[1.377s] Level 5:colcon.colcon_core.verb:set package 'object_detector' build argument 'cmake_target_skip_unavailable' from command line to 'False'
[1.377s] Level 5:colcon.colcon_core.verb:set package 'object_detector' build argument 'cmake_clean_cache' from command line to 'False'
[1.377s] Level 5:colcon.colcon_core.verb:set package 'object_detector' build argument 'cmake_clean_first' from command line to 'False'
[1.377s] Level 5:colcon.colcon_core.verb:set package 'object_detector' build argument 'cmake_force_configure' from command line to 'False'
[1.377s] Level 5:colcon.colcon_core.verb:set package 'object_detector' build argument 'ament_cmake_args' from command line to 'None'
[1.377s] Level 5:colcon.colcon_core.verb:set package 'object_detector' build argument 'catkin_cmake_args' from command line to 'None'
[1.377s] Level 5:colcon.colcon_core.verb:set package 'object_detector' build argument 'catkin_skip_building_tests' from command line to 'False'
[1.377s] DEBUG:colcon.colcon_core.verb:Building package 'object_detector' with the following arguments: {'ament_cmake_args': None, 'build_base': '/home/jackson/AI-RedBack-Vision/franka_ws/build/object_detector', 'catkin_cmake_args': None, 'catkin_skip_building_tests': False, 'cmake_args': None, 'cmake_clean_cache': False, 'cmake_clean_first': False, 'cmake_force_configure': False, 'cmake_target': None, 'cmake_target_skip_unavailable': False, 'install_base': '/home/jackson/AI-RedBack-Vision/franka_ws/install/object_detector', 'merge_install': False, 'path': '/home/jackson/AI-RedBack-Vision/franka_ws/src/object_detector', 'symlink_install': True, 'test_result_base': None}
[1.392s] INFO:colcon.colcon_core.executor:Executing jobs using 'parallel' executor
[1.408s] DEBUG:colcon.colcon_parallel_executor.executor.parallel:run_until_complete
[1.408s] INFO:colcon.colcon_ros.task.ament_python.build:Building ROS package in '/home/jackson/AI-RedBack-Vision/franka_ws/src/depth_estimator' with build type 'ament_python'
[1.408s] Level 1:colcon.colcon_core.shell:create_environment_hook('depth_estimator', 'ament_prefix_path')
[1.429s] INFO:colcon.colcon_core.plugin_system:Skipping extension 'colcon_core.shell.bat': Not used on non-Windows systems
[1.429s] INFO:colcon.colcon_core.shell:Creating environment hook '/home/jackson/AI-RedBack-Vision/franka_ws/install/depth_estimator/share/depth_estimator/hook/ament_prefix_path.ps1'
[1.431s] INFO:colcon.colcon_core.shell:Creating environment descriptor '/home/jackson/AI-RedBack-Vision/franka_ws/install/depth_estimator/share/depth_estimator/hook/ament_prefix_path.dsv'
[1.431s] INFO:colcon.colcon_core.shell:Creating environment hook '/home/jackson/AI-RedBack-Vision/franka_ws/install/depth_estimator/share/depth_estimator/hook/ament_prefix_path.sh'
[1.448s] INFO:colcon.colcon_core.shell:Skip shell extension 'powershell' for command environment: Not usable outside of PowerShell
[1.448s] DEBUG:colcon.colcon_core.shell:Skip shell extension 'dsv' for command environment
[1.515s] INFO:colcon.colcon_ros.task.ament_python.build:Building ROS package in '/home/jackson/AI-RedBack-Vision/franka_ws/src/object_detector' with build type 'ament_python'
[1.515s] Level 1:colcon.colcon_core.shell:create_environment_hook('object_detector', 'ament_prefix_path')
[1.532s] INFO:colcon.colcon_core.shell:Creating environment hook '/home/jackson/AI-RedBack-Vision/franka_ws/install/object_detector/share/object_detector/hook/ament_prefix_path.ps1'
[1.532s] INFO:colcon.colcon_core.shell:Creating environment descriptor '/home/jackson/AI-RedBack-Vision/franka_ws/install/object_detector/share/object_detector/hook/ament_prefix_path.dsv'
[1.533s] INFO:colcon.colcon_core.shell:Creating environment hook '/home/jackson/AI-RedBack-Vision/franka_ws/install/object_detector/share/object_detector/hook/ament_prefix_path.sh'
[1.550s] INFO:colcon.colcon_core.shell:Skip shell extension 'powershell' for command environment: Not usable outside of PowerShell
[1.550s] DEBUG:colcon.colcon_core.shell:Skip shell extension 'dsv' for command environment
[1.872s] INFO:colcon.colcon_core.task.python.build:Building Python package in '/home/jackson/AI-RedBack-Vision/franka_ws/src/depth_estimator'
[1.888s] INFO:colcon.colcon_core.shell:Skip shell extension 'powershell' for command environment: Not usable outside of PowerShell
[1.888s] DEBUG:colcon.colcon_core.shell:Skip shell extension 'dsv' for command environment
[2.254s] INFO:colcon.colcon_core.task.python.build:Building Python package in '/home/jackson/AI-RedBack-Vision/franka_ws/src/object_detector'
[2.270s] INFO:colcon.colcon_core.shell:Skip shell extension 'powershell' for command environment: Not usable outside of PowerShell
[2.270s] DEBUG:colcon.colcon_core.shell:Skip shell extension 'dsv' for command environment
[2.717s] DEBUG:colcon.colcon_core.event_handler.log_command:Invoking command in '/home/jackson/AI-RedBack-Vision/franka_ws/build/object_detector': PYTHONPATH=/home/jackson/AI-RedBack-Vision/franka_ws/build/object_detector/prefix_override:/home/jackson/AI-RedBack-Vision/franka_ws/install/object_detector/lib/python3.10/site-packages:${PYTHONPATH} /usr/bin/python3 setup.py develop --editable --build-directory /home/jackson/AI-RedBack-Vision/franka_ws/build/object_detector/build --no-deps install_data
[2.724s] DEBUG:colcon.colcon_core.event_handler.log_command:Invoking command in '/home/jackson/AI-RedBack-Vision/franka_ws/build/depth_estimator': PYTHONPATH=/home/jackson/AI-RedBack-Vision/franka_ws/build/depth_estimator/prefix_override:/home/jackson/AI-RedBack-Vision/franka_ws/install/depth_estimator/lib/python3.10/site-packages:${PYTHONPATH} /usr/bin/python3 setup.py develop --editable --build-directory /home/jackson/AI-RedBack-Vision/franka_ws/build/depth_estimator/build --no-deps install_data
[3.178s] Level 1:colcon.colcon_core.shell:create_environment_hook('object_detector', 'pythonpath_develop')
[3.179s] DEBUG:colcon.colcon_core.event_handler.log_command:Invoked command in '/home/jackson/AI-RedBack-Vision/franka_ws/build/object_detector' returned '0': PYTHONPATH=/home/jackson/AI-RedBack-Vision/franka_ws/build/object_detector/prefix_override:/home/jackson/AI-RedBack-Vision/franka_ws/install/object_detector/lib/python3.10/site-packages:${PYTHONPATH} /usr/bin/python3 setup.py develop --editable --build-directory /home/jackson/AI-RedBack-Vision/franka_ws/build/object_detector/build --no-deps install_data
[3.194s] INFO:colcon.colcon_core.shell:Creating environment hook '/home/jackson/AI-RedBack-Vision/franka_ws/build/object_detector/share/object_detector/hook/pythonpath_develop.ps1'
[3.195s] INFO:colcon.colcon_core.shell:Creating environment descriptor '/home/jackson/AI-RedBack-Vision/franka_ws/build/object_detector/share/object_detector/hook/pythonpath_develop.dsv'
[3.195s] INFO:colcon.colcon_core.shell:Creating environment hook '/home/jackson/AI-RedBack-Vision/franka_ws/build/object_detector/share/object_detector/hook/pythonpath_develop.sh'
[3.216s] Level 1:colcon.colcon_core.environment:checking '/home/jackson/AI-RedBack-Vision/franka_ws/install/object_detector' for CMake module files
[3.217s] Level 1:colcon.colcon_core.environment:checking '/home/jackson/AI-RedBack-Vision/franka_ws/install/object_detector' for CMake config files
[3.217s] Level 1:colcon.colcon_core.environment:checking '/home/jackson/AI-RedBack-Vision/franka_ws/install/object_detector/lib'
[3.217s] Level 1:colcon.colcon_core.environment:checking '/home/jackson/AI-RedBack-Vision/franka_ws/install/object_detector/bin'
[3.217s] Level 1:colcon.colcon_core.environment:checking '/home/jackson/AI-RedBack-Vision/franka_ws/install/object_detector/lib/pkgconfig/object_detector.pc'
[3.218s] Level 1:colcon.colcon_core.environment:checking '/home/jackson/AI-RedBack-Vision/franka_ws/install/object_detector/lib/python3.10/site-packages'
[3.218s] Level 1:colcon.colcon_core.shell:create_environment_hook('object_detector', 'pythonpath')
[3.234s] INFO:colcon.colcon_core.shell:Creating environment hook '/home/jackson/AI-RedBack-Vision/franka_ws/install/object_detector/share/object_detector/hook/pythonpath.ps1'
[3.234s] INFO:colcon.colcon_core.shell:Creating environment descriptor '/home/jackson/AI-RedBack-Vision/franka_ws/install/object_detector/share/object_detector/hook/pythonpath.dsv'
[3.235s] INFO:colcon.colcon_core.shell:Creating environment hook '/home/jackson/AI-RedBack-Vision/franka_ws/install/object_detector/share/object_detector/hook/pythonpath.sh'
[3.235s] Level 1:colcon.colcon_core.environment:checking '/home/jackson/AI-RedBack-Vision/franka_ws/install/object_detector/bin'
[3.235s] Level 1:colcon.colcon_core.environment:create_environment_scripts_only(object_detector)
[3.252s] INFO:colcon.colcon_core.shell:Creating package script '/home/jackson/AI-RedBack-Vision/franka_ws/install/object_detector/share/object_detector/package.ps1'
[3.254s] INFO:colcon.colcon_core.shell:Creating package descriptor '/home/jackson/AI-RedBack-Vision/franka_ws/install/object_detector/share/object_detector/package.dsv'
[3.255s] INFO:colcon.colcon_core.shell:Creating package script '/home/jackson/AI-RedBack-Vision/franka_ws/install/object_detector/share/object_detector/package.sh'
[3.256s] INFO:colcon.colcon_core.shell:Creating package script '/home/jackson/AI-RedBack-Vision/franka_ws/install/object_detector/share/object_detector/package.bash'
[3.257s] INFO:colcon.colcon_core.shell:Creating package script '/home/jackson/AI-RedBack-Vision/franka_ws/install/object_detector/share/object_detector/package.zsh'
[3.259s] Level 1:colcon.colcon_core.environment:create_file_with_runtime_dependencies(/home/jackson/AI-RedBack-Vision/franka_ws/install/object_detector/share/colcon-core/packages/object_detector)
[3.260s] Level 1:colcon.colcon_core.shell:create_environment_hook('depth_estimator', 'pythonpath_develop')
[3.261s] DEBUG:colcon.colcon_core.event_handler.log_command:Invoked command in '/home/jackson/AI-RedBack-Vision/franka_ws/build/depth_estimator' returned '0': PYTHONPATH=/home/jackson/AI-RedBack-Vision/franka_ws/build/depth_estimator/prefix_override:/home/jackson/AI-RedBack-Vision/franka_ws/install/depth_estimator/lib/python3.10/site-packages:${PYTHONPATH} /usr/bin/python3 setup.py develop --editable --build-directory /home/jackson/AI-RedBack-Vision/franka_ws/build/depth_estimator/build --no-deps install_data
[3.278s] INFO:colcon.colcon_core.shell:Creating environment hook '/home/jackson/AI-RedBack-Vision/franka_ws/build/depth_estimator/share/depth_estimator/hook/pythonpath_develop.ps1'
[3.278s] INFO:colcon.colcon_core.shell:Creating environment descriptor '/home/jackson/AI-RedBack-Vision/franka_ws/build/depth_estimator/share/depth_estimator/hook/pythonpath_develop.dsv'
[3.279s] INFO:colcon.colcon_core.shell:Creating environment hook '/home/jackson/AI-RedBack-Vision/franka_ws/build/depth_estimator/share/depth_estimator/hook/pythonpath_develop.sh'
[3.296s] Level 1:colcon.colcon_core.environment:checking '/home/jackson/AI-RedBack-Vision/franka_ws/install/depth_estimator' for CMake module files
[3.297s] Level 1:colcon.colcon_core.environment:checking '/home/jackson/AI-RedBack-Vision/franka_ws/install/depth_estimator' for CMake config files
[3.297s] Level 1:colcon.colcon_core.environment:checking '/home/jackson/AI-RedBack-Vision/franka_ws/install/depth_estimator/lib'
[3.297s] Level 1:colcon.colcon_core.environment:checking '/home/jackson/AI-RedBack-Vision/franka_ws/install/depth_estimator/bin'
[3.297s] Level 1:colcon.colcon_core.environment:checking '/home/jackson/AI-RedBack-Vision/franka_ws/install/depth_estimator/lib/pkgconfig/depth_estimator.pc'
[3.297s] Level 1:colcon.colcon_core.environment:checking '/home/jackson/AI-RedBack-Vision/franka_ws/install/depth_estimator/lib/python3.10/site-packages'
[3.297s] Level 1:colcon.colcon_core.shell:create_environment_hook('depth_estimator', 'pythonpath')
[3.313s] INFO:colcon.colcon_core.shell:Creating environment hook '/home/jackson/AI-RedBack-Vision/franka_ws/install/depth_estimator/share/depth_estimator/hook/pythonpath.ps1'
[3.314s] INFO:colcon.colcon_core.shell:Creating environment descriptor '/home/jackson/AI-RedBack-Vision/franka_ws/install/depth_estimator/share/depth_estimator/hook/pythonpath.dsv'
[3.315s] INFO:colcon.colcon_core.shell:Creating environment hook '/home/jackson/AI-RedBack-Vision/franka_ws/install/depth_estimator/share/depth_estimator/hook/pythonpath.sh'
[3.316s] Level 1:colcon.colcon_core.environment:checking '/home/jackson/AI-RedBack-Vision/franka_ws/install/depth_estimator/bin'
[3.316s] Level 1:colcon.colcon_core.environment:create_environment_scripts_only(depth_estimator)
[3.332s] INFO:colcon.colcon_core.shell:Creating package script '/home/jackson/AI-RedBack-Vision/franka_ws/install/depth_estimator/share/depth_estimator/package.ps1'
[3.333s] INFO:colcon.colcon_core.shell:Creating package descriptor '/home/jackson/AI-RedBack-Vision/franka_ws/install/depth_estimator/share/depth_estimator/package.dsv'
[3.333s] INFO:colcon.colcon_core.shell:Creating package script '/home/jackson/AI-RedBack-Vision/franka_ws/install/depth_estimator/share/depth_estimator/package.sh'
[3.334s] INFO:colcon.colcon_core.shell:Creating package script '/home/jackson/AI-RedBack-Vision/franka_ws/install/depth_estimator/share/depth_estimator/package.bash'
[3.334s] INFO:colcon.colcon_core.shell:Creating package script '/home/jackson/AI-RedBack-Vision/franka_ws/install/depth_estimator/share/depth_estimator/package.zsh'
[3.335s] Level 1:colcon.colcon_core.environment:create_file_with_runtime_dependencies(/home/jackson/AI-RedBack-Vision/franka_ws/install/depth_estimator/share/colcon-core/packages/depth_estimator)
[3.335s] DEBUG:colcon.colcon_parallel_executor.executor.parallel:closing loop
[3.335s] DEBUG:colcon.colcon_parallel_executor.executor.parallel:loop closed
[3.336s] DEBUG:colcon.colcon_parallel_executor.executor.parallel:run_until_complete finished with '0'
[3.336s] DEBUG:colcon.colcon_core.event_reactor:joining thread
[3.359s] INFO:colcon.colcon_core.plugin_system:Skipping extension 'colcon_notification.desktop_notification.terminal_notifier': Not used on non-Darwin systems
[3.359s] INFO:colcon.colcon_core.plugin_system:Skipping extension 'colcon_notification.desktop_notification.win32': Not used on non-Windows systems
[3.359s] INFO:colcon.colcon_notification.desktop_notification:Sending desktop notification using 'notify2'
[3.374s] DEBUG:colcon.colcon_core.event_reactor:joined thread
[3.391s] INFO:colcon.colcon_core.shell:Creating prefix script '/home/jackson/AI-RedBack-Vision/franka_ws/install/local_setup.ps1'
[3.392s] INFO:colcon.colcon_core.shell:Creating prefix util module '/home/jackson/AI-RedBack-Vision/franka_ws/install/_local_setup_util_ps1.py'
[3.393s] INFO:colcon.colcon_core.shell:Creating prefix chain script '/home/jackson/AI-RedBack-Vision/franka_ws/install/setup.ps1'
[3.411s] INFO:colcon.colcon_core.shell:Creating prefix script '/home/jackson/AI-RedBack-Vision/franka_ws/install/local_setup.sh'
[3.411s] INFO:colcon.colcon_core.shell:Creating prefix util module '/home/jackson/AI-RedBack-Vision/franka_ws/install/_local_setup_util_sh.py'
[3.412s] INFO:colcon.colcon_core.shell:Creating prefix chain script '/home/jackson/AI-RedBack-Vision/franka_ws/install/setup.sh'
[3.429s] INFO:colcon.colcon_core.shell:Creating prefix script '/home/jackson/AI-RedBack-Vision/franka_ws/install/local_setup.bash'
[3.430s] INFO:colcon.colcon_core.shell:Creating prefix chain script '/home/jackson/AI-RedBack-Vision/franka_ws/install/setup.bash'
[3.447s] INFO:colcon.colcon_core.shell:Creating prefix script '/home/jackson/AI-RedBack-Vision/franka_ws/install/local_setup.zsh'
[3.448s] INFO:colcon.colcon_core.shell:Creating prefix chain script '/home/jackson/AI-RedBack-Vision/franka_ws/install/setup.zsh'
