[0.717s] Invoking command in '/home/wagw/openpose_ws/build/openpose_controller': PYTHONPATH=/home/wagw/openpose_ws/build/openpose_controller/prefix_override:/home/wagw/openpose_ws/install/openpose_controller/lib/python3.10/site-packages:${PYTHONPATH} /usr/bin/python3 setup.py develop --uninstall --editable --build-directory /home/wagw/openpose_ws/build/openpose_controller/build
[0.961s] running develop
[1.110s] Removing /home/wagw/openpose_ws/install/openpose_controller/lib/python3.10/site-packages/openpose-controller.egg-link (link to .)
[1.136s] Invoked command in '/home/wagw/openpose_ws/build/openpose_controller' returned '0': PYTHONPATH=/home/wagw/openpose_ws/build/openpose_controller/prefix_override:/home/wagw/openpose_ws/install/openpose_controller/lib/python3.10/site-packages:${PYTHONPATH} /usr/bin/python3 setup.py develop --uninstall --editable --build-directory /home/wagw/openpose_ws/build/openpose_controller/build
[1.138s] Invoking command in '/home/wagw/openpose_ws/src/openpose_controller': PYTHONPATH=/home/wagw/openpose_ws/build/openpose_controller/prefix_override:/home/wagw/openpose_ws/install/openpose_controller/lib/python3.10/site-packages:${PYTHONPATH} /usr/bin/python3 setup.py egg_info --egg-base ../../build/openpose_controller build --build-base /home/wagw/openpose_ws/build/openpose_controller/build install --record /home/wagw/openpose_ws/build/openpose_controller/install.log --single-version-externally-managed
[1.359s] running egg_info
[1.359s] writing ../../build/openpose_controller/openpose_controller.egg-info/PKG-INFO
[1.359s] writing dependency_links to ../../build/openpose_controller/openpose_controller.egg-info/dependency_links.txt
[1.360s] writing entry points to ../../build/openpose_controller/openpose_controller.egg-info/entry_points.txt
[1.360s] writing requirements to ../../build/openpose_controller/openpose_controller.egg-info/requires.txt
[1.360s] writing top-level names to ../../build/openpose_controller/openpose_controller.egg-info/top_level.txt
[1.361s] reading manifest file '../../build/openpose_controller/openpose_controller.egg-info/SOURCES.txt'
[1.362s] writing manifest file '../../build/openpose_controller/openpose_controller.egg-info/SOURCES.txt'
[1.362s] running build
[1.362s] running build_py
[1.362s] copying openpose_controller/openpose_node backup.py -> /home/wagw/openpose_ws/build/openpose_controller/build/lib/openpose_controller
[1.362s] copying openpose_controller/openpose_node wrapper backup.py -> /home/wagw/openpose_ws/build/openpose_controller/build/lib/openpose_controller
[1.363s] copying openpose_controller/openpose_node.py -> /home/wagw/openpose_ws/build/openpose_controller/build/lib/openpose_controller
[1.363s] running install
[1.363s] running install_lib
[1.364s] creating /home/wagw/openpose_ws/install/openpose_controller/lib/python3.10/site-packages/openpose_controller
[1.364s] copying /home/wagw/openpose_ws/build/openpose_controller/build/lib/openpose_controller/openpose_node_video.py -> /home/wagw/openpose_ws/install/openpose_controller/lib/python3.10/site-packages/openpose_controller
[1.364s] copying /home/wagw/openpose_ws/build/openpose_controller/build/lib/openpose_controller/openpose_node backup.py -> /home/wagw/openpose_ws/install/openpose_controller/lib/python3.10/site-packages/openpose_controller
[1.364s] copying /home/wagw/openpose_ws/build/openpose_controller/build/lib/openpose_controller/openpose_node wrapper backup.py -> /home/wagw/openpose_ws/install/openpose_controller/lib/python3.10/site-packages/openpose_controller
[1.365s] copying /home/wagw/openpose_ws/build/openpose_controller/build/lib/openpose_controller/openpose_node.py -> /home/wagw/openpose_ws/install/openpose_controller/lib/python3.10/site-packages/openpose_controller
[1.365s] copying /home/wagw/openpose_ws/build/openpose_controller/build/lib/openpose_controller/__init__.py -> /home/wagw/openpose_ws/install/openpose_controller/lib/python3.10/site-packages/openpose_controller
[1.365s] byte-compiling /home/wagw/openpose_ws/install/openpose_controller/lib/python3.10/site-packages/openpose_controller/openpose_node_video.py to openpose_node_video.cpython-310.pyc
[1.366s] byte-compiling /home/wagw/openpose_ws/install/openpose_controller/lib/python3.10/site-packages/openpose_controller/openpose_node backup.py to openpose_node backup.cpython-310.pyc
[1.366s] byte-compiling /home/wagw/openpose_ws/install/openpose_controller/lib/python3.10/site-packages/openpose_controller/openpose_node wrapper backup.py to openpose_node wrapper backup.cpython-310.pyc
[1.367s] byte-compiling /home/wagw/openpose_ws/install/openpose_controller/lib/python3.10/site-packages/openpose_controller/openpose_node.py to openpose_node.cpython-310.pyc
[1.367s] byte-compiling /home/wagw/openpose_ws/install/openpose_controller/lib/python3.10/site-packages/openpose_controller/__init__.py to __init__.cpython-310.pyc
[1.367s] running install_data
[1.368s] running install_egg_info
[1.369s] Copying ../../build/openpose_controller/openpose_controller.egg-info to /home/wagw/openpose_ws/install/openpose_controller/lib/python3.10/site-packages/openpose_controller-0.0.0-py3.10.egg-info
[1.371s] running install_scripts
[1.387s] Installing openpose_node script to /home/wagw/openpose_ws/install/openpose_controller/lib/openpose_controller
[1.387s] writing list of installed files to '/home/wagw/openpose_ws/build/openpose_controller/install.log'
[1.406s] Invoked command in '/home/wagw/openpose_ws/src/openpose_controller' returned '0': PYTHONPATH=/home/wagw/openpose_ws/build/openpose_controller/prefix_override:/home/wagw/openpose_ws/install/openpose_controller/lib/python3.10/site-packages:${PYTHONPATH} /usr/bin/python3 setup.py egg_info --egg-base ../../build/openpose_controller build --build-base /home/wagw/openpose_ws/build/openpose_controller/build install --record /home/wagw/openpose_ws/build/openpose_controller/install.log --single-version-externally-managed
