[0.807s] Invoking command in '/home/wagw/openpose_ws/build/openpose_controller': PYTHONPATH=/home/wagw/openpose_ws/build/openpose_controller/prefix_override:/home/wagw/openpose_ws/install/openpose_controller/lib/python3.10/site-packages:${PYTHONPATH} /usr/bin/python3 setup.py develop --uninstall --editable --build-directory /home/wagw/openpose_ws/build/openpose_controller/build
[1.046s] running develop
[1.197s] Removing /home/wagw/openpose_ws/install/openpose_controller/lib/python3.10/site-packages/openpose-controller.egg-link (link to .)
[1.225s] Invoked command in '/home/wagw/openpose_ws/build/openpose_controller' returned '0': PYTHONPATH=/home/wagw/openpose_ws/build/openpose_controller/prefix_override:/home/wagw/openpose_ws/install/openpose_controller/lib/python3.10/site-packages:${PYTHONPATH} /usr/bin/python3 setup.py develop --uninstall --editable --build-directory /home/wagw/openpose_ws/build/openpose_controller/build
[1.225s] Invoking command in '/home/wagw/openpose_ws/src/openpose_controller': PYTHONPATH=/home/wagw/openpose_ws/build/openpose_controller/prefix_override:/home/wagw/openpose_ws/install/openpose_controller/lib/python3.10/site-packages:${PYTHONPATH} /usr/bin/python3 setup.py egg_info --egg-base ../../build/openpose_controller build --build-base /home/wagw/openpose_ws/build/openpose_controller/build install --record /home/wagw/openpose_ws/build/openpose_controller/install.log --single-version-externally-managed
[1.449s] running egg_info
[1.449s] writing ../../build/openpose_controller/openpose_controller.egg-info/PKG-INFO
[1.450s] writing dependency_links to ../../build/openpose_controller/openpose_controller.egg-info/dependency_links.txt
[1.450s] writing entry points to ../../build/openpose_controller/openpose_controller.egg-info/entry_points.txt
[1.450s] writing requirements to ../../build/openpose_controller/openpose_controller.egg-info/requires.txt
[1.450s] writing top-level names to ../../build/openpose_controller/openpose_controller.egg-info/top_level.txt
[1.452s] reading manifest file '../../build/openpose_controller/openpose_controller.egg-info/SOURCES.txt'
[1.453s] writing manifest file '../../build/openpose_controller/openpose_controller.egg-info/SOURCES.txt'
[1.453s] running build
[1.453s] running build_py
[1.453s] copying openpose_controller/openpose_node_video.py -> /home/wagw/openpose_ws/build/openpose_controller/build/lib/openpose_controller
[1.454s] copying openpose_controller/openpose_node.py -> /home/wagw/openpose_ws/build/openpose_controller/build/lib/openpose_controller
[1.454s] running install
[1.454s] running install_lib
[1.454s] creating /home/wagw/openpose_ws/install/openpose_controller/lib/python3.10/site-packages/openpose_controller
[1.455s] copying /home/wagw/openpose_ws/build/openpose_controller/build/lib/openpose_controller/openpose_node_video.py -> /home/wagw/openpose_ws/install/openpose_controller/lib/python3.10/site-packages/openpose_controller
[1.455s] copying /home/wagw/openpose_ws/build/openpose_controller/build/lib/openpose_controller/openpose_node.py -> /home/wagw/openpose_ws/install/openpose_controller/lib/python3.10/site-packages/openpose_controller
[1.455s] copying /home/wagw/openpose_ws/build/openpose_controller/build/lib/openpose_controller/__init__.py -> /home/wagw/openpose_ws/install/openpose_controller/lib/python3.10/site-packages/openpose_controller
[1.456s] byte-compiling /home/wagw/openpose_ws/install/openpose_controller/lib/python3.10/site-packages/openpose_controller/openpose_node_video.py to openpose_node_video.cpython-310.pyc
[1.457s] byte-compiling /home/wagw/openpose_ws/install/openpose_controller/lib/python3.10/site-packages/openpose_controller/openpose_node.py to openpose_node.cpython-310.pyc
[1.458s] byte-compiling /home/wagw/openpose_ws/install/openpose_controller/lib/python3.10/site-packages/openpose_controller/__init__.py to __init__.cpython-310.pyc
[1.458s] running install_data
[1.458s] running install_egg_info
[1.460s] Copying ../../build/openpose_controller/openpose_controller.egg-info to /home/wagw/openpose_ws/install/openpose_controller/lib/python3.10/site-packages/openpose_controller-0.0.0-py3.10.egg-info
[1.461s] running install_scripts
[1.478s] Installing openpose_node script to /home/wagw/openpose_ws/install/openpose_controller/lib/openpose_controller
[1.478s] writing list of installed files to '/home/wagw/openpose_ws/build/openpose_controller/install.log'
[1.496s] Invoked command in '/home/wagw/openpose_ws/src/openpose_controller' returned '0': PYTHONPATH=/home/wagw/openpose_ws/build/openpose_controller/prefix_override:/home/wagw/openpose_ws/install/openpose_controller/lib/python3.10/site-packages:${PYTHONPATH} /usr/bin/python3 setup.py egg_info --egg-base ../../build/openpose_controller build --build-base /home/wagw/openpose_ws/build/openpose_controller/build install --record /home/wagw/openpose_ws/build/openpose_controller/install.log --single-version-externally-managed
