[0.881s] Invoking command in '/home/wagw/openpose_ws/src/openpose_controller': PYTHONPATH=/home/wagw/openpose_ws/build/openpose_controller/prefix_override:/home/wagw/openpose_ws/install/openpose_controller/lib/python3.10/site-packages:${PYTHONPATH} /usr/bin/python3 setup.py egg_info --egg-base ../../build/openpose_controller build --build-base /home/wagw/openpose_ws/build/openpose_controller/build install --record /home/wagw/openpose_ws/build/openpose_controller/install.log --single-version-externally-managed
[1.101s] running egg_info
[1.102s] writing ../../build/openpose_controller/openpose_controller.egg-info/PKG-INFO
[1.102s] writing dependency_links to ../../build/openpose_controller/openpose_controller.egg-info/dependency_links.txt
[1.103s] writing entry points to ../../build/openpose_controller/openpose_controller.egg-info/entry_points.txt
[1.103s] writing requirements to ../../build/openpose_controller/openpose_controller.egg-info/requires.txt
[1.103s] writing top-level names to ../../build/openpose_controller/openpose_controller.egg-info/top_level.txt
[1.104s] reading manifest file '../../build/openpose_controller/openpose_controller.egg-info/SOURCES.txt'
[1.105s] writing manifest file '../../build/openpose_controller/openpose_controller.egg-info/SOURCES.txt'
[1.105s] running build
[1.105s] running build_py
[1.105s] copying openpose_controller/openpose_node.py -> /home/wagw/openpose_ws/build/openpose_controller/build/lib/openpose_controller
[1.106s] running install
[1.106s] running install_lib
[1.106s] copying /home/wagw/openpose_ws/build/openpose_controller/build/lib/openpose_controller/openpose_node.py -> /home/wagw/openpose_ws/install/openpose_controller/lib/python3.10/site-packages/openpose_controller
[1.107s] byte-compiling /home/wagw/openpose_ws/install/openpose_controller/lib/python3.10/site-packages/openpose_controller/openpose_node.py to openpose_node.cpython-310.pyc
[1.108s] running install_data
[1.108s] running install_egg_info
[1.109s] removing '/home/wagw/openpose_ws/install/openpose_controller/lib/python3.10/site-packages/openpose_controller-0.0.0-py3.10.egg-info' (and everything under it)
[1.110s] Copying ../../build/openpose_controller/openpose_controller.egg-info to /home/wagw/openpose_ws/install/openpose_controller/lib/python3.10/site-packages/openpose_controller-0.0.0-py3.10.egg-info
[1.112s] running install_scripts
[1.129s] Installing openpose_node script to /home/wagw/openpose_ws/install/openpose_controller/lib/openpose_controller
[1.130s] writing list of installed files to '/home/wagw/openpose_ws/build/openpose_controller/install.log'
[1.149s] Invoked command in '/home/wagw/openpose_ws/src/openpose_controller' returned '0': PYTHONPATH=/home/wagw/openpose_ws/build/openpose_controller/prefix_override:/home/wagw/openpose_ws/install/openpose_controller/lib/python3.10/site-packages:${PYTHONPATH} /usr/bin/python3 setup.py egg_info --egg-base ../../build/openpose_controller build --build-base /home/wagw/openpose_ws/build/openpose_controller/build install --record /home/wagw/openpose_ws/build/openpose_controller/install.log --single-version-externally-managed
